{"contracts\\AFiBase.sol":{"l":{"160":97,"161":97,"162":97,"163":97,"164":97,"165":97,"166":97,"167":97,"168":97,"169":97,"170":97,"171":97,"172":97,"173":97,"174":97,"175":97,"176":97,"177":97,"182":97,"191":97,"192":97,"193":97,"194":97,"195":97,"196":97,"197":97,"198":97,"199":97,"200":291,"201":291,"204":97,"208":41,"212":293,"213":293,"217":1078,"221":4,"222":4,"224":4,"225":4,"231":23,"232":10,"237":2,"238":2,"239":2,"240":2,"248":2,"249":2,"250":2,"251":2,"252":2,"253":2,"257":3,"261":1,"262":1,"271":173,"272":171,"280":7,"281":5,"288":80,"297":88,"298":88,"302":88,"303":88,"307":41,"311":6,"320":240,"324":615,"328":740,"332":407,"336":197,"340":944,"344":157,"351":6,"352":4,"354":2,"356":4,"360":4,"361":4,"365":3,"366":2,"367":2,"368":2,"371":2,"372":2,"373":1,"375":2,"379":293,"386":10,"396":10,"397":10,"398":10,"399":10,"400":8,"401":6,"411":8,"412":8,"415":8,"419":165,"431":72,"433":72,"434":72,"436":72,"439":1,"447":55,"449":72,"450":1,"452":72,"456":73,"468":365,"469":365,"470":328,"481":35,"495":23,"499":163,"503":134,"507":145,"508":3,"511":144,"512":140,"513":140,"515":140,"517":138,"518":134,"519":134,"520":134,"521":134,"522":134,"524":134,"534":134,"536":134,"537":134,"542":134,"546":135,"554":26,"555":26,"556":25,"557":25,"561":30,"575":24,"576":23,"577":22,"578":21,"580":21,"581":21,"583":21,"597":21,"599":19,"600":19,"601":19,"603":19,"604":19,"608":19,"609":19,"610":19,"614":211,"626":201,"627":201,"639":564,"651":564,"653":564,"654":563,"663":1,"672":563,"683":563,"702":563,"703":563,"709":95,"717":95,"721":95,"723":468,"731":468,"735":468,"737":563,"748":1,"750":1,"751":1,"760":1,"761":1,"762":1,"763":1,"765":1,"767":1,"769":1,"771":1,"773":0,"774":0,"776":0,"778":0,"792":10,"793":10,"797":216,"807":11,"809":11,"810":11,"819":5,"820":5,"830":143,"832":143,"833":143,"843":7,"845":7,"846":7,"850":1026,"851":1026,"852":1013,"862":48,"863":48,"872":2,"873":2,"881":9,"882":8,"890":977,"899":161,"914":2,"915":2,"916":2,"917":2,"919":2,"934":571,"942":105,"943":105,"948":105,"949":105,"950":105,"951":487,"952":487,"953":487,"954":487,"955":487,"956":487,"967":32,"968":32,"972":73,"984":32,"985":32,"986":32,"992":334,"996":439,"1007":2,"1008":2,"1009":1,"1011":1,"1013":2,"1014":2,"1025":7,"1026":7,"1027":2,"1028":1,"1030":1,"1034":7,"1035":4,"1036":4,"1037":0,"1039":4,"1041":7,"1042":1,"1043":1,"1044":1,"1053":1,"1054":1,"1064":2,"1065":2,"1066":2,"1067":2,"1068":2,"1072":9,"1082":25,"1093":15,"1094":15,"1103":1,"1112":74,"1113":2,"1115":72,"1120":1,"1121":1,"1122":1,"1123":1,"1124":1,"1125":1,"1129":9,"1136":2,"1137":2,"1138":2,"1140":1,"1141":1,"1143":1,"1144":1,"1146":1,"1147":1,"1149":1,"1150":1,"1152":1,"1159":135,"1160":135},"path":"C:\\Users\\Rakhi\\EthStageOptimized\\contracts\\AFiBase.sol","s":{"1":97,"2":97,"3":97,"4":97,"5":97,"6":97,"7":97,"8":97,"9":97,"10":97,"11":97,"12":97,"13":291,"14":291,"15":97,"16":41,"17":293,"18":293,"19":1078,"20":4,"21":4,"22":4,"23":23,"24":2,"25":2,"26":2,"27":2,"28":2,"29":2,"30":2,"31":2,"32":2,"33":2,"34":1,"35":173,"36":7,"37":80,"38":88,"39":88,"40":41,"41":6,"42":240,"43":615,"44":740,"45":407,"46":197,"47":944,"48":157,"49":6,"50":4,"51":2,"52":3,"53":2,"54":2,"55":2,"56":2,"57":2,"58":1,"59":2,"60":10,"61":10,"62":10,"63":10,"64":8,"65":6,"66":8,"67":165,"68":72,"69":72,"70":72,"71":72,"72":71,"73":72,"74":72,"75":365,"76":365,"77":328,"78":37,"79":35,"80":23,"81":134,"82":145,"83":3,"84":144,"85":140,"86":140,"87":140,"88":138,"89":134,"90":134,"91":134,"92":134,"93":134,"94":134,"95":134,"96":134,"97":134,"98":135,"99":26,"100":26,"101":25,"102":25,"103":30,"104":24,"105":23,"106":22,"107":21,"108":21,"109":21,"110":21,"111":21,"112":19,"113":19,"114":19,"115":19,"116":19,"117":19,"118":211,"119":201,"120":564,"121":564,"122":564,"123":1,"124":563,"125":563,"126":563,"127":563,"128":95,"129":95,"130":468,"131":468,"132":563,"133":1,"134":1,"135":1,"136":1,"137":1,"138":1,"139":1,"140":1,"141":1,"142":1,"143":1,"144":0,"145":0,"146":0,"147":0,"148":10,"149":10,"150":216,"151":11,"152":11,"153":11,"154":5,"155":5,"156":143,"157":143,"158":143,"159":7,"160":7,"161":7,"162":1026,"163":1026,"164":1013,"165":48,"166":48,"167":2,"168":2,"169":9,"170":8,"171":977,"172":161,"173":2,"174":2,"175":2,"176":2,"177":571,"178":105,"179":105,"180":105,"181":105,"182":105,"183":487,"184":487,"185":487,"186":32,"187":73,"188":32,"189":334,"190":439,"191":2,"192":2,"193":1,"194":1,"195":2,"196":2,"197":7,"198":7,"199":2,"200":7,"201":4,"202":4,"203":7,"204":1,"205":1,"206":2,"207":2,"208":2,"209":2,"210":2,"211":9,"212":25,"213":15,"214":74,"215":2,"216":72,"217":1,"218":1,"219":1,"220":1,"221":9,"222":2,"223":2,"224":2,"225":1,"226":1,"227":1,"228":1,"229":1,"230":1,"231":1},"b":{"1":[97,0],"2":[97,0],"3":[10,13],"4":[3,0],"5":[88,0],"6":[88,0],"7":[601,14],"8":[737,3],"9":[405,2],"10":[207,198],"11":[195,2],"12":[940,4],"13":[156,1],"14":[6,0],"15":[4,2],"16":[3,1],"17":[2,0],"18":[1,1],"19":[10,0],"20":[8,2],"21":[1,71],"22":[55,16],"23":[54,1],"24":[1,71],"25":[328,37],"26":[35,2],"27":[145,0],"28":[3,142],"29":[24,0],"30":[563,1],"31":[563,0],"32":[1,0],"33":[95,468],"34":[21,65],"35":[65,5],"36":[5,4],"37":[1013,13],"38":[9,0],"39":[2,0],"40":[1,1],"41":[2,5],"42":[1,1],"43":[4,3],"44":[0,4],"45":[1,6],"46":[1,0],"47":[1,0],"48":[2,72],"49":[1,0],"50":[9,0],"51":[1,0]},"f":{"1":273,"2":97,"3":97,"4":41,"5":293,"6":1078,"7":4,"8":23,"9":2,"10":2,"11":3,"12":1,"13":173,"14":7,"15":80,"16":88,"17":88,"18":41,"19":6,"20":240,"21":615,"22":740,"23":407,"24":197,"25":944,"26":157,"27":6,"28":4,"29":3,"30":293,"31":10,"32":10,"33":165,"34":72,"35":73,"36":365,"37":23,"38":163,"39":134,"40":145,"41":135,"42":26,"43":30,"44":24,"45":19,"46":211,"47":201,"48":564,"49":564,"50":563,"51":563,"52":1,"53":10,"54":216,"55":11,"56":5,"57":143,"58":7,"59":1026,"60":48,"61":2,"62":9,"63":977,"64":161,"65":2,"66":571,"67":105,"68":32,"69":73,"70":32,"71":334,"72":439,"73":2,"74":7,"75":1,"76":2,"77":9,"78":25,"79":15,"80":1,"81":74,"82":1,"83":9,"84":2,"85":135},"fnMap":{"1":{"name":"constructor","line":148,"loc":{"start":{"line":148,"column":2},"end":{"line":148,"column":81}}},"2":{"name":"initialize","line":159,"loc":{"start":{"line":150,"column":2},"end":{"line":183,"column":2}}},"3":{"name":"initializeToken","line":190,"loc":{"start":{"line":185,"column":2},"end":{"line":205,"column":2}}},"4":{"name":"getNonWithdrawableShares","line":207,"loc":{"start":{"line":207,"column":2},"end":{"line":209,"column":2}}},"5":{"name":"updatetoken","line":211,"loc":{"start":{"line":211,"column":2},"end":{"line":214,"column":2}}},"6":{"name":"getcSwapCounter","line":216,"loc":{"start":{"line":216,"column":2},"end":{"line":218,"column":2}}},"7":{"name":"transferValidationAndSet","line":220,"loc":{"start":{"line":220,"column":2},"end":{"line":228,"column":2}}},"8":{"name":"checkNav","line":230,"loc":{"start":{"line":230,"column":2},"end":{"line":234,"column":2}}},"9":{"name":"transfer","line":236,"loc":{"start":{"line":236,"column":2},"end":{"line":241,"column":2}}},"10":{"name":"transferFrom","line":243,"loc":{"start":{"line":243,"column":2},"end":{"line":254,"column":2}}},"11":{"name":"setAfiTransferability","line":256,"loc":{"start":{"line":256,"column":2},"end":{"line":258,"column":2}}},"12":{"name":"reinitializeHappened","line":260,"loc":{"start":{"line":260,"column":2},"end":{"line":263,"column":2}}},"13":{"name":"pauseUnpauseDeposit","line":270,"loc":{"start":{"line":270,"column":2},"end":{"line":273,"column":2}}},"14":{"name":"pauseWithdraw","line":279,"loc":{"start":{"line":279,"column":2},"end":{"line":282,"column":2}}},"15":{"name":"isPaused","line":287,"loc":{"start":{"line":287,"column":2},"end":{"line":289,"column":2}}},"16":{"name":"setplatformWallet","line":296,"loc":{"start":{"line":296,"column":2},"end":{"line":299,"column":2}}},"17":{"name":"setMinDepLimit","line":301,"loc":{"start":{"line":301,"column":2},"end":{"line":304,"column":2}}},"18":{"name":"getplatformWallet","line":306,"loc":{"start":{"line":306,"column":2},"end":{"line":308,"column":2}}},"19":{"name":"getPreSwapDepositLimit","line":310,"loc":{"start":{"line":310,"column":2},"end":{"line":312,"column":2}}},"20":{"name":"getTVLandRebalContractandType","line":314,"loc":{"start":{"line":314,"column":2},"end":{"line":321,"column":2}}},"21":{"name":"checkFalse","line":323,"loc":{"start":{"line":323,"column":2},"end":{"line":325,"column":2}}},"22":{"name":"addressEqual","line":327,"loc":{"start":{"line":327,"column":2},"end":{"line":329,"column":2}}},"23":{"name":"twoAddressCompare","line":331,"loc":{"start":{"line":331,"column":2},"end":{"line":333,"column":2}}},"24":{"name":"addressCheck","line":335,"loc":{"start":{"line":335,"column":2},"end":{"line":337,"column":2}}},"25":{"name":"greaterEqualComparison","line":339,"loc":{"start":{"line":339,"column":2},"end":{"line":341,"column":2}}},"26":{"name":"greaterComparision","line":343,"loc":{"start":{"line":343,"column":2},"end":{"line":345,"column":2}}},"27":{"name":"togglePauseDepositTokenForWithdrawals","line":350,"loc":{"start":{"line":347,"column":2},"end":{"line":357,"column":2}}},"28":{"name":"checkTokInList","line":359,"loc":{"start":{"line":359,"column":2},"end":{"line":362,"column":2}}},"29":{"name":"addToWhitelist","line":364,"loc":{"start":{"line":364,"column":2},"end":{"line":376,"column":2}}},"30":{"name":"setWhitelistedTok","line":378,"loc":{"start":{"line":378,"column":2},"end":{"line":380,"column":2}}},"31":{"name":"getPreDepositTokensBalance","line":382,"loc":{"start":{"line":382,"column":2},"end":{"line":387,"column":2}}},"32":{"name":"removeFromWhitelist","line":395,"loc":{"start":{"line":389,"column":2},"end":{"line":416,"column":2}}},"33":{"name":"contractTransfers","line":418,"loc":{"start":{"line":418,"column":2},"end":{"line":420,"column":2}}},"34":{"name":"underlyingTokensStaking","line":427,"loc":{"start":{"line":427,"column":2},"end":{"line":453,"column":2}}},"35":{"name":"increasecsCounter","line":455,"loc":{"start":{"line":455,"column":2},"end":{"line":457,"column":2}}},"36":{"name":"swap","line":459,"loc":{"start":{"line":459,"column":2},"end":{"line":492,"column":2}}},"37":{"name":"isOTokenWhitelisted","line":494,"loc":{"start":{"line":494,"column":2},"end":{"line":496,"column":2}}},"38":{"name":"updateTVL","line":498,"loc":{"start":{"line":498,"column":2},"end":{"line":500,"column":2}}},"39":{"name":"tokenTransfer","line":502,"loc":{"start":{"line":502,"column":2},"end":{"line":504,"column":2}}},"40":{"name":"deposit","line":506,"loc":{"start":{"line":506,"column":2},"end":{"line":543,"column":2}}},"41":{"name":"setPreDeposit","line":545,"loc":{"start":{"line":545,"column":2},"end":{"line":547,"column":2}}},"42":{"name":"validateWithdraw","line":549,"loc":{"start":{"line":549,"column":2},"end":{"line":558,"column":2}}},"43":{"name":"validateShares","line":560,"loc":{"start":{"line":560,"column":2},"end":{"line":566,"column":2}}},"44":{"name":"withdraw","line":574,"loc":{"start":{"line":568,"column":2},"end":{"line":605,"column":2}}},"45":{"name":"burn","line":607,"loc":{"start":{"line":607,"column":2},"end":{"line":611,"column":2}}},"46":{"name":"compareManagerAndStorage","line":613,"loc":{"start":{"line":613,"column":2},"end":{"line":615,"column":2}}},"47":{"name":"swapfromSelectiveDex","line":617,"loc":{"start":{"line":617,"column":2},"end":{"line":636,"column":2}}},"48":{"name":"getDexType","line":638,"loc":{"start":{"line":638,"column":2},"end":{"line":640,"column":2}}},"49":{"name":"_routeSwap","line":642,"loc":{"start":{"line":642,"column":2},"end":{"line":673,"column":2}}},"50":{"name":"getdatastruct","line":675,"loc":{"start":{"line":675,"column":2},"end":{"line":692,"column":2}}},"51":{"name":"_uniswapV3Router","line":694,"loc":{"start":{"line":694,"column":2},"end":{"line":738,"column":2}}},"52":{"name":"_oneInchRouter","line":740,"loc":{"start":{"line":740,"column":2},"end":{"line":779,"column":2}}},"53":{"name":"sendProfitOrFeeToManager","line":787,"loc":{"start":{"line":787,"column":2},"end":{"line":794,"column":2}}},"54":{"name":"checkStorage","line":796,"loc":{"start":{"line":796,"column":2},"end":{"line":798,"column":2}}},"55":{"name":"_supplyCompV3","line":806,"loc":{"start":{"line":806,"column":2},"end":{"line":811,"column":2}}},"56":{"name":"_withdrawCompoundV3","line":818,"loc":{"start":{"line":818,"column":2},"end":{"line":821,"column":2}}},"57":{"name":"_supplyAave","line":829,"loc":{"start":{"line":829,"column":2},"end":{"line":834,"column":2}}},"58":{"name":"_supplyCompound","line":842,"loc":{"start":{"line":842,"column":2},"end":{"line":847,"column":2}}},"59":{"name":"approval","line":849,"loc":{"start":{"line":849,"column":2},"end":{"line":854,"column":2}}},"60":{"name":"_withdrawAave","line":861,"loc":{"start":{"line":861,"column":2},"end":{"line":864,"column":2}}},"61":{"name":"_withdrawCompound","line":871,"loc":{"start":{"line":871,"column":2},"end":{"line":874,"column":2}}},"62":{"name":"updatePoolData","line":880,"loc":{"start":{"line":880,"column":2},"end":{"line":883,"column":2}}},"63":{"name":"getUTokens","line":889,"loc":{"start":{"line":889,"column":2},"end":{"line":891,"column":2}}},"64":{"name":"getProportions","line":893,"loc":{"start":{"line":893,"column":2},"end":{"line":900,"column":2}}},"65":{"name":"setUnstakeData","line":911,"loc":{"start":{"line":911,"column":2},"end":{"line":920,"column":2}}},"66":{"name":"getInputToken","line":928,"loc":{"start":{"line":928,"column":2},"end":{"line":935,"column":2}}},"67":{"name":"setInitialValues","line":941,"loc":{"start":{"line":941,"column":2},"end":{"line":964,"column":2}}},"68":{"name":"updateuTokAndProp","line":966,"loc":{"start":{"line":966,"column":2},"end":{"line":969,"column":2}}},"69":{"name":"checkManager","line":971,"loc":{"start":{"line":971,"column":2},"end":{"line":973,"column":2}}},"70":{"name":"updateDp","line":980,"loc":{"start":{"line":980,"column":2},"end":{"line":987,"column":2}}},"71":{"name":"_lendingPool","line":991,"loc":{"start":{"line":991,"column":2},"end":{"line":993,"column":2}}},"72":{"name":"checkOracle","line":995,"loc":{"start":{"line":995,"column":2},"end":{"line":997,"column":2}}},"73":{"name":"stakeShares","line":1006,"loc":{"start":{"line":1006,"column":2},"end":{"line":1015,"column":2}}},"74":{"name":"updateLockedTokens","line":1017,"loc":{"start":{"line":1017,"column":2},"end":{"line":1046,"column":2}}},"75":{"name":"updateTimeLockContract","line":1052,"loc":{"start":{"line":1052,"column":2},"end":{"line":1055,"column":2}}},"76":{"name":"emergencyWithdraw","line":1063,"loc":{"start":{"line":1063,"column":2},"end":{"line":1069,"column":2}}},"77":{"name":"checkDelayModule","line":1071,"loc":{"start":{"line":1071,"column":2},"end":{"line":1073,"column":2}}},"78":{"name":"balance","line":1081,"loc":{"start":{"line":1081,"column":2},"end":{"line":1083,"column":2}}},"79":{"name":"updateInputTokens","line":1090,"loc":{"start":{"line":1090,"column":2},"end":{"line":1095,"column":2}}},"80":{"name":"updatePreSwapDepositLimit","line":1102,"loc":{"start":{"line":1102,"column":2},"end":{"line":1104,"column":2}}},"81":{"name":"depositUserNav","line":1111,"loc":{"start":{"line":1111,"column":2},"end":{"line":1117,"column":2}}},"82":{"name":"migration","line":1119,"loc":{"start":{"line":1119,"column":2},"end":{"line":1126,"column":2}}},"83":{"name":"checkEqual","line":1128,"loc":{"start":{"line":1128,"column":2},"end":{"line":1133,"column":2}}},"84":{"name":"exchangeToken","line":1135,"loc":{"start":{"line":1135,"column":2},"end":{"line":1156,"column":2}}},"85":{"name":"makeUpdates","line":1158,"loc":{"start":{"line":1158,"column":2},"end":{"line":1161,"column":2}}}},"statementMap":{"1":{"start":{"line":160,"column":4},"end":{"line":160,"column":21}},"2":{"start":{"line":162,"column":4},"end":{"line":162,"column":37}},"3":{"start":{"line":165,"column":4},"end":{"line":165,"column":31}},"4":{"start":{"line":170,"column":4},"end":{"line":170,"column":71}},"5":{"start":{"line":174,"column":4},"end":{"line":174,"column":25}},"6":{"start":{"line":176,"column":4},"end":{"line":176,"column":61}},"7":{"start":{"line":177,"column":4},"end":{"line":177,"column":6188}},"8":{"start":{"line":182,"column":4},"end":{"line":182,"column":63}},"9":{"start":{"line":191,"column":4},"end":{"line":191,"column":21}},"10":{"start":{"line":196,"column":4},"end":{"line":196,"column":57}},"11":{"start":{"line":197,"column":4},"end":{"line":197,"column":29}},"12":{"start":{"line":199,"column":6},"end":{"line":199,"column":6830}},"13":{"start":{"line":200,"column":8},"end":{"line":200,"column":29}},"14":{"start":{"line":201,"column":8},"end":{"line":201,"column":35}},"15":{"start":{"line":204,"column":4},"end":{"line":204,"column":63}},"16":{"start":{"line":208,"column":4},"end":{"line":208,"column":54}},"17":{"start":{"line":212,"column":4},"end":{"line":212,"column":18}},"18":{"start":{"line":213,"column":4},"end":{"line":213,"column":37}},"19":{"start":{"line":217,"column":4},"end":{"line":217,"column":23}},"20":{"start":{"line":221,"column":4},"end":{"line":221,"column":34}},"21":{"start":{"line":222,"column":4},"end":{"line":222,"column":24}},"22":{"start":{"line":224,"column":4},"end":{"line":224,"column":32}},"23":{"start":{"line":231,"column":4},"end":{"line":231,"column":7809}},"24":{"start":{"line":237,"column":4},"end":{"line":237,"column":53}},"25":{"start":{"line":238,"column":4},"end":{"line":238,"column":38}},"26":{"start":{"line":239,"column":4},"end":{"line":239,"column":25}},"27":{"start":{"line":240,"column":4},"end":{"line":240,"column":15}},"28":{"start":{"line":248,"column":4},"end":{"line":248,"column":45}},"29":{"start":{"line":249,"column":4},"end":{"line":249,"column":34}},"30":{"start":{"line":250,"column":4},"end":{"line":250,"column":41}},"31":{"start":{"line":251,"column":4},"end":{"line":251,"column":30}},"32":{"start":{"line":252,"column":4},"end":{"line":252,"column":17}},"33":{"start":{"line":253,"column":4},"end":{"line":253,"column":15}},"34":{"start":{"line":261,"column":4},"end":{"line":261,"column":43}},"35":{"start":{"line":271,"column":4},"end":{"line":271,"column":87}},"36":{"start":{"line":280,"column":4},"end":{"line":280,"column":21}},"37":{"start":{"line":288,"column":4},"end":{"line":288,"column":42}},"38":{"start":{"line":297,"column":4},"end":{"line":297,"column":44}},"39":{"start":{"line":302,"column":4},"end":{"line":302,"column":37}},"40":{"start":{"line":307,"column":4},"end":{"line":307,"column":25}},"41":{"start":{"line":311,"column":4},"end":{"line":311,"column":30}},"42":{"start":{"line":320,"column":4},"end":{"line":320,"column":56}},"43":{"start":{"line":324,"column":4},"end":{"line":324,"column":25}},"44":{"start":{"line":328,"column":4},"end":{"line":328,"column":32}},"45":{"start":{"line":332,"column":4},"end":{"line":332,"column":60}},"46":{"start":{"line":336,"column":4},"end":{"line":336,"column":32}},"47":{"start":{"line":340,"column":4},"end":{"line":340,"column":32}},"48":{"start":{"line":344,"column":4},"end":{"line":344,"column":31}},"49":{"start":{"line":351,"column":4},"end":{"line":351,"column":11328}},"50":{"start":{"line":352,"column":6},"end":{"line":352,"column":40}},"51":{"start":{"line":354,"column":6},"end":{"line":354,"column":45}},"52":{"start":{"line":365,"column":4},"end":{"line":365,"column":37}},"53":{"start":{"line":366,"column":4},"end":{"line":366,"column":68}},"54":{"start":{"line":367,"column":4},"end":{"line":367,"column":11858}},"55":{"start":{"line":368,"column":6},"end":{"line":368,"column":21}},"56":{"start":{"line":371,"column":4},"end":{"line":371,"column":75}},"57":{"start":{"line":372,"column":4},"end":{"line":372,"column":12044}},"58":{"start":{"line":373,"column":6},"end":{"line":373,"column":36}},"59":{"start":{"line":375,"column":4},"end":{"line":375,"column":25}},"60":{"start":{"line":386,"column":4},"end":{"line":386,"column":81}},"61":{"start":{"line":396,"column":4},"end":{"line":396,"column":38}},"62":{"start":{"line":397,"column":4},"end":{"line":397,"column":42}},"63":{"start":{"line":399,"column":4},"end":{"line":399,"column":12798}},"64":{"start":{"line":400,"column":6},"end":{"line":400,"column":31}},"65":{"start":{"line":401,"column":6},"end":{"line":401,"column":12899}},"66":{"start":{"line":412,"column":4},"end":{"line":412,"column":30}},"67":{"start":{"line":419,"column":4},"end":{"line":419,"column":39}},"68":{"start":{"line":431,"column":4},"end":{"line":431,"column":16}},"69":{"start":{"line":433,"column":4},"end":{"line":433,"column":54}},"70":{"start":{"line":434,"column":4},"end":{"line":434,"column":71}},"71":{"start":{"line":436,"column":4},"end":{"line":436,"column":14043}},"72":{"start":{"line":446,"column":11},"end":{"line":446,"column":14335}},"73":{"start":{"line":449,"column":4},"end":{"line":449,"column":14424}},"74":{"start":{"line":452,"column":4},"end":{"line":452,"column":22}},"75":{"start":{"line":468,"column":4},"end":{"line":468,"column":16}},"76":{"start":{"line":469,"column":4},"end":{"line":469,"column":14872}},"77":{"start":{"line":470,"column":6},"end":{"line":470,"column":14937}},"78":{"start":{"line":480,"column":11},"end":{"line":480,"column":15160}},"79":{"start":{"line":481,"column":6},"end":{"line":481,"column":15196}},"80":{"start":{"line":495,"column":4},"end":{"line":495,"column":36}},"81":{"start":{"line":503,"column":4},"end":{"line":503,"column":68}},"82":{"start":{"line":507,"column":4},"end":{"line":507,"column":15869}},"83":{"start":{"line":508,"column":6},"end":{"line":508,"column":26}},"84":{"start":{"line":511,"column":4},"end":{"line":511,"column":94}},"85":{"start":{"line":512,"column":4},"end":{"line":512,"column":14}},"86":{"start":{"line":513,"column":4},"end":{"line":513,"column":27}},"87":{"start":{"line":515,"column":4},"end":{"line":515,"column":41}},"88":{"start":{"line":517,"column":4},"end":{"line":517,"column":28}},"89":{"start":{"line":518,"column":4},"end":{"line":518,"column":32}},"90":{"start":{"line":519,"column":4},"end":{"line":519,"column":38}},"91":{"start":{"line":520,"column":4},"end":{"line":520,"column":49}},"92":{"start":{"line":522,"column":4},"end":{"line":522,"column":32}},"93":{"start":{"line":524,"column":4},"end":{"line":524,"column":16462}},"94":{"start":{"line":534,"column":4},"end":{"line":534,"column":32}},"95":{"start":{"line":536,"column":4},"end":{"line":536,"column":28}},"96":{"start":{"line":537,"column":4},"end":{"line":537,"column":16846}},"97":{"start":{"line":542,"column":4},"end":{"line":542,"column":44}},"98":{"start":{"line":546,"column":4},"end":{"line":546,"column":66}},"99":{"start":{"line":554,"column":4},"end":{"line":554,"column":41}},"100":{"start":{"line":555,"column":4},"end":{"line":555,"column":45}},"101":{"start":{"line":556,"column":4},"end":{"line":556,"column":32}},"102":{"start":{"line":557,"column":4},"end":{"line":557,"column":40}},"103":{"start":{"line":561,"column":4},"end":{"line":561,"column":17540}},"104":{"start":{"line":575,"column":4},"end":{"line":575,"column":76}},"105":{"start":{"line":576,"column":4},"end":{"line":576,"column":29}},"106":{"start":{"line":577,"column":4},"end":{"line":577,"column":48}},"107":{"start":{"line":578,"column":4},"end":{"line":578,"column":14}},"108":{"start":{"line":580,"column":4},"end":{"line":580,"column":48}},"109":{"start":{"line":581,"column":4},"end":{"line":581,"column":27}},"110":{"start":{"line":583,"column":4},"end":{"line":583,"column":18212}},"111":{"start":{"line":597,"column":4},"end":{"line":597,"column":115}},"112":{"start":{"line":599,"column":4},"end":{"line":599,"column":28}},"113":{"start":{"line":600,"column":4},"end":{"line":600,"column":74}},"114":{"start":{"line":601,"column":4},"end":{"line":601,"column":23}},"115":{"start":{"line":603,"column":4},"end":{"line":603,"column":57}},"116":{"start":{"line":604,"column":4},"end":{"line":604,"column":46}},"117":{"start":{"line":610,"column":4},"end":{"line":610,"column":46}},"118":{"start":{"line":614,"column":4},"end":{"line":614,"column":53}},"119":{"start":{"line":626,"column":4},"end":{"line":626,"column":29}},"120":{"start":{"line":639,"column":4},"end":{"line":639,"column":67}},"121":{"start":{"line":651,"column":4},"end":{"line":651,"column":60}},"122":{"start":{"line":653,"column":4},"end":{"line":653,"column":20244}},"123":{"start":{"line":662,"column":11},"end":{"line":662,"column":20507}},"124":{"start":{"line":672,"column":4},"end":{"line":672,"column":20}},"125":{"start":{"line":683,"column":4},"end":{"line":683,"column":21108}},"126":{"start":{"line":702,"column":4},"end":{"line":702,"column":59}},"127":{"start":{"line":703,"column":4},"end":{"line":703,"column":21585}},"128":{"start":{"line":709,"column":6},"end":{"line":709,"column":21730}},"129":{"start":{"line":717,"column":6},"end":{"line":717,"column":21917}},"130":{"start":{"line":723,"column":6},"end":{"line":723,"column":22140}},"131":{"start":{"line":731,"column":6},"end":{"line":731,"column":22327}},"132":{"start":{"line":737,"column":4},"end":{"line":737,"column":57}},"133":{"start":{"line":748,"column":4},"end":{"line":748,"column":45}},"134":{"start":{"line":750,"column":4},"end":{"line":750,"column":48}},"135":{"start":{"line":751,"column":4},"end":{"line":751,"column":23037}},"136":{"start":{"line":760,"column":4},"end":{"line":760,"column":49}},"137":{"start":{"line":761,"column":4},"end":{"line":761,"column":49}},"138":{"start":{"line":762,"column":4},"end":{"line":762,"column":53}},"139":{"start":{"line":763,"column":4},"end":{"line":763,"column":49}},"140":{"start":{"line":765,"column":4},"end":{"line":765,"column":50}},"141":{"start":{"line":767,"column":4},"end":{"line":767,"column":60}},"142":{"start":{"line":769,"column":4},"end":{"line":769,"column":93}},"143":{"start":{"line":771,"column":4},"end":{"line":771,"column":23}},"144":{"start":{"line":773,"column":4},"end":{"line":773,"column":59}},"145":{"start":{"line":774,"column":4},"end":{"line":774,"column":72}},"146":{"start":{"line":776,"column":4},"end":{"line":776,"column":40}},"147":{"start":{"line":778,"column":4},"end":{"line":778,"column":39}},"148":{"start":{"line":792,"column":4},"end":{"line":792,"column":29}},"149":{"start":{"line":793,"column":4},"end":{"line":793,"column":49}},"150":{"start":{"line":797,"column":4},"end":{"line":797,"column":48}},"151":{"start":{"line":807,"column":4},"end":{"line":807,"column":17}},"152":{"start":{"line":809,"column":4},"end":{"line":809,"column":46}},"153":{"start":{"line":810,"column":4},"end":{"line":810,"column":55}},"154":{"start":{"line":819,"column":4},"end":{"line":819,"column":17}},"155":{"start":{"line":820,"column":4},"end":{"line":820,"column":57}},"156":{"start":{"line":830,"column":4},"end":{"line":830,"column":17}},"157":{"start":{"line":832,"column":4},"end":{"line":832,"column":49}},"158":{"start":{"line":833,"column":4},"end":{"line":833,"column":56}},"159":{"start":{"line":843,"column":4},"end":{"line":843,"column":17}},"160":{"start":{"line":845,"column":4},"end":{"line":845,"column":39}},"161":{"start":{"line":846,"column":4},"end":{"line":846,"column":54}},"162":{"start":{"line":850,"column":4},"end":{"line":850,"column":68}},"163":{"start":{"line":851,"column":4},"end":{"line":851,"column":26651}},"164":{"start":{"line":852,"column":6},"end":{"line":852,"column":68}},"165":{"start":{"line":862,"column":4},"end":{"line":862,"column":17}},"166":{"start":{"line":863,"column":4},"end":{"line":863,"column":54}},"167":{"start":{"line":872,"column":4},"end":{"line":872,"column":17}},"168":{"start":{"line":873,"column":4},"end":{"line":873,"column":66}},"169":{"start":{"line":881,"column":4},"end":{"line":881,"column":17}},"170":{"start":{"line":882,"column":4},"end":{"line":882,"column":25}},"171":{"start":{"line":890,"column":4},"end":{"line":890,"column":18}},"172":{"start":{"line":899,"column":4},"end":{"line":899,"column":49}},"173":{"start":{"line":914,"column":4},"end":{"line":914,"column":16}},"174":{"start":{"line":915,"column":4},"end":{"line":915,"column":34}},"175":{"start":{"line":916,"column":4},"end":{"line":916,"column":28970}},"176":{"start":{"line":919,"column":4},"end":{"line":919,"column":42}},"177":{"start":{"line":934,"column":4},"end":{"line":934,"column":41}},"178":{"start":{"line":942,"column":4},"end":{"line":942,"column":71}},"179":{"start":{"line":943,"column":4},"end":{"line":943,"column":29898}},"180":{"start":{"line":948,"column":4},"end":{"line":948,"column":15}},"181":{"start":{"line":949,"column":4},"end":{"line":949,"column":46}},"182":{"start":{"line":950,"column":4},"end":{"line":950,"column":30087}},"183":{"start":{"line":952,"column":6},"end":{"line":952,"column":45}},"184":{"start":{"line":953,"column":6},"end":{"line":953,"column":68}},"185":{"start":{"line":956,"column":6},"end":{"line":956,"column":30397}},"186":{"start":{"line":967,"column":4},"end":{"line":967,"column":17}},"187":{"start":{"line":972,"column":4},"end":{"line":972,"column":39}},"188":{"start":{"line":984,"column":4},"end":{"line":984,"column":17}},"189":{"start":{"line":992,"column":4},"end":{"line":992,"column":80}},"190":{"start":{"line":996,"column":4},"end":{"line":996,"column":38}},"191":{"start":{"line":1007,"column":4},"end":{"line":1007,"column":33}},"192":{"start":{"line":1008,"column":4},"end":{"line":1008,"column":32033}},"193":{"start":{"line":1009,"column":6},"end":{"line":1009,"column":33}},"194":{"start":{"line":1011,"column":6},"end":{"line":1011,"column":59}},"195":{"start":{"line":1013,"column":4},"end":{"line":1013,"column":58}},"196":{"start":{"line":1014,"column":4},"end":{"line":1014,"column":41}},"197":{"start":{"line":1025,"column":4},"end":{"line":1025,"column":43}},"198":{"start":{"line":1026,"column":4},"end":{"line":1026,"column":32498}},"199":{"start":{"line":1027,"column":6},"end":{"line":1027,"column":32539}},"200":{"start":{"line":1034,"column":4},"end":{"line":1034,"column":32726}},"201":{"start":{"line":1036,"column":6},"end":{"line":1036,"column":32782}},"202":{"start":{"line":1039,"column":6},"end":{"line":1039,"column":45}},"203":{"start":{"line":1041,"column":4},"end":{"line":1041,"column":32942}},"204":{"start":{"line":1044,"column":6},"end":{"line":1044,"column":45}},"205":{"start":{"line":1053,"column":4},"end":{"line":1053,"column":34}},"206":{"start":{"line":1064,"column":4},"end":{"line":1064,"column":21}},"207":{"start":{"line":1065,"column":4},"end":{"line":1065,"column":56}},"208":{"start":{"line":1066,"column":4},"end":{"line":1066,"column":22}},"209":{"start":{"line":1067,"column":4},"end":{"line":1067,"column":23}},"210":{"start":{"line":1068,"column":4},"end":{"line":1068,"column":62}},"211":{"start":{"line":1072,"column":4},"end":{"line":1072,"column":40}},"212":{"start":{"line":1082,"column":4},"end":{"line":1082,"column":38}},"213":{"start":{"line":1093,"column":4},"end":{"line":1093,"column":41}},"214":{"start":{"line":1112,"column":4},"end":{"line":1112,"column":35442}},"215":{"start":{"line":1113,"column":6},"end":{"line":1113,"column":14}},"216":{"start":{"line":1115,"column":6},"end":{"line":1115,"column":29}},"217":{"start":{"line":1120,"column":4},"end":{"line":1120,"column":41}},"218":{"start":{"line":1121,"column":4},"end":{"line":1121,"column":23}},"219":{"start":{"line":1124,"column":4},"end":{"line":1124,"column":22}},"220":{"start":{"line":1125,"column":4},"end":{"line":1125,"column":56}},"221":{"start":{"line":1129,"column":4},"end":{"line":1129,"column":35916}},"222":{"start":{"line":1136,"column":4},"end":{"line":1136,"column":24}},"223":{"start":{"line":1137,"column":4},"end":{"line":1137,"column":54}},"224":{"start":{"line":1138,"column":4},"end":{"line":1138,"column":32}},"225":{"start":{"line":1140,"column":4},"end":{"line":1140,"column":67}},"226":{"start":{"line":1141,"column":4},"end":{"line":1141,"column":74}},"227":{"start":{"line":1143,"column":4},"end":{"line":1143,"column":40}},"228":{"start":{"line":1144,"column":4},"end":{"line":1144,"column":39}},"229":{"start":{"line":1146,"column":4},"end":{"line":1146,"column":36381}},"230":{"start":{"line":1150,"column":4},"end":{"line":1150,"column":49}},"231":{"start":{"line":1152,"column":4},"end":{"line":1152,"column":36584}}},"branchMap":{"1":{"line":159,"type":"if","locations":[{"start":{"line":159,"column":22},"end":{"line":159,"column":22}},{"start":{"line":159,"column":22},"end":{"line":159,"column":22}}]},"2":{"line":190,"type":"if","locations":[{"start":{"line":190,"column":22},"end":{"line":190,"column":22}},{"start":{"line":190,"column":22},"end":{"line":190,"column":22}}]},"3":{"line":231,"type":"if","locations":[{"start":{"line":231,"column":4},"end":{"line":231,"column":4}},{"start":{"line":231,"column":4},"end":{"line":231,"column":4}}]},"4":{"line":256,"type":"if","locations":[{"start":{"line":256,"column":66},"end":{"line":256,"column":66}},{"start":{"line":256,"column":66},"end":{"line":256,"column":66}}]},"5":{"line":296,"type":"if","locations":[{"start":{"line":296,"column":71},"end":{"line":296,"column":71}},{"start":{"line":296,"column":71},"end":{"line":296,"column":71}}]},"6":{"line":301,"type":"if","locations":[{"start":{"line":301,"column":50},"end":{"line":301,"column":50}},{"start":{"line":301,"column":50},"end":{"line":301,"column":50}}]},"7":{"line":324,"type":"if","locations":[{"start":{"line":324,"column":4},"end":{"line":324,"column":4}},{"start":{"line":324,"column":4},"end":{"line":324,"column":4}}]},"8":{"line":328,"type":"if","locations":[{"start":{"line":328,"column":4},"end":{"line":328,"column":4}},{"start":{"line":328,"column":4},"end":{"line":328,"column":4}}]},"9":{"line":332,"type":"if","locations":[{"start":{"line":332,"column":4},"end":{"line":332,"column":4}},{"start":{"line":332,"column":4},"end":{"line":332,"column":4}}]},"10":{"line":332,"type":"cond-expr","locations":[{"start":{"line":332,"column":12},"end":{"line":332,"column":29}},{"start":{"line":332,"column":34},"end":{"line":332,"column":51}}]},"11":{"line":336,"type":"if","locations":[{"start":{"line":336,"column":4},"end":{"line":336,"column":4}},{"start":{"line":336,"column":4},"end":{"line":336,"column":4}}]},"12":{"line":340,"type":"if","locations":[{"start":{"line":340,"column":4},"end":{"line":340,"column":4}},{"start":{"line":340,"column":4},"end":{"line":340,"column":4}}]},"13":{"line":344,"type":"if","locations":[{"start":{"line":344,"column":4},"end":{"line":344,"column":4}},{"start":{"line":344,"column":4},"end":{"line":344,"column":4}}]},"14":{"line":350,"type":"if","locations":[{"start":{"line":350,"column":13},"end":{"line":350,"column":13}},{"start":{"line":350,"column":13},"end":{"line":350,"column":13}}]},"15":{"line":351,"type":"if","locations":[{"start":{"line":351,"column":4},"end":{"line":351,"column":4}},{"start":{"line":351,"column":4},"end":{"line":351,"column":4}}]},"16":{"line":364,"type":"if","locations":[{"start":{"line":364,"column":48},"end":{"line":364,"column":48}},{"start":{"line":364,"column":48},"end":{"line":364,"column":48}}]},"17":{"line":367,"type":"if","locations":[{"start":{"line":367,"column":4},"end":{"line":367,"column":4}},{"start":{"line":367,"column":4},"end":{"line":367,"column":4}}]},"18":{"line":372,"type":"if","locations":[{"start":{"line":372,"column":4},"end":{"line":372,"column":4}},{"start":{"line":372,"column":4},"end":{"line":372,"column":4}}]},"19":{"line":395,"type":"if","locations":[{"start":{"line":395,"column":13},"end":{"line":395,"column":13}},{"start":{"line":395,"column":13},"end":{"line":395,"column":13}}]},"20":{"line":399,"type":"if","locations":[{"start":{"line":399,"column":4},"end":{"line":399,"column":4}},{"start":{"line":399,"column":4},"end":{"line":399,"column":4}}]},"21":{"line":436,"type":"if","locations":[{"start":{"line":436,"column":4},"end":{"line":436,"column":4}},{"start":{"line":436,"column":4},"end":{"line":436,"column":4}}]},"22":{"line":446,"type":"if","locations":[{"start":{"line":446,"column":11},"end":{"line":446,"column":11}},{"start":{"line":446,"column":11},"end":{"line":446,"column":11}}]},"23":{"line":446,"type":"cond-expr","locations":[{"start":{"line":446,"column":15},"end":{"line":446,"column":31}},{"start":{"line":446,"column":36},"end":{"line":446,"column":53}}]},"24":{"line":449,"type":"if","locations":[{"start":{"line":449,"column":4},"end":{"line":449,"column":4}},{"start":{"line":449,"column":4},"end":{"line":449,"column":4}}]},"25":{"line":469,"type":"if","locations":[{"start":{"line":469,"column":4},"end":{"line":469,"column":4}},{"start":{"line":469,"column":4},"end":{"line":469,"column":4}}]},"26":{"line":480,"type":"if","locations":[{"start":{"line":480,"column":11},"end":{"line":480,"column":11}},{"start":{"line":480,"column":11},"end":{"line":480,"column":11}}]},"27":{"line":506,"type":"if","locations":[{"start":{"line":506,"column":57},"end":{"line":506,"column":57}},{"start":{"line":506,"column":57},"end":{"line":506,"column":57}}]},"28":{"line":507,"type":"if","locations":[{"start":{"line":507,"column":4},"end":{"line":507,"column":4}},{"start":{"line":507,"column":4},"end":{"line":507,"column":4}}]},"29":{"line":574,"type":"if","locations":[{"start":{"line":574,"column":13},"end":{"line":574,"column":13}},{"start":{"line":574,"column":13},"end":{"line":574,"column":13}}]},"30":{"line":653,"type":"if","locations":[{"start":{"line":653,"column":4},"end":{"line":653,"column":4}},{"start":{"line":653,"column":4},"end":{"line":653,"column":4}}]},"31":{"line":653,"type":"cond-expr","locations":[{"start":{"line":653,"column":8},"end":{"line":653,"column":43}},{"start":{"line":653,"column":48},"end":{"line":653,"column":74}}]},"32":{"line":662,"type":"if","locations":[{"start":{"line":662,"column":11},"end":{"line":662,"column":11}},{"start":{"line":662,"column":11},"end":{"line":662,"column":11}}]},"33":{"line":703,"type":"if","locations":[{"start":{"line":703,"column":4},"end":{"line":703,"column":4}},{"start":{"line":703,"column":4},"end":{"line":703,"column":4}}]},"34":{"line":704,"type":"cond-expr","locations":[{"start":{"line":704,"column":6},"end":{"line":704,"column":21}},{"start":{"line":705,"column":6},"end":{"line":705,"column":22}}]},"35":{"line":704,"type":"cond-expr","locations":[{"start":{"line":704,"column":6},"end":{"line":705,"column":22}},{"start":{"line":706,"column":6},"end":{"line":706,"column":28}}]},"36":{"line":704,"type":"cond-expr","locations":[{"start":{"line":704,"column":6},"end":{"line":706,"column":28}},{"start":{"line":707,"column":6},"end":{"line":707,"column":29}}]},"37":{"line":851,"type":"if","locations":[{"start":{"line":851,"column":4},"end":{"line":851,"column":4}},{"start":{"line":851,"column":4},"end":{"line":851,"column":4}}]},"38":{"line":880,"type":"if","locations":[{"start":{"line":880,"column":63},"end":{"line":880,"column":63}},{"start":{"line":880,"column":63},"end":{"line":880,"column":63}}]},"39":{"line":916,"type":"if","locations":[{"start":{"line":916,"column":4},"end":{"line":916,"column":4}},{"start":{"line":916,"column":4},"end":{"line":916,"column":4}}]},"40":{"line":1008,"type":"if","locations":[{"start":{"line":1008,"column":4},"end":{"line":1008,"column":4}},{"start":{"line":1008,"column":4},"end":{"line":1008,"column":4}}]},"41":{"line":1026,"type":"if","locations":[{"start":{"line":1026,"column":4},"end":{"line":1026,"column":4}},{"start":{"line":1026,"column":4},"end":{"line":1026,"column":4}}]},"42":{"line":1027,"type":"if","locations":[{"start":{"line":1027,"column":6},"end":{"line":1027,"column":6}},{"start":{"line":1027,"column":6},"end":{"line":1027,"column":6}}]},"43":{"line":1034,"type":"if","locations":[{"start":{"line":1034,"column":4},"end":{"line":1034,"column":4}},{"start":{"line":1034,"column":4},"end":{"line":1034,"column":4}}]},"44":{"line":1036,"type":"if","locations":[{"start":{"line":1036,"column":6},"end":{"line":1036,"column":6}},{"start":{"line":1036,"column":6},"end":{"line":1036,"column":6}}]},"45":{"line":1041,"type":"if","locations":[{"start":{"line":1041,"column":4},"end":{"line":1041,"column":4}},{"start":{"line":1041,"column":4},"end":{"line":1041,"column":4}}]},"46":{"line":1052,"type":"if","locations":[{"start":{"line":1052,"column":58},"end":{"line":1052,"column":58}},{"start":{"line":1052,"column":58},"end":{"line":1052,"column":58}}]},"47":{"line":1102,"type":"if","locations":[{"start":{"line":1102,"column":76},"end":{"line":1102,"column":76}},{"start":{"line":1102,"column":76},"end":{"line":1102,"column":76}}]},"48":{"line":1112,"type":"if","locations":[{"start":{"line":1112,"column":4},"end":{"line":1112,"column":4}},{"start":{"line":1112,"column":4},"end":{"line":1112,"column":4}}]},"49":{"line":1119,"type":"if","locations":[{"start":{"line":1119,"column":46},"end":{"line":1119,"column":46}},{"start":{"line":1119,"column":46},"end":{"line":1119,"column":46}}]},"50":{"line":1129,"type":"if","locations":[{"start":{"line":1129,"column":4},"end":{"line":1129,"column":4}},{"start":{"line":1129,"column":4},"end":{"line":1129,"column":4}}]},"51":{"line":1146,"type":"if","locations":[{"start":{"line":1146,"column":4},"end":{"line":1146,"column":4}},{"start":{"line":1146,"column":4},"end":{"line":1146,"column":4}}]}}},"contracts\\AFiFactory.sol":{"l":{"30":268,"31":267,"39":1,"67":103,"68":103,"76":102,"77":102,"78":102,"80":102,"81":101,"82":100,"83":99,"84":98,"85":97,"86":97,"87":97,"88":97,"98":97,"104":97,"110":99,"111":99,"112":195,"113":1,"116":98,"123":122,"130":126,"137":145,"138":145,"139":145,"141":145,"142":1,"144":144,"149":195,"150":194,"151":97,"152":97,"154":97,"155":97,"161":1,"165":120},"path":"C:\\Users\\Rakhi\\EthStageOptimized\\contracts\\AFiFactory.sol","s":{"1":268,"2":1,"3":103,"4":103,"5":102,"6":102,"7":102,"8":101,"9":100,"10":99,"11":98,"12":97,"13":97,"14":97,"15":97,"16":99,"17":99,"18":195,"19":1,"20":98,"21":122,"22":126,"23":145,"24":145,"25":145,"26":1,"27":144,"28":195,"29":194,"30":97,"31":97,"32":97,"33":1,"34":120},"b":{"1":[267,1],"2":[103,1],"3":[102,1],"4":[101,1],"5":[100,1],"6":[99,1],"7":[98,1],"8":[97,1],"9":[1,194],"10":[1,144],"11":[194,1],"12":[97,97],"13":[97,0],"14":[97,0],"15":[97,0]},"f":{"1":268,"2":1,"3":103,"4":99,"5":122,"6":126,"7":145,"8":195,"9":1,"10":120},"fnMap":{"1":{"name":"constructor","line":28,"loc":{"start":{"line":28,"column":2},"end":{"line":32,"column":2}}},"2":{"name":"afiProductsCount","line":38,"loc":{"start":{"line":38,"column":2},"end":{"line":40,"column":2}}},"3":{"name":"createAToken","line":66,"loc":{"start":{"line":55,"column":2},"end":{"line":105,"column":2}}},"4":{"name":"checkForZeroAddress","line":107,"loc":{"start":{"line":107,"column":2},"end":{"line":117,"column":2}}},"5":{"name":"encodePoolData","line":120,"loc":{"start":{"line":120,"column":2},"end":{"line":124,"column":2}}},"6":{"name":"encodeUnderlyingData","line":127,"loc":{"start":{"line":127,"column":2},"end":{"line":131,"column":2}}},"7":{"name":"getPricePerFullShare","line":133,"loc":{"start":{"line":133,"column":2},"end":{"line":145,"column":2}}},"8":{"name":"afiContractInitUpdate","line":148,"loc":{"start":{"line":148,"column":2},"end":{"line":157,"column":2}}},"9":{"name":"getAFiInitStatus","line":160,"loc":{"start":{"line":160,"column":2},"end":{"line":162,"column":2}}},"10":{"name":"getAFiTokenStatus","line":164,"loc":{"start":{"line":164,"column":2},"end":{"line":166,"column":2}}}},"statementMap":{"1":{"start":{"line":30,"column":4},"end":{"line":30,"column":55}},"2":{"start":{"line":39,"column":4},"end":{"line":39,"column":29}},"3":{"start":{"line":67,"column":4},"end":{"line":67,"column":71}},"4":{"start":{"line":68,"column":4},"end":{"line":68,"column":2556}},"5":{"start":{"line":76,"column":4},"end":{"line":76,"column":27}},"6":{"start":{"line":77,"column":4},"end":{"line":77,"column":2992}},"7":{"start":{"line":80,"column":4},"end":{"line":80,"column":47}},"8":{"start":{"line":81,"column":4},"end":{"line":81,"column":54}},"9":{"start":{"line":82,"column":4},"end":{"line":82,"column":63}},"10":{"start":{"line":83,"column":4},"end":{"line":83,"column":63}},"11":{"start":{"line":84,"column":4},"end":{"line":84,"column":55}},"12":{"start":{"line":87,"column":4},"end":{"line":87,"column":34}},"13":{"start":{"line":88,"column":4},"end":{"line":88,"column":3588}},"14":{"start":{"line":98,"column":4},"end":{"line":98,"column":3793}},"15":{"start":{"line":104,"column":4},"end":{"line":104,"column":52}},"16":{"start":{"line":110,"column":4},"end":{"line":110,"column":36}},"17":{"start":{"line":111,"column":4},"end":{"line":111,"column":4165}},"18":{"start":{"line":112,"column":6},"end":{"line":112,"column":4207}},"19":{"start":{"line":113,"column":8},"end":{"line":113,"column":19}},"20":{"start":{"line":116,"column":4},"end":{"line":116,"column":16}},"21":{"start":{"line":123,"column":4},"end":{"line":123,"column":33}},"22":{"start":{"line":130,"column":4},"end":{"line":130,"column":30}},"23":{"start":{"line":137,"column":4},"end":{"line":137,"column":18}},"24":{"start":{"line":138,"column":4},"end":{"line":138,"column":60}},"25":{"start":{"line":141,"column":4},"end":{"line":141,"column":5112}},"26":{"start":{"line":142,"column":6},"end":{"line":142,"column":20}},"27":{"start":{"line":144,"column":4},"end":{"line":144,"column":45}},"28":{"start":{"line":149,"column":4},"end":{"line":149,"column":43}},"29":{"start":{"line":150,"column":4},"end":{"line":150,"column":5444}},"30":{"start":{"line":151,"column":6},"end":{"line":151,"column":51}},"31":{"start":{"line":153,"column":11},"end":{"line":153,"column":5573}},"32":{"start":{"line":154,"column":6},"end":{"line":154,"column":57}},"33":{"start":{"line":161,"column":4},"end":{"line":161,"column":77}},"34":{"start":{"line":165,"column":4},"end":{"line":165,"column":40}}},"branchMap":{"1":{"line":30,"type":"if","locations":[{"start":{"line":30,"column":4},"end":{"line":30,"column":4}},{"start":{"line":30,"column":4},"end":{"line":30,"column":4}}]},"2":{"line":66,"type":"if","locations":[{"start":{"line":66,"column":13},"end":{"line":66,"column":13}},{"start":{"line":66,"column":13},"end":{"line":66,"column":13}}]},"3":{"line":68,"type":"if","locations":[{"start":{"line":68,"column":4},"end":{"line":68,"column":4}},{"start":{"line":68,"column":4},"end":{"line":68,"column":4}}]},"4":{"line":80,"type":"if","locations":[{"start":{"line":80,"column":4},"end":{"line":80,"column":4}},{"start":{"line":80,"column":4},"end":{"line":80,"column":4}}]},"5":{"line":81,"type":"if","locations":[{"start":{"line":81,"column":4},"end":{"line":81,"column":4}},{"start":{"line":81,"column":4},"end":{"line":81,"column":4}}]},"6":{"line":82,"type":"if","locations":[{"start":{"line":82,"column":4},"end":{"line":82,"column":4}},{"start":{"line":82,"column":4},"end":{"line":82,"column":4}}]},"7":{"line":83,"type":"if","locations":[{"start":{"line":83,"column":4},"end":{"line":83,"column":4}},{"start":{"line":83,"column":4},"end":{"line":83,"column":4}}]},"8":{"line":84,"type":"if","locations":[{"start":{"line":84,"column":4},"end":{"line":84,"column":4}},{"start":{"line":84,"column":4},"end":{"line":84,"column":4}}]},"9":{"line":112,"type":"if","locations":[{"start":{"line":112,"column":6},"end":{"line":112,"column":6}},{"start":{"line":112,"column":6},"end":{"line":112,"column":6}}]},"10":{"line":141,"type":"if","locations":[{"start":{"line":141,"column":4},"end":{"line":141,"column":4}},{"start":{"line":141,"column":4},"end":{"line":141,"column":4}}]},"11":{"line":149,"type":"if","locations":[{"start":{"line":149,"column":4},"end":{"line":149,"column":4}},{"start":{"line":149,"column":4},"end":{"line":149,"column":4}}]},"12":{"line":150,"type":"if","locations":[{"start":{"line":150,"column":4},"end":{"line":150,"column":4}},{"start":{"line":150,"column":4},"end":{"line":150,"column":4}}]},"13":{"line":151,"type":"if","locations":[{"start":{"line":151,"column":6},"end":{"line":151,"column":6}},{"start":{"line":151,"column":6},"end":{"line":151,"column":6}}]},"14":{"line":153,"type":"if","locations":[{"start":{"line":153,"column":11},"end":{"line":153,"column":11}},{"start":{"line":153,"column":11},"end":{"line":153,"column":11}}]},"15":{"line":154,"type":"if","locations":[{"start":{"line":154,"column":6},"end":{"line":154,"column":6}},{"start":{"line":154,"column":6},"end":{"line":154,"column":6}}]}}},"contracts\\AFiManager.sol":{"l":{"84":69,"85":61,"89":4,"90":3,"94":40,"98":167,"106":11,"107":11,"115":2,"116":2,"120":32,"124":279,"132":1,"136":116,"140":92,"141":91,"156":4,"157":3,"158":3,"159":2,"160":2,"184":24,"185":24,"186":24,"187":21,"188":21,"189":21,"191":20,"192":20,"195":20,"197":20,"198":12,"199":12,"200":12,"202":8,"205":17,"206":17,"211":17,"220":16,"227":16,"229":16,"230":16,"232":16,"240":16,"241":16,"243":16,"244":16,"245":8,"249":3,"255":5,"258":8,"267":8,"269":8,"271":8,"272":8,"277":8,"278":2,"284":8,"286":8,"298":8,"303":8,"312":16,"324":24,"325":24,"336":19,"338":19,"340":7,"346":7,"351":7,"359":7,"360":7,"361":7,"362":7,"363":5,"365":7,"366":7,"368":0,"375":2,"376":2,"377":2,"379":0,"403":8,"404":8,"405":8,"408":8,"409":36,"410":28,"411":28,"416":8,"417":36,"418":28,"420":28,"421":14,"422":14,"424":14,"425":14,"428":28,"430":28,"434":28,"447":8,"453":8,"454":8,"456":8,"478":8,"479":8,"481":8,"482":28,"483":20,"484":12,"486":8,"491":8,"492":8,"493":8,"505":8,"525":98,"528":98,"538":98,"542":12,"543":12,"547":12,"553":11,"554":11,"555":10,"570":2,"571":2,"590":141,"603":6,"604":6,"606":5,"607":5,"608":5,"609":5,"610":5,"612":5,"614":5,"618":5,"622":5,"629":5,"630":5,"636":5,"639":5,"645":5,"651":5,"652":5,"654":5,"664":5,"665":5,"666":5,"675":6,"676":6,"677":6,"678":18,"685":6,"686":2,"689":6,"696":162,"697":162,"706":2,"707":1,"716":5,"717":5,"719":5,"721":5,"726":5,"727":5,"730":5,"731":25,"732":10,"736":10,"737":5,"738":5,"739":5,"742":25,"747":5,"751":5,"759":5,"760":5,"761":5,"762":5,"763":2,"764":10,"765":5,"769":5,"774":5,"786":2,"793":2,"796":2,"798":2,"799":10,"800":5,"803":5,"814":5,"819":3,"820":14,"824":14,"829":14,"841":3,"848":3,"852":3,"855":3,"856":15,"858":15,"871":5,"872":5,"879":77,"888":22,"889":6,"890":6,"891":6,"892":6,"893":6,"903":1,"904":1,"918":25,"919":25,"920":101,"923":25,"926":25,"927":25,"928":101,"932":101,"935":25,"943":220,"944":220,"946":220,"947":220,"954":220,"955":220,"956":220,"968":10,"974":7,"975":6,"976":6,"993":1,"1001":301,"1020":27,"1021":27,"1022":27,"1023":27,"1024":27,"1026":27,"1027":81,"1033":81,"1034":17,"1035":17,"1037":17,"1038":17,"1039":17,"1059":4,"1068":11,"1070":11,"1072":11,"1073":42,"1074":11,"1077":42,"1078":11,"1084":11,"1086":10,"1089":10,"1094":10,"1095":10,"1096":3,"1105":10,"1109":6,"1110":6,"1134":7,"1136":7,"1137":7,"1138":7,"1140":7,"1142":7,"1144":7,"1153":7,"1155":7,"1156":0,"1164":7,"1166":7,"1173":7,"1178":7,"1182":29,"1191":71,"1192":71,"1208":1,"1209":1,"1210":1,"1211":1,"1213":1,"1217":1,"1218":1,"1219":1,"1220":1,"1221":1,"1225":1,"1226":5,"1232":1,"1233":1,"1234":1,"1238":1,"1239":1,"1240":1,"1241":1,"1247":1,"1259":24,"1263":23,"1264":23,"1266":23,"1267":23,"1281":98,"1284":80},"path":"C:\\Users\\Rakhi\\EthStageOptimized\\contracts\\AFiManager.sol","s":{"1":69,"2":4,"3":40,"4":167,"5":11,"6":2,"7":32,"8":279,"9":1,"10":116,"11":11,"12":92,"13":4,"14":3,"15":3,"16":2,"17":2,"18":24,"19":24,"20":24,"21":21,"22":21,"23":21,"24":20,"25":20,"26":12,"27":12,"28":12,"29":8,"30":17,"31":17,"32":16,"33":16,"34":16,"35":16,"36":8,"37":8,"38":8,"39":8,"40":8,"41":8,"42":16,"43":24,"44":24,"45":19,"46":19,"47":7,"48":7,"49":7,"50":7,"51":7,"52":7,"53":7,"54":0,"55":2,"56":2,"57":2,"58":0,"59":8,"60":8,"61":36,"62":8,"63":36,"64":28,"65":28,"66":8,"67":8,"68":8,"69":8,"70":28,"71":20,"72":8,"73":8,"74":8,"75":98,"76":98,"77":12,"78":12,"79":12,"80":11,"81":11,"82":10,"83":2,"84":2,"85":141,"86":6,"87":6,"88":5,"89":5,"90":5,"91":5,"92":5,"93":5,"94":5,"95":5,"96":5,"97":5,"98":5,"99":5,"100":5,"101":6,"102":6,"103":6,"104":6,"105":2,"106":6,"107":162,"108":2,"109":5,"110":5,"111":5,"112":5,"113":5,"114":25,"115":10,"116":25,"117":5,"118":5,"119":5,"120":5,"121":5,"122":5,"123":2,"124":10,"125":5,"126":2,"127":2,"128":10,"129":5,"130":3,"131":14,"132":3,"133":3,"134":15,"135":5,"136":77,"137":22,"138":6,"139":6,"140":6,"141":6,"142":6,"143":1,"144":1,"145":25,"146":25,"147":25,"148":25,"149":220,"150":220,"151":220,"152":10,"153":7,"154":6,"155":301,"156":27,"157":27,"158":27,"159":27,"160":27,"161":27,"162":81,"163":17,"164":4,"165":11,"166":11,"167":11,"168":42,"169":42,"170":11,"171":10,"172":10,"173":10,"174":10,"175":3,"176":10,"177":6,"178":6,"179":7,"180":7,"181":7,"182":7,"183":7,"184":7,"185":7,"186":7,"187":7,"188":7,"189":29,"190":71,"191":1,"192":1,"193":1,"194":1,"195":1,"196":1,"197":1,"198":1,"199":1,"200":1,"201":5,"202":1,"203":1,"204":1,"205":1,"206":1,"207":1,"208":24,"209":23,"210":23,"211":23,"212":98},"b":{"1":[38,2],"2":[165,2],"3":[12,1],"4":[11,1],"5":[3,1],"6":[2,1],"7":[30,2],"8":[277,2],"9":[11,105],"10":[92,1],"11":[6,0],"12":[5,1],"13":[4,1],"14":[25,0],"15":[24,1],"16":[12,8],"17":[8,8],"18":[3,5],"19":[2,6],"20":[7,12],"21":[7,0],"22":[2,0],"23":[28,8],"24":[28,8],"25":[14,14],"26":[20,8],"27":[12,8],"28":[11,1],"29":[4,0],"30":[3,1],"31":[2,1],"32":[6,1],"33":[2,4],"34":[162,1],"35":[2,1],"36":[10,15],"37":[5,5],"38":[2,3],"39":[5,5],"40":[5,5],"41":[73,4],"42":[6,16],"43":[3,0],"44":[2,1],"45":[1,1],"46":[17,64],"47":[8,0],"48":[6,2],"49":[4,2],"50":[11,31],"51":[11,31],"52":[3,7],"53":[7,0],"54":[7,0],"55":[0,7],"56":[1,0],"57":[23,0]},"f":{"1":69,"2":4,"3":40,"4":167,"5":11,"6":2,"7":32,"8":279,"9":1,"10":116,"11":92,"12":4,"13":24,"14":24,"15":19,"16":7,"17":2,"18":8,"19":8,"20":98,"21":12,"22":2,"23":141,"24":6,"25":5,"26":6,"27":162,"28":2,"29":5,"30":5,"31":77,"32":22,"33":1,"34":25,"35":220,"36":10,"37":7,"38":1,"39":301,"40":27,"41":4,"42":11,"43":6,"44":7,"45":29,"46":71,"47":1,"48":1,"49":24,"50":98,"51":80},"fnMap":{"1":{"name":"contractUnpaused","line":83,"loc":{"start":{"line":83,"column":2},"end":{"line":86,"column":2}}},"2":{"name":"contractPaused","line":88,"loc":{"start":{"line":88,"column":2},"end":{"line":91,"column":2}}},"3":{"name":"compareInt","line":93,"loc":{"start":{"line":93,"column":2},"end":{"line":95,"column":2}}},"4":{"name":"compareAddress","line":97,"loc":{"start":{"line":97,"column":2},"end":{"line":99,"column":2}}},"5":{"name":"pause","line":105,"loc":{"start":{"line":105,"column":2},"end":{"line":108,"column":2}}},"6":{"name":"unPause","line":114,"loc":{"start":{"line":114,"column":2},"end":{"line":117,"column":2}}},"7":{"name":"validateGreaterEqual","line":119,"loc":{"start":{"line":119,"column":2},"end":{"line":121,"column":2}}},"8":{"name":"addressCheck","line":123,"loc":{"start":{"line":123,"column":2},"end":{"line":125,"column":2}}},"9":{"name":"getPauseStatus","line":131,"loc":{"start":{"line":131,"column":2},"end":{"line":133,"column":2}}},"10":{"name":"checkStatus","line":135,"loc":{"start":{"line":135,"column":2},"end":{"line":137,"column":2}}},"11":{"name":"setRebalanceController","line":139,"loc":{"start":{"line":139,"column":2},"end":{"line":142,"column":2}}},"12":{"name":"addTeamWalletInAFi","line":155,"loc":{"start":{"line":151,"column":2},"end":{"line":161,"column":2}}},"13":{"name":"rebalance","line":183,"loc":{"start":{"line":174,"column":2},"end":{"line":316,"column":2}}},"14":{"name":"updateAFiData","line":318,"loc":{"start":{"line":318,"column":2},"end":{"line":326,"column":2}}},"15":{"name":"updateInputTokenData","line":328,"loc":{"start":{"line":328,"column":2},"end":{"line":353,"column":2}}},"16":{"name":"addToNonOverlappingITokens","line":355,"loc":{"start":{"line":355,"column":2},"end":{"line":369,"column":2}}},"17":{"name":"removeFromNonOverlappingITokens","line":371,"loc":{"start":{"line":371,"column":2},"end":{"line":380,"column":2}}},"18":{"name":"scenario1Investments","line":395,"loc":{"start":{"line":395,"column":2},"end":{"line":457,"column":0}}},"19":{"name":"scenario2Investments","line":467,"loc":{"start":{"line":467,"column":2},"end":{"line":506,"column":2}}},"20":{"name":"aFiManagerSwap","line":515,"loc":{"start":{"line":515,"column":2},"end":{"line":539,"column":2}}},"21":{"name":"validateNewUTokenData","line":541,"loc":{"start":{"line":541,"column":2},"end":{"line":556,"column":2}}},"22":{"name":"setActiveRebalStatus","line":569,"loc":{"start":{"line":565,"column":2},"end":{"line":572,"column":2}}},"23":{"name":"balance","line":589,"loc":{"start":{"line":589,"column":2},"end":{"line":591,"column":2}}},"24":{"name":"rebalanceUnderlyingTokens","line":602,"loc":{"start":{"line":598,"column":2},"end":{"line":661,"column":2}}},"25":{"name":"updateTempData","line":663,"loc":{"start":{"line":663,"column":2},"end":{"line":667,"column":2}}},"26":{"name":"doCswap","line":669,"loc":{"start":{"line":669,"column":2},"end":{"line":693,"column":2}}},"27":{"name":"setafiOracleContract","line":695,"loc":{"start":{"line":695,"column":2},"end":{"line":698,"column":2}}},"28":{"name":"setRebalFee","line":705,"loc":{"start":{"line":705,"column":2},"end":{"line":708,"column":2}}},"29":{"name":"rebalanceAlgo","line":710,"loc":{"start":{"line":710,"column":2},"end":{"line":752,"column":2}}},"30":{"name":"swapUnderlying","line":754,"loc":{"start":{"line":754,"column":2},"end":{"line":876,"column":2}}},"31":{"name":"validateGreater","line":878,"loc":{"start":{"line":878,"column":2},"end":{"line":880,"column":2}}},"32":{"name":"checkRebalFeesandDeduct","line":882,"loc":{"start":{"line":882,"column":2},"end":{"line":895,"column":2}}},"33":{"name":"withdrawFromPool","line":902,"loc":{"start":{"line":898,"column":2},"end":{"line":905,"column":2}}},"34":{"name":"updateProportion","line":913,"loc":{"start":{"line":913,"column":2},"end":{"line":936,"column":2}}},"35":{"name":"getPredepBalInUSDC","line":938,"loc":{"start":{"line":938,"column":2},"end":{"line":957,"column":2}}},"36":{"name":"checkIfUTokenExist","line":964,"loc":{"start":{"line":964,"column":2},"end":{"line":969,"column":2}}},"37":{"name":"updateStableUnitsInUSD","line":971,"loc":{"start":{"line":971,"column":2},"end":{"line":977,"column":2}}},"38":{"name":"getUTokenProportion","line":985,"loc":{"start":{"line":985,"column":2},"end":{"line":998,"column":2}}},"39":{"name":"getPreDepVAlueFromStorage","line":1000,"loc":{"start":{"line":1000,"column":2},"end":{"line":1006,"column":2}}},"40":{"name":"inputTokenUSD","line":1015,"loc":{"start":{"line":1015,"column":2},"end":{"line":1043,"column":2}}},"41":{"name":"emergencyRebalance","line":1058,"loc":{"start":{"line":1053,"column":2},"end":{"line":1060,"column":2}}},"42":{"name":"rebalanceInternal","line":1062,"loc":{"start":{"line":1062,"column":2},"end":{"line":1106,"column":2}}},"43":{"name":"checkProductType","line":1108,"loc":{"start":{"line":1108,"column":2},"end":{"line":1111,"column":2}}},"44":{"name":"algoRebalance2","line":1133,"loc":{"start":{"line":1124,"column":2},"end":{"line":1179,"column":2}}},"45":{"name":"setUntrackedTokToPredep","line":1181,"loc":{"start":{"line":1181,"column":2},"end":{"line":1188,"column":2}}},"46":{"name":"pauseQueueWithdrawUnstaking","line":1190,"loc":{"start":{"line":1190,"column":2},"end":{"line":1193,"column":2}}},"47":{"name":"reInitializeVault","line":1207,"loc":{"start":{"line":1195,"column":2},"end":{"line":1235,"column":2}}},"48":{"name":"reinitializeInternal","line":1237,"loc":{"start":{"line":1237,"column":2},"end":{"line":1248,"column":2}}},"49":{"name":"convertToStable","line":1251,"loc":{"start":{"line":1251,"column":2},"end":{"line":1278,"column":2}}},"50":{"name":"getMidToken","line":1280,"loc":{"start":{"line":1280,"column":2},"end":{"line":1282,"column":2}}},"51":{"name":"getInputToken","line":1283,"loc":{"start":{"line":1283,"column":2},"end":{"line":1287,"column":2}}}},"statementMap":{"1":{"start":{"line":84,"column":4},"end":{"line":84,"column":22}},"2":{"start":{"line":89,"column":4},"end":{"line":89,"column":23}},"3":{"start":{"line":94,"column":4},"end":{"line":94,"column":32}},"4":{"start":{"line":98,"column":4},"end":{"line":98,"column":33}},"5":{"start":{"line":107,"column":4},"end":{"line":107,"column":27}},"6":{"start":{"line":116,"column":4},"end":{"line":116,"column":29}},"7":{"start":{"line":120,"column":4},"end":{"line":120,"column":33}},"8":{"start":{"line":124,"column":4},"end":{"line":124,"column":32}},"9":{"start":{"line":132,"column":4},"end":{"line":132,"column":17}},"10":{"start":{"line":136,"column":4},"end":{"line":136,"column":32}},"11":{"start":{"line":136,"column":17},"end":{"line":136,"column":31}},"12":{"start":{"line":140,"column":4},"end":{"line":140,"column":49}},"13":{"start":{"line":156,"column":4},"end":{"line":156,"column":36}},"14":{"start":{"line":157,"column":4},"end":{"line":157,"column":79}},"15":{"start":{"line":158,"column":4},"end":{"line":158,"column":25}},"16":{"start":{"line":159,"column":4},"end":{"line":159,"column":62}},"17":{"start":{"line":160,"column":4},"end":{"line":160,"column":49}},"18":{"start":{"line":184,"column":4},"end":{"line":184,"column":34}},"19":{"start":{"line":185,"column":4},"end":{"line":185,"column":50}},"20":{"start":{"line":186,"column":4},"end":{"line":186,"column":41}},"21":{"start":{"line":187,"column":4},"end":{"line":187,"column":41}},"22":{"start":{"line":188,"column":4},"end":{"line":188,"column":74}},"23":{"start":{"line":189,"column":4},"end":{"line":189,"column":92}},"24":{"start":{"line":195,"column":4},"end":{"line":195,"column":88}},"25":{"start":{"line":197,"column":4},"end":{"line":197,"column":6545}},"26":{"start":{"line":198,"column":6},"end":{"line":198,"column":78}},"27":{"start":{"line":199,"column":6},"end":{"line":199,"column":25}},"28":{"start":{"line":200,"column":6},"end":{"line":200,"column":53}},"29":{"start":{"line":202,"column":6},"end":{"line":202,"column":44}},"30":{"start":{"line":206,"column":4},"end":{"line":206,"column":6930}},"31":{"start":{"line":211,"column":4},"end":{"line":211,"column":7052}},"32":{"start":{"line":220,"column":4},"end":{"line":220,"column":7264}},"33":{"start":{"line":230,"column":4},"end":{"line":230,"column":98}},"34":{"start":{"line":232,"column":4},"end":{"line":232,"column":7779}},"35":{"start":{"line":244,"column":6},"end":{"line":244,"column":8137}},"36":{"start":{"line":245,"column":8},"end":{"line":245,"column":8179}},"37":{"start":{"line":267,"column":8},"end":{"line":267,"column":72}},"38":{"start":{"line":271,"column":8},"end":{"line":271,"column":49}},"39":{"start":{"line":277,"column":8},"end":{"line":277,"column":9266}},"40":{"start":{"line":284,"column":8},"end":{"line":284,"column":80}},"41":{"start":{"line":303,"column":8},"end":{"line":303,"column":10159}},"42":{"start":{"line":312,"column":4},"end":{"line":312,"column":10333}},"43":{"start":{"line":324,"column":4},"end":{"line":324,"column":31}},"44":{"start":{"line":325,"column":4},"end":{"line":325,"column":41}},"45":{"start":{"line":336,"column":4},"end":{"line":336,"column":77}},"46":{"start":{"line":338,"column":4},"end":{"line":338,"column":11026}},"47":{"start":{"line":340,"column":6},"end":{"line":340,"column":11144}},"48":{"start":{"line":351,"column":6},"end":{"line":351,"column":63}},"49":{"start":{"line":359,"column":4},"end":{"line":359,"column":74}},"50":{"start":{"line":360,"column":4},"end":{"line":360,"column":11867}},"51":{"start":{"line":361,"column":6},"end":{"line":361,"column":83}},"52":{"start":{"line":362,"column":6},"end":{"line":362,"column":11980}},"53":{"start":{"line":366,"column":6},"end":{"line":366,"column":22}},"54":{"start":{"line":368,"column":4},"end":{"line":368,"column":33}},"55":{"start":{"line":375,"column":4},"end":{"line":375,"column":74}},"56":{"start":{"line":376,"column":4},"end":{"line":376,"column":12469}},"57":{"start":{"line":377,"column":6},"end":{"line":377,"column":61}},"58":{"start":{"line":379,"column":4},"end":{"line":379,"column":33}},"59":{"start":{"line":403,"column":4},"end":{"line":403,"column":34}},"60":{"start":{"line":408,"column":4},"end":{"line":408,"column":13446}},"61":{"start":{"line":409,"column":8},"end":{"line":409,"column":13503}},"62":{"start":{"line":416,"column":4},"end":{"line":416,"column":13766}},"63":{"start":{"line":417,"column":8},"end":{"line":417,"column":13823}},"64":{"start":{"line":420,"column":12},"end":{"line":420,"column":13979}},"65":{"start":{"line":434,"column":12},"end":{"line":434,"column":14503}},"66":{"start":{"line":453,"column":4},"end":{"line":453,"column":82}},"67":{"start":{"line":454,"column":4},"end":{"line":454,"column":44}},"68":{"start":{"line":456,"column":4},"end":{"line":456,"column":27}},"69":{"start":{"line":481,"column":6},"end":{"line":481,"column":16024}},"70":{"start":{"line":482,"column":8},"end":{"line":482,"column":16079}},"71":{"start":{"line":483,"column":10},"end":{"line":483,"column":16124}},"72":{"start":{"line":492,"column":6},"end":{"line":492,"column":45}},"73":{"start":{"line":493,"column":6},"end":{"line":493,"column":16405}},"74":{"start":{"line":505,"column":4},"end":{"line":505,"column":34}},"75":{"start":{"line":528,"column":6},"end":{"line":528,"column":17401}},"76":{"start":{"line":538,"column":4},"end":{"line":538,"column":54}},"77":{"start":{"line":542,"column":4},"end":{"line":542,"column":72}},"78":{"start":{"line":543,"column":4},"end":{"line":543,"column":17834}},"79":{"start":{"line":547,"column":4},"end":{"line":547,"column":17956}},"80":{"start":{"line":553,"column":4},"end":{"line":553,"column":50}},"81":{"start":{"line":554,"column":4},"end":{"line":554,"column":57}},"82":{"start":{"line":555,"column":4},"end":{"line":555,"column":58}},"83":{"start":{"line":570,"column":4},"end":{"line":570,"column":61}},"84":{"start":{"line":571,"column":4},"end":{"line":571,"column":50}},"85":{"start":{"line":590,"column":4},"end":{"line":590,"column":40}},"86":{"start":{"line":603,"column":4},"end":{"line":603,"column":50}},"87":{"start":{"line":604,"column":4},"end":{"line":604,"column":69}},"88":{"start":{"line":607,"column":4},"end":{"line":607,"column":46}},"89":{"start":{"line":609,"column":4},"end":{"line":609,"column":74}},"90":{"start":{"line":610,"column":4},"end":{"line":610,"column":82}},"91":{"start":{"line":612,"column":4},"end":{"line":612,"column":78}},"92":{"start":{"line":614,"column":4},"end":{"line":614,"column":20543}},"93":{"start":{"line":618,"column":4},"end":{"line":618,"column":20681}},"94":{"start":{"line":622,"column":4},"end":{"line":622,"column":20803}},"95":{"start":{"line":629,"column":4},"end":{"line":629,"column":140}},"96":{"start":{"line":630,"column":4},"end":{"line":630,"column":21152}},"97":{"start":{"line":636,"column":4},"end":{"line":636,"column":21265}},"98":{"start":{"line":645,"column":4},"end":{"line":645,"column":21536}},"99":{"start":{"line":652,"column":4},"end":{"line":652,"column":83}},"100":{"start":{"line":654,"column":4},"end":{"line":654,"column":21791}},"101":{"start":{"line":675,"column":4},"end":{"line":675,"column":61}},"102":{"start":{"line":676,"column":4},"end":{"line":676,"column":30}},"103":{"start":{"line":677,"column":4},"end":{"line":677,"column":22534}},"104":{"start":{"line":685,"column":4},"end":{"line":685,"column":22723}},"105":{"start":{"line":686,"column":6},"end":{"line":686,"column":80}},"106":{"start":{"line":689,"column":4},"end":{"line":689,"column":22887}},"107":{"start":{"line":696,"column":4},"end":{"line":696,"column":39}},"108":{"start":{"line":706,"column":4},"end":{"line":706,"column":54}},"109":{"start":{"line":716,"column":4},"end":{"line":716,"column":14}},"110":{"start":{"line":717,"column":4},"end":{"line":717,"column":28}},"111":{"start":{"line":721,"column":4},"end":{"line":721,"column":23747}},"112":{"start":{"line":726,"column":4},"end":{"line":726,"column":23865}},"113":{"start":{"line":730,"column":4},"end":{"line":730,"column":24003}},"114":{"start":{"line":731,"column":6},"end":{"line":731,"column":24084}},"115":{"start":{"line":736,"column":8},"end":{"line":736,"column":24302}},"116":{"start":{"line":742,"column":6},"end":{"line":742,"column":24477}},"117":{"start":{"line":747,"column":4},"end":{"line":747,"column":24617}},"118":{"start":{"line":751,"column":4},"end":{"line":751,"column":30}},"119":{"start":{"line":759,"column":4},"end":{"line":759,"column":18}},"120":{"start":{"line":760,"column":4},"end":{"line":760,"column":24}},"121":{"start":{"line":761,"column":4},"end":{"line":761,"column":26}},"122":{"start":{"line":762,"column":4},"end":{"line":762,"column":25047}},"123":{"start":{"line":763,"column":6},"end":{"line":763,"column":25077}},"124":{"start":{"line":764,"column":8},"end":{"line":764,"column":25153}},"125":{"start":{"line":774,"column":10},"end":{"line":774,"column":25550}},"126":{"start":{"line":786,"column":6},"end":{"line":786,"column":25920}},"127":{"start":{"line":798,"column":6},"end":{"line":798,"column":26330}},"128":{"start":{"line":799,"column":8},"end":{"line":799,"column":26390}},"129":{"start":{"line":803,"column":10},"end":{"line":803,"column":26583}},"130":{"start":{"line":819,"column":6},"end":{"line":819,"column":27126}},"131":{"start":{"line":829,"column":8},"end":{"line":829,"column":27510}},"132":{"start":{"line":841,"column":6},"end":{"line":841,"column":27855}},"133":{"start":{"line":855,"column":6},"end":{"line":855,"column":28302}},"134":{"start":{"line":858,"column":8},"end":{"line":858,"column":28466}},"135":{"start":{"line":871,"column":4},"end":{"line":871,"column":28803}},"136":{"start":{"line":879,"column":4},"end":{"line":879,"column":31}},"137":{"start":{"line":888,"column":4},"end":{"line":888,"column":29271}},"138":{"start":{"line":889,"column":6},"end":{"line":889,"column":78}},"139":{"start":{"line":890,"column":6},"end":{"line":890,"column":73}},"140":{"start":{"line":891,"column":6},"end":{"line":891,"column":82}},"141":{"start":{"line":892,"column":6},"end":{"line":892,"column":43}},"142":{"start":{"line":893,"column":6},"end":{"line":893,"column":70}},"143":{"start":{"line":903,"column":4},"end":{"line":903,"column":65}},"144":{"start":{"line":904,"column":4},"end":{"line":904,"column":63}},"145":{"start":{"line":918,"column":4},"end":{"line":918,"column":24}},"146":{"start":{"line":919,"column":4},"end":{"line":919,"column":30490}},"147":{"start":{"line":927,"column":6},"end":{"line":927,"column":30771}},"148":{"start":{"line":935,"column":4},"end":{"line":935,"column":28}},"149":{"start":{"line":943,"column":4},"end":{"line":943,"column":16}},"150":{"start":{"line":944,"column":4},"end":{"line":944,"column":22}},"151":{"start":{"line":947,"column":4},"end":{"line":947,"column":31368}},"152":{"start":{"line":968,"column":4},"end":{"line":968,"column":46}},"153":{"start":{"line":974,"column":4},"end":{"line":974,"column":50}},"154":{"start":{"line":976,"column":4},"end":{"line":976,"column":35}},"155":{"start":{"line":1001,"column":4},"end":{"line":1001,"column":33152}},"156":{"start":{"line":1020,"column":4},"end":{"line":1020,"column":61}},"157":{"start":{"line":1021,"column":4},"end":{"line":1021,"column":18}},"158":{"start":{"line":1022,"column":4},"end":{"line":1022,"column":23}},"159":{"start":{"line":1023,"column":4},"end":{"line":1023,"column":17}},"160":{"start":{"line":1024,"column":4},"end":{"line":1024,"column":22}},"161":{"start":{"line":1026,"column":4},"end":{"line":1026,"column":33960}},"162":{"start":{"line":1033,"column":6},"end":{"line":1033,"column":34173}},"163":{"start":{"line":1037,"column":8},"end":{"line":1037,"column":47}},"164":{"start":{"line":1059,"column":4},"end":{"line":1059,"column":71}},"165":{"start":{"line":1068,"column":4},"end":{"line":1068,"column":52}},"166":{"start":{"line":1070,"column":4},"end":{"line":1070,"column":61}},"167":{"start":{"line":1072,"column":4},"end":{"line":1072,"column":35550}},"168":{"start":{"line":1073,"column":6},"end":{"line":1073,"column":35600}},"169":{"start":{"line":1077,"column":6},"end":{"line":1077,"column":35694}},"170":{"start":{"line":1084,"column":4},"end":{"line":1084,"column":42}},"171":{"start":{"line":1086,"column":4},"end":{"line":1086,"column":65}},"172":{"start":{"line":1089,"column":4},"end":{"line":1089,"column":36028}},"173":{"start":{"line":1094,"column":4},"end":{"line":1094,"column":75}},"174":{"start":{"line":1095,"column":4},"end":{"line":1095,"column":36207}},"175":{"start":{"line":1096,"column":6},"end":{"line":1096,"column":36238}},"176":{"start":{"line":1105,"column":4},"end":{"line":1105,"column":53}},"177":{"start":{"line":1109,"column":4},"end":{"line":1109,"column":75}},"178":{"start":{"line":1110,"column":4},"end":{"line":1110,"column":29}},"179":{"start":{"line":1134,"column":4},"end":{"line":1134,"column":50}},"180":{"start":{"line":1136,"column":4},"end":{"line":1136,"column":66}},"181":{"start":{"line":1137,"column":4},"end":{"line":1137,"column":67}},"182":{"start":{"line":1138,"column":4},"end":{"line":1138,"column":24}},"183":{"start":{"line":1140,"column":4},"end":{"line":1140,"column":71}},"184":{"start":{"line":1144,"column":4},"end":{"line":1144,"column":37964}},"185":{"start":{"line":1153,"column":4},"end":{"line":1153,"column":53}},"186":{"start":{"line":1155,"column":4},"end":{"line":1155,"column":38216}},"187":{"start":{"line":1166,"column":4},"end":{"line":1166,"column":38503}},"188":{"start":{"line":1173,"column":4},"end":{"line":1173,"column":38655}},"189":{"start":{"line":1182,"column":4},"end":{"line":1182,"column":38912}},"190":{"start":{"line":1191,"column":4},"end":{"line":1191,"column":40}},"191":{"start":{"line":1208,"column":4},"end":{"line":1208,"column":50}},"192":{"start":{"line":1209,"column":4},"end":{"line":1209,"column":49}},"193":{"start":{"line":1210,"column":4},"end":{"line":1210,"column":43}},"194":{"start":{"line":1211,"column":4},"end":{"line":1211,"column":34}},"195":{"start":{"line":1213,"column":4},"end":{"line":1213,"column":39910}},"196":{"start":{"line":1217,"column":4},"end":{"line":1217,"column":64}},"197":{"start":{"line":1219,"column":4},"end":{"line":1219,"column":60}},"198":{"start":{"line":1220,"column":4},"end":{"line":1220,"column":57}},"199":{"start":{"line":1221,"column":4},"end":{"line":1221,"column":40288}},"200":{"start":{"line":1225,"column":4},"end":{"line":1225,"column":40431}},"201":{"start":{"line":1226,"column":6},"end":{"line":1226,"column":40483}},"202":{"start":{"line":1232,"column":4},"end":{"line":1232,"column":72}},"203":{"start":{"line":1234,"column":4},"end":{"line":1234,"column":55}},"204":{"start":{"line":1238,"column":4},"end":{"line":1238,"column":67}},"205":{"start":{"line":1239,"column":4},"end":{"line":1239,"column":76}},"206":{"start":{"line":1241,"column":4},"end":{"line":1241,"column":41139}},"207":{"start":{"line":1247,"column":4},"end":{"line":1247,"column":41}},"208":{"start":{"line":1259,"column":4},"end":{"line":1259,"column":68}},"209":{"start":{"line":1263,"column":4},"end":{"line":1263,"column":48}},"210":{"start":{"line":1266,"column":4},"end":{"line":1266,"column":41941}},"211":{"start":{"line":1267,"column":6},"end":{"line":1267,"column":41984}},"212":{"start":{"line":1281,"column":4},"end":{"line":1281,"column":50}}},"branchMap":{"1":{"line":94,"type":"if","locations":[{"start":{"line":94,"column":4},"end":{"line":94,"column":4}},{"start":{"line":94,"column":4},"end":{"line":94,"column":4}}]},"2":{"line":98,"type":"if","locations":[{"start":{"line":98,"column":4},"end":{"line":98,"column":4}},{"start":{"line":98,"column":4},"end":{"line":98,"column":4}}]},"3":{"line":105,"type":"if","locations":[{"start":{"line":105,"column":28},"end":{"line":105,"column":28}},{"start":{"line":105,"column":28},"end":{"line":105,"column":28}}]},"4":{"line":105,"type":"if","locations":[{"start":{"line":105,"column":45},"end":{"line":105,"column":45}},{"start":{"line":105,"column":45},"end":{"line":105,"column":45}}]},"5":{"line":114,"type":"if","locations":[{"start":{"line":114,"column":30},"end":{"line":114,"column":30}},{"start":{"line":114,"column":30},"end":{"line":114,"column":30}}]},"6":{"line":114,"type":"if","locations":[{"start":{"line":114,"column":45},"end":{"line":114,"column":45}},{"start":{"line":114,"column":45},"end":{"line":114,"column":45}}]},"7":{"line":120,"type":"if","locations":[{"start":{"line":120,"column":4},"end":{"line":120,"column":4}},{"start":{"line":120,"column":4},"end":{"line":120,"column":4}}]},"8":{"line":124,"type":"if","locations":[{"start":{"line":124,"column":4},"end":{"line":124,"column":4}},{"start":{"line":124,"column":4},"end":{"line":124,"column":4}}]},"9":{"line":136,"type":"if","locations":[{"start":{"line":136,"column":4},"end":{"line":136,"column":4}},{"start":{"line":136,"column":4},"end":{"line":136,"column":4}}]},"10":{"line":139,"type":"if","locations":[{"start":{"line":139,"column":73},"end":{"line":139,"column":73}},{"start":{"line":139,"column":73},"end":{"line":139,"column":73}}]},"11":{"line":155,"type":"if","locations":[{"start":{"line":155,"column":13},"end":{"line":155,"column":13}},{"start":{"line":155,"column":13},"end":{"line":155,"column":13}}]},"12":{"line":155,"type":"if","locations":[{"start":{"line":155,"column":26},"end":{"line":155,"column":26}},{"start":{"line":155,"column":26},"end":{"line":155,"column":26}}]},"13":{"line":155,"type":"if","locations":[{"start":{"line":155,"column":36},"end":{"line":155,"column":36}},{"start":{"line":155,"column":36},"end":{"line":155,"column":36}}]},"14":{"line":183,"type":"if","locations":[{"start":{"line":183,"column":13},"end":{"line":183,"column":13}},{"start":{"line":183,"column":13},"end":{"line":183,"column":13}}]},"15":{"line":183,"type":"if","locations":[{"start":{"line":183,"column":26},"end":{"line":183,"column":26}},{"start":{"line":183,"column":26},"end":{"line":183,"column":26}}]},"16":{"line":197,"type":"if","locations":[{"start":{"line":197,"column":4},"end":{"line":197,"column":4}},{"start":{"line":197,"column":4},"end":{"line":197,"column":4}}]},"17":{"line":244,"type":"if","locations":[{"start":{"line":244,"column":6},"end":{"line":244,"column":6}},{"start":{"line":244,"column":6},"end":{"line":244,"column":6}}]},"18":{"line":245,"type":"if","locations":[{"start":{"line":245,"column":8},"end":{"line":245,"column":8}},{"start":{"line":245,"column":8},"end":{"line":245,"column":8}}]},"19":{"line":277,"type":"if","locations":[{"start":{"line":277,"column":8},"end":{"line":277,"column":8}},{"start":{"line":277,"column":8},"end":{"line":277,"column":8}}]},"20":{"line":338,"type":"if","locations":[{"start":{"line":338,"column":4},"end":{"line":338,"column":4}},{"start":{"line":338,"column":4},"end":{"line":338,"column":4}}]},"21":{"line":360,"type":"if","locations":[{"start":{"line":360,"column":4},"end":{"line":360,"column":4}},{"start":{"line":360,"column":4},"end":{"line":360,"column":4}}]},"22":{"line":376,"type":"if","locations":[{"start":{"line":376,"column":4},"end":{"line":376,"column":4}},{"start":{"line":376,"column":4},"end":{"line":376,"column":4}}]},"23":{"line":409,"type":"if","locations":[{"start":{"line":409,"column":8},"end":{"line":409,"column":8}},{"start":{"line":409,"column":8},"end":{"line":409,"column":8}}]},"24":{"line":417,"type":"if","locations":[{"start":{"line":417,"column":8},"end":{"line":417,"column":8}},{"start":{"line":417,"column":8},"end":{"line":417,"column":8}}]},"25":{"line":420,"type":"if","locations":[{"start":{"line":420,"column":12},"end":{"line":420,"column":12}},{"start":{"line":420,"column":12},"end":{"line":420,"column":12}}]},"26":{"line":482,"type":"if","locations":[{"start":{"line":482,"column":8},"end":{"line":482,"column":8}},{"start":{"line":482,"column":8},"end":{"line":482,"column":8}}]},"27":{"line":483,"type":"if","locations":[{"start":{"line":483,"column":10},"end":{"line":483,"column":10}},{"start":{"line":483,"column":10},"end":{"line":483,"column":10}}]},"28":{"line":547,"type":"if","locations":[{"start":{"line":547,"column":4},"end":{"line":547,"column":4}},{"start":{"line":547,"column":4},"end":{"line":547,"column":4}}]},"29":{"line":569,"type":"if","locations":[{"start":{"line":569,"column":13},"end":{"line":569,"column":13}},{"start":{"line":569,"column":13},"end":{"line":569,"column":13}}
[...]
355,"column":67}},"233":{"start":{"line":1356,"column":4},"end":{"line":1356,"column":45337}},"234":{"start":{"line":1380,"column":4},"end":{"line":1380,"column":71}},"235":{"start":{"line":1381,"column":4},"end":{"line":1381,"column":46297}},"236":{"start":{"line":1395,"column":4},"end":{"line":1395,"column":52}}},"branchMap":{"1":{"line":105,"type":"if","locations":[{"start":{"line":105,"column":4},"end":{"line":105,"column":4}},{"start":{"line":105,"column":4},"end":{"line":105,"column":4}}]},"2":{"line":109,"type":"if","locations":[{"start":{"line":109,"column":4},"end":{"line":109,"column":4}},{"start":{"line":109,"column":4},"end":{"line":109,"column":4}}]},"3":{"line":110,"type":"cond-expr","locations":[{"start":{"line":110,"column":6},"end":{"line":110,"column":59}},{"start":{"line":110,"column":64},"end":{"line":110,"column":84}}]},"4":{"line":127,"type":"if","locations":[{"start":{"line":127,"column":22},"end":{"line":127,"column":22}},{"start":{"line":127,"column":22},"end":{"line":127,"column":22}}]},"5":{"line":131,"type":"if","locations":[{"start":{"line":131,"column":4},"end":{"line":131,"column":4}},{"start":{"line":131,"column":4},"end":{"line":131,"column":4}}]},"6":{"line":132,"type":"if","locations":[{"start":{"line":132,"column":4},"end":{"line":132,"column":4}},{"start":{"line":132,"column":4},"end":{"line":132,"column":4}}]},"7":{"line":137,"type":"if","locations":[{"start":{"line":137,"column":6},"end":{"line":137,"column":6}},{"start":{"line":137,"column":6},"end":{"line":137,"column":6}}]},"8":{"line":154,"type":"if","locations":[{"start":{"line":154,"column":13},"end":{"line":154,"column":13}},{"start":{"line":154,"column":13},"end":{"line":154,"column":13}}]},"9":{"line":154,"type":"if","locations":[{"start":{"line":154,"column":23},"end":{"line":154,"column":23}},{"start":{"line":154,"column":23},"end":{"line":154,"column":23}}]},"10":{"line":174,"type":"if","locations":[{"start":{"line":174,"column":13},"end":{"line":174,"column":13}},{"start":{"line":174,"column":13},"end":{"line":174,"column":13}}]},"11":{"line":174,"type":"if","locations":[{"start":{"line":174,"column":23},"end":{"line":174,"column":23}},{"start":{"line":174,"column":23},"end":{"line":174,"column":23}}]},"12":{"line":201,"type":"if","locations":[{"start":{"line":201,"column":22},"end":{"line":201,"column":22}},{"start":{"line":201,"column":22},"end":{"line":201,"column":22}}]},"13":{"line":207,"type":"if","locations":[{"start":{"line":207,"column":4},"end":{"line":207,"column":4}},{"start":{"line":207,"column":4},"end":{"line":207,"column":4}}]},"14":{"line":216,"type":"if","locations":[{"start":{"line":216,"column":6},"end":{"line":216,"column":6}},{"start":{"line":216,"column":6},"end":{"line":216,"column":6}}]},"15":{"line":284,"type":"if","locations":[{"start":{"line":284,"column":4},"end":{"line":284,"column":4}},{"start":{"line":284,"column":4},"end":{"line":284,"column":4}}]},"16":{"line":284,"type":"cond-expr","locations":[{"start":{"line":284,"column":12},"end":{"line":284,"column":36}},{"start":{"line":284,"column":41},"end":{"line":284,"column":61}}]},"17":{"line":286,"type":"if","locations":[{"start":{"line":286,"column":4},"end":{"line":286,"column":4}},{"start":{"line":286,"column":4},"end":{"line":286,"column":4}}]},"18":{"line":325,"type":"if","locations":[{"start":{"line":325,"column":4},"end":{"line":325,"column":4}},{"start":{"line":325,"column":4},"end":{"line":325,"column":4}}]},"19":{"line":363,"type":"if","locations":[{"start":{"line":363,"column":4},"end":{"line":363,"column":4}},{"start":{"line":363,"column":4},"end":{"line":363,"column":4}}]},"20":{"line":373,"type":"if","locations":[{"start":{"line":373,"column":55},"end":{"line":373,"column":55}},{"start":{"line":373,"column":55},"end":{"line":373,"column":55}}]},"21":{"line":391,"type":"if","locations":[{"start":{"line":391,"column":4},"end":{"line":391,"column":4}},{"start":{"line":391,"column":4},"end":{"line":391,"column":4}}]},"22":{"line":432,"type":"if","locations":[{"start":{"line":432,"column":4},"end":{"line":432,"column":4}},{"start":{"line":432,"column":4},"end":{"line":432,"column":4}}]},"23":{"line":437,"type":"if","locations":[{"start":{"line":437,"column":4},"end":{"line":437,"column":4}},{"start":{"line":437,"column":4},"end":{"line":437,"column":4}}]},"24":{"line":442,"type":"if","locations":[{"start":{"line":442,"column":4},"end":{"line":442,"column":4}},{"start":{"line":442,"column":4},"end":{"line":442,"column":4}}]},"25":{"line":459,"type":"if","locations":[{"start":{"line":459,"column":4},"end":{"line":459,"column":4}},{"start":{"line":459,"column":4},"end":{"line":459,"column":4}}]},"26":{"line":478,"type":"if","locations":[{"start":{"line":478,"column":48},"end":{"line":478,"column":60}},{"start":{"line":478,"column":64},"end":{"line":478,"column":76}}]},"27":{"line":482,"type":"if","locations":[{"start":{"line":482,"column":6},"end":{"line":482,"column":6}},{"start":{"line":482,"column":6},"end":{"line":482,"column":6}}]},"28":{"line":483,"type":"if","locations":[{"start":{"line":483,"column":8},"end":{"line":483,"column":8}},{"start":{"line":483,"column":8},"end":{"line":483,"column":8}}]},"29":{"line":493,"type":"if","locations":[{"start":{"line":493,"column":8},"end":{"line":493,"column":8}},{"start":{"line":493,"column":8},"end":{"line":493,"column":8}}]},"30":{"line":524,"type":"if","locations":[{"start":{"line":524,"column":4},"end":{"line":524,"column":4}},{"start":{"line":524,"column":4},"end":{"line":524,"column":4}}]},"31":{"line":532,"type":"if","locations":[{"start":{"line":532,"column":4},"end":{"line":532,"column":4}},{"start":{"line":532,"column":4},"end":{"line":532,"column":4}}]},"32":{"line":541,"type":"if","locations":[{"start":{"line":541,"column":4},"end":{"line":541,"column":4}},{"start":{"line":541,"column":4},"end":{"line":541,"column":4}}]},"33":{"line":555,"type":"if","locations":[{"start":{"line":555,"column":4},"end":{"line":555,"column":4}},{"start":{"line":555,"column":4},"end":{"line":555,"column":4}}]},"34":{"line":557,"type":"if","locations":[{"start":{"line":557,"column":6},"end":{"line":557,"column":6}},{"start":{"line":557,"column":6},"end":{"line":557,"column":6}}]},"35":{"line":563,"type":"if","locations":[{"start":{"line":563,"column":8},"end":{"line":563,"column":8}},{"start":{"line":563,"column":8},"end":{"line":563,"column":8}}]},"36":{"line":568,"type":"if","locations":[{"start":{"line":568,"column":8},"end":{"line":568,"column":8}},{"start":{"line":568,"column":8},"end":{"line":568,"column":8}}]},"37":{"line":571,"type":"if","locations":[{"start":{"line":571,"column":10},"end":{"line":571,"column":10}},{"start":{"line":571,"column":10},"end":{"line":571,"column":10}}]},"38":{"line":573,"type":"if","locations":[{"start":{"line":573,"column":12},"end":{"line":573,"column":12}},{"start":{"line":573,"column":12},"end":{"line":573,"column":12}}]},"39":{"line":580,"type":"if","locations":[{"start":{"line":580,"column":17},"end":{"line":580,"column":17}},{"start":{"line":580,"column":17},"end":{"line":580,"column":17}}]},"40":{"line":582,"type":"if","locations":[{"start":{"line":582,"column":12},"end":{"line":582,"column":12}},{"start":{"line":582,"column":12},"end":{"line":582,"column":12}}]},"41":{"line":590,"type":"if","locations":[{"start":{"line":590,"column":17},"end":{"line":590,"column":17}},{"start":{"line":590,"column":17},"end":{"line":590,"column":17}}]},"42":{"line":592,"type":"if","locations":[{"start":{"line":592,"column":12},"end":{"line":592,"column":12}},{"start":{"line":592,"column":12},"end":{"line":592,"column":12}}]},"43":{"line":635,"type":"if","locations":[{"start":{"line":635,"column":4},"end":{"line":635,"column":4}},{"start":{"line":635,"column":4},"end":{"line":635,"column":4}}]},"44":{"line":638,"type":"if","locations":[{"start":{"line":638,"column":6},"end":{"line":638,"column":6}},{"start":{"line":638,"column":6},"end":{"line":638,"column":6}}]},"45":{"line":642,"type":"if","locations":[{"start":{"line":642,"column":4},"end":{"line":642,"column":4}},{"start":{"line":642,"column":4},"end":{"line":642,"column":4}}]},"46":{"line":643,"type":"if","locations":[{"start":{"line":643,"column":6},"end":{"line":643,"column":6}},{"start":{"line":643,"column":6},"end":{"line":643,"column":6}}]},"47":{"line":663,"type":"if","locations":[{"start":{"line":663,"column":4},"end":{"line":663,"column":4}},{"start":{"line":663,"column":4},"end":{"line":663,"column":4}}]},"48":{"line":673,"type":"if","locations":[{"start":{"line":673,"column":11},"end":{"line":673,"column":11}},{"start":{"line":673,"column":11},"end":{"line":673,"column":11}}]},"49":{"line":694,"type":"if","locations":[{"start":{"line":694,"column":4},"end":{"line":694,"column":4}},{"start":{"line":694,"column":4},"end":{"line":694,"column":4}}]},"50":{"line":762,"type":"if","locations":[{"start":{"line":762,"column":4},"end":{"line":762,"column":4}},{"start":{"line":762,"column":4},"end":{"line":762,"column":4}}]},"51":{"line":836,"type":"if","locations":[{"start":{"line":836,"column":4},"end":{"line":836,"column":4}},{"start":{"line":836,"column":4},"end":{"line":836,"column":4}}]},"52":{"line":837,"type":"if","locations":[{"start":{"line":837,"column":6},"end":{"line":837,"column":6}},{"start":{"line":837,"column":6},"end":{"line":837,"column":6}}]},"53":{"line":861,"type":"if","locations":[{"start":{"line":861,"column":4},"end":{"line":861,"column":4}},{"start":{"line":861,"column":4},"end":{"line":861,"column":4}}]},"54":{"line":864,"type":"if","locations":[{"start":{"line":864,"column":6},"end":{"line":864,"column":6}},{"start":{"line":864,"column":6},"end":{"line":864,"column":6}}]},"55":{"line":865,"type":"if","locations":[{"start":{"line":865,"column":8},"end":{"line":865,"column":8}},{"start":{"line":865,"column":8},"end":{"line":865,"column":8}}]},"56":{"line":874,"type":"if","locations":[{"start":{"line":874,"column":4},"end":{"line":874,"column":4}},{"start":{"line":874,"column":4},"end":{"line":874,"column":4}}]},"57":{"line":877,"type":"if","locations":[{"start":{"line":877,"column":6},"end":{"line":877,"column":6}},{"start":{"line":877,"column":6},"end":{"line":877,"column":6}}]},"58":{"line":878,"type":"if","locations":[{"start":{"line":878,"column":8},"end":{"line":878,"column":8}},{"start":{"line":878,"column":8},"end":{"line":878,"column":8}}]},"59":{"line":887,"type":"if","locations":[{"start":{"line":887,"column":4},"end":{"line":887,"column":4}},{"start":{"line":887,"column":4},"end":{"line":887,"column":4}}]},"60":{"line":891,"type":"if","locations":[{"start":{"line":891,"column":6},"end":{"line":891,"column":6}},{"start":{"line":891,"column":6},"end":{"line":891,"column":6}}]},"61":{"line":892,"type":"if","locations":[{"start":{"line":892,"column":8},"end":{"line":892,"column":8}},{"start":{"line":892,"column":8},"end":{"line":892,"column":8}}]},"62":{"line":934,"type":"if","locations":[{"start":{"line":934,"column":6},"end":{"line":934,"column":6}},{"start":{"line":934,"column":6},"end":{"line":934,"column":6}}]},"63":{"line":942,"type":"if","locations":[{"start":{"line":942,"column":8},"end":{"line":942,"column":8}},{"start":{"line":942,"column":8},"end":{"line":942,"column":8}}]},"64":{"line":945,"type":"if","locations":[{"start":{"line":945,"column":8},"end":{"line":945,"column":8}},{"start":{"line":945,"column":8},"end":{"line":945,"column":8}}]},"65":{"line":946,"type":"if","locations":[{"start":{"line":946,"column":10},"end":{"line":946,"column":10}},{"start":{"line":946,"column":10},"end":{"line":946,"column":10}}]},"66":{"line":987,"type":"if","locations":[{"start":{"line":987,"column":8},"end":{"line":987,"column":8}},{"start":{"line":987,"column":8},"end":{"line":987,"column":8}}]},"67":{"line":988,"type":"if","locations":[{"start":{"line":988,"column":10},"end":{"line":988,"column":10}},{"start":{"line":988,"column":10},"end":{"line":988,"column":10}}]},"68":{"line":991,"type":"if","locations":[{"start":{"line":991,"column":12},"end":{"line":991,"column":12}},{"start":{"line":991,"column":12},"end":{"line":991,"column":12}}]},"69":{"line":1013,"type":"if","locations":[{"start":{"line":1013,"column":8},"end":{"line":1013,"column":8}},{"start":{"line":1013,"column":8},"end":{"line":1013,"column":8}}]},"70":{"line":1014,"type":"if","locations":[{"start":{"line":1014,"column":10},"end":{"line":1014,"column":10}},{"start":{"line":1014,"column":10},"end":{"line":1014,"column":10}}]},"71":{"line":1041,"type":"if","locations":[{"start":{"line":1041,"column":4},"end":{"line":1041,"column":4}},{"start":{"line":1041,"column":4},"end":{"line":1041,"column":4}}]},"72":{"line":1041,"type":"cond-expr","locations":[{"start":{"line":1041,"column":12},"end":{"line":1041,"column":40}},{"start":{"line":1041,"column":45},"end":{"line":1041,"column":68}}]},"73":{"line":1043,"type":"if","locations":[{"start":{"line":1043,"column":4},"end":{"line":1043,"column":4}},{"start":{"line":1043,"column":4},"end":{"line":1043,"column":4}}]},"74":{"line":1046,"type":"if","locations":[{"start":{"line":1046,"column":6},"end":{"line":1046,"column":6}},{"start":{"line":1046,"column":6},"end":{"line":1046,"column":6}}]},"75":{"line":1053,"type":"if","locations":[{"start":{"line":1053,"column":4},"end":{"line":1053,"column":4}},{"start":{"line":1053,"column":4},"end":{"line":1053,"column":4}}]},"76":{"line":1057,"type":"if","locations":[{"start":{"line":1057,"column":6},"end":{"line":1057,"column":6}},{"start":{"line":1057,"column":6},"end":{"line":1057,"column":6}}]},"77":{"line":1061,"type":"if","locations":[{"start":{"line":1061,"column":4},"end":{"line":1061,"column":4}},{"start":{"line":1061,"column":4},"end":{"line":1061,"column":4}}]},"78":{"line":1066,"type":"if","locations":[{"start":{"line":1066,"column":6},"end":{"line":1066,"column":6}},{"start":{"line":1066,"column":6},"end":{"line":1066,"column":6}}]},"79":{"line":1104,"type":"if","locations":[{"start":{"line":1104,"column":6},"end":{"line":1104,"column":6}},{"start":{"line":1104,"column":6},"end":{"line":1104,"column":6}}]},"80":{"line":1113,"type":"if","locations":[{"start":{"line":1113,"column":13},"end":{"line":1113,"column":13}},{"start":{"line":1113,"column":13},"end":{"line":1113,"column":13}}]},"81":{"line":1141,"type":"if","locations":[{"start":{"line":1141,"column":4},"end":{"line":1141,"column":4}},{"start":{"line":1141,"column":4},"end":{"line":1141,"column":4}}]},"82":{"line":1162,"type":"if","locations":[{"start":{"line":1162,"column":4},"end":{"line":1162,"column":4}},{"start":{"line":1162,"column":4},"end":{"line":1162,"column":4}}]},"83":{"line":1171,"type":"if","locations":[{"start":{"line":1171,"column":6},"end":{"line":1171,"column":6}},{"start":{"line":1171,"column":6},"end":{"line":1171,"column":6}}]},"84":{"line":1172,"type":"if","locations":[{"start":{"line":1172,"column":8},"end":{"line":1172,"column":8}},{"start":{"line":1172,"column":8},"end":{"line":1172,"column":8}}]},"85":{"line":1199,"type":"if","locations":[{"start":{"line":1199,"column":13},"end":{"line":1199,"column":13}},{"start":{"line":1199,"column":13},"end":{"line":1199,"column":13}}]},"86":{"line":1200,"type":"if","locations":[{"start":{"line":1200,"column":4},"end":{"line":1200,"column":4}},{"start":{"line":1200,"column":4},"end":{"line":1200,"column":4}}]},"87":{"line":1205,"type":"if","locations":[{"start":{"line":1205,"column":47},"end":{"line":1205,"column":47}},{"start":{"line":1205,"column":47},"end":{"line":1205,"column":47}}]},"88":{"line":1206,"type":"if","locations":[{"start":{"line":1206,"column":4},"end":{"line":1206,"column":4}},{"start":{"line":1206,"column":4},"end":{"line":1206,"column":4}}]},"89":{"line":1229,"type":"if","locations":[{"start":{"line":1229,"column":4},"end":{"line":1229,"column":4}},{"start":{"line":1229,"column":4},"end":{"line":1229,"column":4}}]},"90":{"line":1237,"type":"if","locations":[{"start":{"line":1237,"column":8},"end":{"line":1237,"column":8}},{"start":{"line":1237,"column":8},"end":{"line":1237,"column":8}}]},"91":{"line":1242,"type":"if","locations":[{"start":{"line":1242,"column":10},"end":{"line":1242,"column":10}},{"start":{"line":1242,"column":10},"end":{"line":1242,"column":10}}]},"92":{"line":1275,"type":"if","locations":[{"start":{"line":1275,"column":4},"end":{"line":1275,"column":4}},{"start":{"line":1275,"column":4},"end":{"line":1275,"column":4}}]},"93":{"line":1276,"type":"cond-expr","locations":[{"start":{"line":1276,"column":6},"end":{"line":1276,"column":29}},{"start":{"line":1277,"column":6},"end":{"line":1278,"column":39}}]},"94":{"line":1293,"type":"if","locations":[{"start":{"line":1293,"column":4},"end":{"line":1293,"column":4}},{"start":{"line":1293,"column":4},"end":{"line":1293,"column":4}}]},"95":{"line":1380,"type":"if","locations":[{"start":{"line":1380,"column":4},"end":{"line":1380,"column":4}},{"start":{"line":1380,"column":4},"end":{"line":1380,"column":4}}]}}},"contracts\\mockcontracts\\OneInch.sol":{"l":{"35":0,"36":0,"43":0,"45":0,"46":0,"48":0,"49":0,"52":0,"54":0,"55":0,"61":0,"62":0,"65":0,"66":0,"68":0},"path":"C:\\Users\\Rakhi\\EthStageOptimized\\contracts\\mockcontracts\\OneInch.sol","s":{"1":0,"2":0,"3":0,"4":0,"5":0,"6":0,"7":0,"8":0,"9":0,"10":0,"11":0,"12":0},"b":{"1":[0,0],"2":[0,0],"3":[0,0],"4":[0,0],"5":[0,0],"6":[0,0]},"f":{"1":0,"2":0,"3":0},"fnMap":{"1":{"name":"constructor","line":34,"loc":{"start":{"line":34,"column":4},"end":{"line":37,"column":4}}},"2":{"name":"swapTokensOneInchV6","line":38,"loc":{"start":{"line":38,"column":4},"end":{"line":69,"column":4}}},"3":{"name":null,"line":71,"loc":{"start":{"line":71,"column":4},"end":{"line":71,"column":33}}}},"statementMap":{"1":{"start":{"line":35,"column":8},"end":{"line":35,"column":63}},"2":{"start":{"line":43,"column":8},"end":{"line":43,"column":64}},"3":{"start":{"line":45,"column":8},"end":{"line":45,"column":1436}},"4":{"start":{"line":46,"column":12},"end":{"line":46,"column":82}},"5":{"start":{"line":48,"column":12},"end":{"line":48,"column":58}},"6":{"start":{"line":49,"column":12},"end":{"line":49,"column":66}},"7":{"start":{"line":52,"column":8},"end":{"line":52,"column":97}},"8":{"start":{"line":54,"column":8},"end":{"line":54,"column":1906}},"9":{"start":{"line":61,"column":8},"end":{"line":61,"column":2119}},"10":{"start":{"line":65,"column":8},"end":{"line":65,"column":2257}},"11":{"start":{"line":66,"column":12},"end":{"line":66,"column":58}},"12":{"start":{"line":68,"column":8},"end":{"line":68,"column":24}}},"branchMap":{"1":{"line":35,"type":"if","locations":[{"start":{"line":35,"column":8},"end":{"line":35,"column":8}},{"start":{"line":35,"column":8},"end":{"line":35,"column":8}}]},"2":{"line":43,"type":"if","locations":[{"start":{"line":43,"column":8},"end":{"line":43,"column":8}},{"start":{"line":43,"column":8},"end":{"line":43,"column":8}}]},"3":{"line":45,"type":"if","locations":[{"start":{"line":45,"column":8},"end":{"line":45,"column":8}},{"start":{"line":45,"column":8},"end":{"line":45,"column":8}}]},"4":{"line":54,"type":"if","locations":[{"start":{"line":54,"column":8},"end":{"line":54,"column":8}},{"start":{"line":54,"column":8},"end":{"line":54,"column":8}}]},"5":{"line":61,"type":"if","locations":[{"start":{"line":61,"column":8},"end":{"line":61,"column":8}},{"start":{"line":61,"column":8},"end":{"line":61,"column":8}}]},"6":{"line":65,"type":"if","locations":[{"start":{"line":65,"column":8},"end":{"line":65,"column":8}},{"start":{"line":65,"column":8},"end":{"line":65,"column":8}}]}}},"contracts\\mockcontracts\\TestToken.sol":{"l":{"13":1},"path":"C:\\Users\\Rakhi\\EthStageOptimized\\contracts\\mockcontracts\\TestToken.sol","s":{"1":1},"b":{},"f":{"1":1,"2":1},"fnMap":{"1":{"name":"constructor","line":9,"loc":{"start":{"line":7,"column":4},"end":{"line":10,"column":5}}},"2":{"name":"mint","line":12,"loc":{"start":{"line":12,"column":4},"end":{"line":14,"column":4}}}},"statementMap":{"1":{"start":{"line":13,"column":8},"end":{"line":13,"column":24}}},"branchMap":{}}}