TN:
SF:C:\Users\Rakhi\EthStageOptimized\contracts\AFiBase.sol
FN:148,constructor
FN:159,initialize
FN:190,initializeToken
FN:207,getNonWithdrawableShares
FN:211,updatetoken
FN:216,getcSwapCounter
FN:220,transferValidationAndSet
FN:230,checkNav
FN:236,transfer
FN:243,transferFrom
FN:256,setAfiTransferability
FN:260,reinitializeHappened
FN:270,pauseUnpauseDeposit
FN:279,pauseWithdraw
FN:287,isPaused
FN:296,setplatformWallet
FN:301,setMinDepLimit
FN:306,getplatformWallet
FN:310,getPreSwapDepositLimit
FN:314,getTVLandRebalContractandType
FN:323,checkFalse
FN:327,addressEqual
FN:331,twoAddressCompare
FN:335,addressCheck
FN:339,greaterEqualComparison
FN:343,greaterComparision
FN:350,togglePauseDepositTokenForWithdrawals
FN:359,checkTokInList
FN:364,addToWhitelist
FN:378,setWhitelistedTok
FN:382,getPreDepositTokensBalance
FN:395,removeFromWhitelist
FN:418,contractTransfers
FN:427,underlyingTokensStaking
FN:455,increasecsCounter
FN:459,swap
FN:494,isOTokenWhitelisted
FN:498,updateTVL
FN:502,tokenTransfer
FN:506,deposit
FN:545,setPreDeposit
FN:549,validateWithdraw
FN:560,validateShares
FN:574,withdraw
FN:607,burn
FN:613,compareManagerAndStorage
FN:617,swapfromSelectiveDex
FN:638,getDexType
FN:642,_routeSwap
FN:675,getdatastruct
FN:694,_uniswapV3Router
FN:740,_oneInchRouter
FN:787,sendProfitOrFeeToManager
FN:796,checkStorage
FN:806,_supplyCompV3
FN:818,_withdrawCompoundV3
FN:829,_supplyAave
FN:842,_supplyCompound
FN:849,approval
FN:861,_withdrawAave
FN:871,_withdrawCompound
FN:880,updatePoolData
FN:889,getUTokens
FN:893,getProportions
FN:911,setUnstakeData
FN:928,getInputToken
FN:941,setInitialValues
FN:966,updateuTokAndProp
FN:971,checkManager
FN:980,updateDp
FN:991,_lendingPool
FN:995,checkOracle
FN:1006,stakeShares
FN:1017,updateLockedTokens
FN:1052,updateTimeLockContract
FN:1063,emergencyWithdraw
FN:1071,checkDelayModule
FN:1081,balance
FN:1090,updateInputTokens
FN:1102,updatePreSwapDepositLimit
FN:1111,depositUserNav
FN:1119,migration
FN:1128,checkEqual
FN:1135,exchangeToken
FN:1158,makeUpdates
FNF:85
FNH:85
FNDA:273,constructor
FNDA:97,initialize
FNDA:97,initializeToken
FNDA:41,getNonWithdrawableShares
FNDA:293,updatetoken
FNDA:1078,getcSwapCounter
FNDA:4,transferValidationAndSet
FNDA:23,checkNav
FNDA:2,transfer
FNDA:2,transferFrom
FNDA:3,setAfiTransferability
FNDA:1,reinitializeHappened
FNDA:173,pauseUnpauseDeposit
FNDA:7,pauseWithdraw
FNDA:80,isPaused
FNDA:88,setplatformWallet
FNDA:88,setMinDepLimit
FNDA:41,getplatformWallet
FNDA:6,getPreSwapDepositLimit
FNDA:240,getTVLandRebalContractandType
FNDA:615,checkFalse
FNDA:740,addressEqual
FNDA:407,twoAddressCompare
FNDA:197,addressCheck
FNDA:944,greaterEqualComparison
FNDA:157,greaterComparision
FNDA:6,togglePauseDepositTokenForWithdrawals
FNDA:4,checkTokInList
FNDA:3,addToWhitelist
FNDA:293,setWhitelistedTok
FNDA:10,getPreDepositTokensBalance
FNDA:10,removeFromWhitelist
FNDA:165,contractTransfers
FNDA:72,underlyingTokensStaking
FNDA:73,increasecsCounter
FNDA:365,swap
FNDA:23,isOTokenWhitelisted
FNDA:163,updateTVL
FNDA:134,tokenTransfer
FNDA:145,deposit
FNDA:135,setPreDeposit
FNDA:26,validateWithdraw
FNDA:30,validateShares
FNDA:24,withdraw
FNDA:19,burn
FNDA:211,compareManagerAndStorage
FNDA:201,swapfromSelectiveDex
FNDA:564,getDexType
FNDA:564,_routeSwap
FNDA:563,getdatastruct
FNDA:563,_uniswapV3Router
FNDA:1,_oneInchRouter
FNDA:10,sendProfitOrFeeToManager
FNDA:216,checkStorage
FNDA:11,_supplyCompV3
FNDA:5,_withdrawCompoundV3
FNDA:143,_supplyAave
FNDA:7,_supplyCompound
FNDA:1026,approval
FNDA:48,_withdrawAave
FNDA:2,_withdrawCompound
FNDA:9,updatePoolData
FNDA:977,getUTokens
FNDA:161,getProportions
FNDA:2,setUnstakeData
FNDA:571,getInputToken
FNDA:105,setInitialValues
FNDA:32,updateuTokAndProp
FNDA:73,checkManager
FNDA:32,updateDp
FNDA:334,_lendingPool
FNDA:439,checkOracle
FNDA:2,stakeShares
FNDA:7,updateLockedTokens
FNDA:1,updateTimeLockContract
FNDA:2,emergencyWithdraw
FNDA:9,checkDelayModule
FNDA:25,balance
FNDA:15,updateInputTokens
FNDA:1,updatePreSwapDepositLimit
FNDA:74,depositUserNav
FNDA:1,migration
FNDA:9,checkEqual
FNDA:2,exchangeToken
FNDA:135,makeUpdates
DA:160,97
DA:161,97
DA:162,97
DA:163,97
DA:164,97
DA:165,97
DA:166,97
DA:167,97
DA:168,97
DA:169,97
DA:170,97
DA:171,97
DA:172,97
DA:173,97
DA:174,97
DA:175,97
DA:176,97
DA:177,97
DA:182,97
DA:191,97
DA:192,97
DA:193,97
DA:194,97
DA:195,97
DA:196,97
DA:197,97
DA:198,97
DA:199,97
DA:200,291
DA:201,291
DA:204,97
DA:208,41
DA:212,293
DA:213,293
DA:217,1078
DA:221,4
DA:222,4
DA:224,4
DA:225,4
DA:231,23
DA:232,10
DA:237,2
DA:238,2
DA:239,2
DA:240,2
DA:248,2
DA:249,2
DA:250,2
DA:251,2
DA:252,2
DA:253,2
DA:257,3
DA:261,1
DA:262,1
DA:271,173
DA:272,171
DA:280,7
DA:281,5
DA:288,80
DA:297,88
DA:298,88
DA:302,88
DA:303,88
DA:307,41
DA:311,6
DA:320,240
DA:324,615
DA:328,740
DA:332,407
DA:336,197
DA:340,944
DA:344,157
DA:351,6
DA:352,4
DA:354,2
DA:356,4
DA:360,4
DA:361,4
DA:365,3
DA:366,2
DA:367,2
DA:368,2
DA:371,2
DA:372,2
DA:373,1
DA:375,2
DA:379,293
DA:386,10
DA:396,10
DA:397,10
DA:398,10
DA:399,10
DA:400,8
DA:401,6
DA:411,8
DA:412,8
DA:415,8
DA:419,165
DA:431,72
DA:433,72
DA:434,72
DA:436,72
DA:439,1
DA:447,55
DA:449,72
DA:450,1
DA:452,72
DA:456,73
DA:468,365
DA:469,365
DA:470,328
DA:481,35
DA:495,23
DA:499,163
DA:503,134
DA:507,145
DA:508,3
DA:511,144
DA:512,140
DA:513,140
DA:515,140
DA:517,138
DA:518,134
DA:519,134
DA:520,134
DA:521,134
DA:522,134
DA:524,134
DA:534,134
DA:536,134
DA:537,134
DA:542,134
DA:546,135
DA:554,26
DA:555,26
DA:556,25
DA:557,25
DA:561,30
DA:575,24
DA:576,23
DA:577,22
DA:578,21
DA:580,21
DA:581,21
DA:583,21
DA:597,21
DA:599,19
DA:600,19
DA:601,19
DA:603,19
DA:604,19
DA:608,19
DA:609,19
DA:610,19
DA:614,211
DA:626,201
DA:627,201
DA:639,564
DA:651,564
DA:653,564
DA:654,563
DA:663,1
DA:672,563
DA:683,563
DA:702,563
DA:703,563
DA:709,95
DA:717,95
DA:721,95
DA:723,468
DA:731,468
DA:735,468
DA:737,563
DA:748,1
DA:750,1
DA:751,1
DA:760,1
DA:761,1
DA:762,1
DA:763,1
DA:765,1
DA:767,1
DA:769,1
DA:771,1
DA:773,0
DA:774,0
DA:776,0
DA:778,0
DA:792,10
DA:793,10
DA:797,216
DA:807,11
DA:809,11
DA:810,11
DA:819,5
DA:820,5
DA:830,143
DA:832,143
DA:833,143
DA:843,7
DA:845,7
DA:846,7
DA:850,1026
DA:851,1026
DA:852,1013
DA:862,48
DA:863,48
DA:872,2
DA:873,2
DA:881,9
DA:882,8
DA:890,977
DA:899,161
DA:914,2
DA:915,2
DA:916,2
DA:917,2
DA:919,2
DA:934,571
DA:942,105
DA:943,105
DA:948,105
DA:949,105
DA:950,105
DA:951,487
DA:952,487
DA:953,487
DA:954,487
DA:955,487
DA:956,487
DA:967,32
DA:968,32
DA:972,73
DA:984,32
DA:985,32
DA:986,32
DA:992,334
DA:996,439
DA:1007,2
DA:1008,2
DA:1009,1
DA:1011,1
DA:1013,2
DA:1014,2
DA:1025,7
DA:1026,7
DA:1027,2
DA:1028,1
DA:1030,1
DA:1034,7
DA:1035,4
DA:1036,4
DA:1037,0
DA:1039,4
DA:1041,7
DA:1042,1
DA:1043,1
DA:1044,1
DA:1053,1
DA:1054,1
DA:1064,2
DA:1065,2
DA:1066,2
DA:1067,2
DA:1068,2
DA:1072,9
DA:1082,25
DA:1093,15
DA:1094,15
DA:1103,1
DA:1112,74
DA:1113,2
DA:1115,72
DA:1120,1
DA:1121,1
DA:1122,1
DA:1123,1
DA:1124,1
DA:1125,1
DA:1129,9
DA:1136,2
DA:1137,2
DA:1138,2
DA:1140,1
DA:1141,1
DA:1143,1
DA:1144,1
DA:1146,1
DA:1147,1
DA:1149,1
DA:1150,1
DA:1152,1
DA:1159,135
DA:1160,135
LF:294
LH:289
BRDA:159,1,0,97
BRDA:159,1,1,0
BRDA:190,2,0,97
BRDA:190,2,1,0
BRDA:231,3,0,10
BRDA:231,3,1,13
BRDA:256,4,0,3
BRDA:256,4,1,0
BRDA:296,5,0,88
BRDA:296,5,1,0
BRDA:301,6,0,88
BRDA:301,6,1,0
BRDA:324,7,0,601
BRDA:324,7,1,14
BRDA:328,8,0,737
BRDA:328,8,1,3
BRDA:332,9,0,405
BRDA:332,9,1,2
BRDA:332,10,0,207
BRDA:332,10,1,198
BRDA:336,11,0,195
BRDA:336,11,1,2
BRDA:340,12,0,940
BRDA:340,12,1,4
BRDA:344,13,0,156
BRDA:344,13,1,1
BRDA:350,14,0,6
BRDA:350,14,1,0
BRDA:351,15,0,4
BRDA:351,15,1,2
BRDA:364,16,0,3
BRDA:364,16,1,1
BRDA:367,17,0,2
BRDA:367,17,1,0
BRDA:372,18,0,1
BRDA:372,18,1,1
BRDA:395,19,0,10
BRDA:395,19,1,0
BRDA:399,20,0,8
BRDA:399,20,1,2
BRDA:436,21,0,1
BRDA:436,21,1,71
BRDA:446,22,0,55
BRDA:446,22,1,16
BRDA:446,23,0,54
BRDA:446,23,1,1
BRDA:449,24,0,1
BRDA:449,24,1,71
BRDA:469,25,0,328
BRDA:469,25,1,37
BRDA:480,26,0,35
BRDA:480,26,1,2
BRDA:506,27,0,145
BRDA:506,27,1,0
BRDA:507,28,0,3
BRDA:507,28,1,142
BRDA:574,29,0,24
BRDA:574,29,1,0
BRDA:653,30,0,563
BRDA:653,30,1,1
BRDA:653,31,0,563
BRDA:653,31,1,0
BRDA:662,32,0,1
BRDA:662,32,1,0
BRDA:703,33,0,95
BRDA:703,33,1,468
BRDA:704,34,0,21
BRDA:704,34,1,65
BRDA:704,35,0,65
BRDA:704,35,1,5
BRDA:704,36,0,5
BRDA:704,36,1,4
BRDA:851,37,0,1013
BRDA:851,37,1,13
BRDA:880,38,0,9
BRDA:880,38,1,0
BRDA:916,39,0,2
BRDA:916,39,1,0
BRDA:1008,40,0,1
BRDA:1008,40,1,1
BRDA:1026,41,0,2
BRDA:1026,41,1,5
BRDA:1027,42,0,1
BRDA:1027,42,1,1
BRDA:1034,43,0,4
BRDA:1034,43,1,3
BRDA:1036,44,0,0
BRDA:1036,44,1,4
BRDA:1041,45,0,1
BRDA:1041,45,1,6
BRDA:1052,46,0,1
BRDA:1052,46,1,0
BRDA:1102,47,0,1
BRDA:1102,47,1,0
BRDA:1112,48,0,2
BRDA:1112,48,1,72
BRDA:1119,49,0,1
BRDA:1119,49,1,0
BRDA:1129,50,0,9
BRDA:1129,50,1,0
BRDA:1146,51,0,1
BRDA:1146,51,1,0
BRF:102
BRH:82
end_of_record
TN:
SF:C:\Users\Rakhi\EthStageOptimized\contracts\AFiFactory.sol
FN:28,constructor
FN:38,afiProductsCount
FN:66,createAToken
FN:107,checkForZeroAddress
FN:120,encodePoolData
FN:127,encodeUnderlyingData
FN:133,getPricePerFullShare
FN:148,afiContractInitUpdate
FN:160,getAFiInitStatus
FN:164,getAFiTokenStatus
FNF:10
FNH:10
FNDA:268,constructor
FNDA:1,afiProductsCount
FNDA:103,createAToken
FNDA:99,checkForZeroAddress
FNDA:122,encodePoolData
FNDA:126,encodeUnderlyingData
FNDA:145,getPricePerFullShare
FNDA:195,afiContractInitUpdate
FNDA:1,getAFiInitStatus
FNDA:120,getAFiTokenStatus
DA:30,268
DA:31,267
DA:39,1
DA:67,103
DA:68,103
DA:76,102
DA:77,102
DA:78,102
DA:80,102
DA:81,101
DA:82,100
DA:83,99
DA:84,98
DA:85,97
DA:86,97
DA:87,97
DA:88,97
DA:98,97
DA:104,97
DA:110,99
DA:111,99
DA:112,195
DA:113,1
DA:116,98
DA:123,122
DA:130,126
DA:137,145
DA:138,145
DA:139,145
DA:141,145
DA:142,1
DA:144,144
DA:149,195
DA:150,194
DA:151,97
DA:152,97
DA:154,97
DA:155,97
DA:161,1
DA:165,120
LF:40
LH:40
BRDA:30,1,0,267
BRDA:30,1,1,1
BRDA:66,2,0,103
BRDA:66,2,1,1
BRDA:68,3,0,102
BRDA:68,3,1,1
BRDA:80,4,0,101
BRDA:80,4,1,1
BRDA:81,5,0,100
BRDA:81,5,1,1
BRDA:82,6,0,99
BRDA:82,6,1,1
BRDA:83,7,0,98
BRDA:83,7,1,1
BRDA:84,8,0,97
BRDA:84,8,1,1
BRDA:112,9,0,1
BRDA:112,9,1,194
BRDA:141,10,0,1
BRDA:141,10,1,144
BRDA:149,11,0,194
BRDA:149,11,1,1
BRDA:150,12,0,97
BRDA:150,12,1,97
BRDA:151,13,0,97
BRDA:151,13,1,0
BRDA:153,14,0,97
BRDA:153,14,1,0
BRDA:154,15,0,97
BRDA:154,15,1,0
BRF:30
BRH:27
end_of_record
TN:
SF:C:\Users\Rakhi\EthStageOptimized\contracts\AFiManager.sol
FN:83,contractUnpaused
FN:88,contractPaused
FN:93,compareInt
FN:97,compareAddress
FN:105,pause
FN:114,unPause
FN:119,validateGreaterEqual
FN:123,addressCheck
FN:131,getPauseStatus
FN:135,checkStatus
FN:139,setRebalanceController
FN:155,addTeamWalletInAFi
FN:183,rebalance
FN:318,updateAFiData
FN:328,updateInputTokenData
FN:355,addToNonOverlappingITokens
FN:371,removeFromNonOverlappingITokens
FN:395,scenario1Investments
FN:467,scenario2Investments
FN:515,aFiManagerSwap
FN:541,validateNewUTokenData
FN:569,setActiveRebalStatus
FN:589,balance
FN:602,rebalanceUnderlyingTokens
FN:663,updateTempData
FN:669,doCswap
FN:695,setafiOracleContract
FN:705,setRebalFee
FN:710,rebalanceAlgo
FN:754,swapUnderlying
FN:878,validateGreater
FN:882,checkRebalFeesandDeduct
FN:902,withdrawFromPool
FN:913,updateProportion
FN:938,getPredepBalInUSDC
FN:964,checkIfUTokenExist
FN:971,updateStableUnitsInUSD
FN:985,getUTokenProportion
FN:1000,getPreDepVAlueFromStorage
FN:1015,inputTokenUSD
FN:1058,emergencyRebalance
FN:1062,rebalanceInternal
FN:1108,checkProductType
FN:1133,algoRebalance2
FN:1181,setUntrackedTokToPredep
FN:1190,pauseQueueWithdrawUnstaking
FN:1207,reInitializeVault
FN:1237,reinitializeInternal
FN:1251,convertToStable
FN:1280,getMidToken
FN:1283,getInputToken
FNF:51
FNH:51
FNDA:69,contractUnpaused
FNDA:4,contractPaused
FNDA:40,compareInt
FNDA:167,compareAddress
FNDA:11,pause
FNDA:2,unPause
FNDA:32,validateGreaterEqual
FNDA:279,addressCheck
FNDA:1,getPauseStatus
FNDA:116,checkStatus
FNDA:92,setRebalanceController
FNDA:4,addTeamWalletInAFi
FNDA:24,rebalance
FNDA:24,updateAFiData
FNDA:19,updateInputTokenData
FNDA:7,addToNonOverlappingITokens
FNDA:2,removeFromNonOverlappingITokens
FNDA:8,scenario1Investments
FNDA:8,scenario2Investments
FNDA:98,aFiManagerSwap
FNDA:12,validateNewUTokenData
FNDA:2,setActiveRebalStatus
FNDA:141,balance
FNDA:6,rebalanceUnderlyingTokens
FNDA:5,updateTempData
FNDA:6,doCswap
FNDA:162,setafiOracleContract
FNDA:2,setRebalFee
FNDA:5,rebalanceAlgo
FNDA:5,swapUnderlying
FNDA:77,validateGreater
FNDA:22,checkRebalFeesandDeduct
FNDA:1,withdrawFromPool
FNDA:25,updateProportion
FNDA:220,getPredepBalInUSDC
FNDA:10,checkIfUTokenExist
FNDA:7,updateStableUnitsInUSD
FNDA:1,getUTokenProportion
FNDA:301,getPreDepVAlueFromStorage
FNDA:27,inputTokenUSD
FNDA:4,emergencyRebalance
FNDA:11,rebalanceInternal
FNDA:6,checkProductType
FNDA:7,algoRebalance2
FNDA:29,setUntrackedTokToPredep
FNDA:71,pauseQueueWithdrawUnstaking
FNDA:1,reInitializeVault
FNDA:1,reinitializeInternal
FNDA:24,convertToStable
FNDA:98,getMidToken
FNDA:80,getInputToken
DA:84,69
DA:85,61
DA:89,4
DA:90,3
DA:94,40
DA:98,167
DA:106,11
DA:107,11
DA:115,2
DA:116,2
DA:120,32
DA:124,279
DA:132,1
DA:136,116
DA:140,92
DA:141,91
DA:156,4
DA:157,3
DA:158,3
DA:159,2
DA:160,2
DA:184,24
DA:185,24
DA:186,24
DA:187,21
DA:188,21
DA:189,21
DA:191,20
DA:192,20
DA:195,20
DA:197,20
DA:198,12
DA:199,12
DA:200,12
DA:202,8
DA:205,17
DA:206,17
DA:211,17
DA:220,16
DA:227,16
DA:229,16
DA:230,16
DA:232,16
DA:240,16
DA:241,16
DA:243,16
DA:244,16
DA:245,8
DA:249,3
DA:255,5
DA:258,8
DA:267,8
DA:269,8
DA:271,8
DA:272,8
DA:277,8
DA:278,2
DA:284,8
DA:286,8
DA:298,8
DA:303,8
DA:312,16
DA:324,24
DA:325,24
DA:336,19
DA:338,19
DA:340,7
DA:346,7
DA:351,7
DA:359,7
DA:360,7
DA:361,7
DA:362,7
DA:363,5
DA:365,7
DA:366,7
DA:368,0
DA:375,2
DA:376,2
DA:377,2
DA:379,0
DA:403,8
DA:404,8
DA:405,8
DA:408,8
DA:409,36
DA:410,28
DA:411,28
DA:416,8
DA:417,36
DA:418,28
DA:420,28
DA:421,14
DA:422,14
DA:424,14
DA:425,14
DA:428,28
DA:430,28
DA:434,28
DA:447,8
DA:453,8
DA:454,8
DA:456,8
DA:478,8
DA:479,8
DA:481,8
DA:482,28
DA:483,20
DA:484,12
DA:486,8
DA:491,8
DA:492,8
DA:493,8
DA:505,8
DA:525,98
DA:528,98
DA:538,98
DA:542,12
DA:543,12
DA:547,12
DA:553,11
DA:554,11
DA:555,10
DA:570,2
DA:571,2
DA:590,141
DA:603,6
DA:604,6
DA:606,5
DA:607,5
DA:608,5
DA:609,5
DA:610,5
DA:612,5
DA:614,5
DA:618,5
DA:622,5
DA:629,5
DA:630,5
DA:636,5
DA:639,5
DA:645,5
DA:651,5
DA:652,5
DA:654,5
DA:664,5
DA:665,5
DA:666,5
DA:675,6
DA:676,6
DA:677,6
DA:678,18
DA:685,6
DA:686,2
DA:689,6
DA:696,162
DA:697,162
DA:706,2
DA:707,1
DA:716,5
DA:717,5
DA:719,5
DA:721,5
DA:726,5
DA:727,5
DA:730,5
DA:731,25
DA:732,10
DA:736,10
DA:737,5
DA:738,5
DA:739,5
DA:742,25
DA:747,5
DA:751,5
DA:759,5
DA:760,5
DA:761,5
DA:762,5
DA:763,2
DA:764,10
DA:765,5
DA:769,5
DA:774,5
DA:786,2
DA:793,2
DA:796,2
DA:798,2
DA:799,10
DA:800,5
DA:803,5
DA:814,5
DA:819,3
DA:820,14
DA:824,14
DA:829,14
DA:841,3
DA:848,3
DA:852,3
DA:855,3
DA:856,15
DA:858,15
DA:871,5
DA:872,5
DA:879,77
DA:888,22
DA:889,6
DA:890,6
DA:891,6
DA:892,6
DA:893,6
DA:903,1
DA:904,1
DA:918,25
DA:919,25
DA:920,101
DA:923,25
DA:926,25
DA:927,25
DA:928,101
DA:932,101
DA:935,25
DA:943,220
DA:944,220
DA:946,220
DA:947,220
DA:954,220
DA:955,220
DA:956,220
DA:968,10
DA:974,7
DA:975,6
DA:976,6
DA:993,1
DA:1001,301
DA:1020,27
DA:1021,27
DA:1022,27
DA:1023,27
DA:1024,27
DA:1026,27
DA:1027,81
DA:1033,81
DA:1034,17
DA:1035,17
DA:1037,17
DA:1038,17
DA:1039,17
DA:1059,4
DA:1068,11
DA:1070,11
DA:1072,11
DA:1073,42
DA:1074,11
DA:1077,42
DA:1078,11
DA:1084,11
DA:1086,10
DA:1089,10
DA:1094,10
DA:1095,10
DA:1096,3
DA:1105,10
DA:1109,6
DA:1110,6
DA:1134,7
DA:1136,7
DA:1137,7
DA:1138,7
DA:1140,7
DA:1142,7
DA:1144,7
DA:1153,7
DA:1155,7
DA:1156,0
DA:1164,7
DA:1166,7
DA:1173,7
DA:1178,7
DA:1182,29
DA:1191,71
DA:1192,71
DA:1208,1
DA:1209,1
DA:1210,1
DA:1211,1
DA:1213,1
DA:1217,1
DA:1218,1
DA:1219,1
DA:1220,1
DA:1221,1
DA:1225,1
DA:1226,5
DA:1232,1
DA:1233,1
DA:1234,1
DA:1238,1
DA:1239,1
DA:1240,1
DA:1241,1
DA:1247,1
DA:1259,24
DA:1263,23
DA:1264,23
DA:1266,23
DA:1267,23
DA:1281,98
DA:1284,80
LF:309
LH:306
BRDA:94,1,0,38
BRDA:94,1,1,2
BRDA:98,2,0,165
BRDA:98,2,1,2
BRDA:105,3,0,12
BRDA:105,3,1,1
BRDA:105,4,0,11
BRDA:105,4,1,1
BRDA:114,5,0,3
BRDA:114,5,1,1
BRDA:114,6,0,2
BRDA:114,6,1,1
BRDA:120,7,0,30
BRDA:120,7,1,2
BRDA:124,8,0,277
BRDA:124,8,1,2
BRDA:136,9,0,11
BRDA:136,9,1,105
BRDA:139,10,0,92
BRDA:139,10,1,1
BRDA:155,11,0,6
BRDA:155,11,1,0
BRDA:155,12,0,5
BRDA:155,12,1,1
BRDA:155,13,0,4
BRDA:155,13,1,1
BRDA:183,14,0,25
BRDA:183,14,1,0
BRDA:183,15,0,24
BRDA:183,15,1,1
BRDA:197,16,0,12
BRDA:197,16,1,8
BRDA:244,17,0,8
BRDA:244,17,1,8
BRDA:245,18,0,3
BRDA:245,18,1,5
BRDA:277,19,0,2
BRDA:277,19,1,6
BRDA:338,20,0,7
BRDA:338,20,1,12
BRDA:360,21,0,7
BRDA:360,21,1,0
BRDA:376,22,0,2
BRDA:376,22,1,0
BRDA:409,23,0,28
BRDA:409,23,1,8
BRDA:417,24,0,28
BRDA:417,24,1,8
BRDA:420,25,0,14
BRDA:420,25,1,14
BRDA:482,26,0,20
BRDA:482,26,1,8
BRDA:483,27,0,12
BRDA:483,27,1,8
BRDA:547,28,0,11
BRDA:547,28,1,1
BRDA:569,29,0,4
BRDA:569,29,1,0
BRDA:569,30,0,3
BRDA:569,30,1,1
BRDA:569,31,0,2
BRDA:569,31,1,1
BRDA:602,32,0,6
BRDA:602,32,1,1
BRDA:685,33,0,2
BRDA:685,33,1,4
BRDA:695,34,0,162
BRDA:695,34,1,1
BRDA:705,35,0,2
BRDA:705,35,1,1
BRDA:731,36,0,10
BRDA:731,36,1,15
BRDA:736,37,0,5
BRDA:736,37,1,5
BRDA:762,38,0,2
BRDA:762,38,1,3
BRDA:764,39,0,5
BRDA:764,39,1,5
BRDA:799,40,0,5
BRDA:799,40,1,5
BRDA:879,41,0,73
BRDA:879,41,1,4
BRDA:888,42,0,6
BRDA:888,42,1,16
BRDA:902,43,0,3
BRDA:902,43,1,0
BRDA:902,44,0,2
BRDA:902,44,1,1
BRDA:902,45,0,1
BRDA:902,45,1,1
BRDA:1033,46,0,17
BRDA:1033,46,1,64
BRDA:1058,47,0,8
BRDA:1058,47,1,0
BRDA:1058,48,0,6
BRDA:1058,48,1,2
BRDA:1058,49,0,4
BRDA:1058,49,1,2
BRDA:1073,50,0,11
BRDA:1073,50,1,31
BRDA:1077,51,0,11
BRDA:1077,51,1,31
BRDA:1095,52,0,3
BRDA:1095,52,1,7
BRDA:1133,53,0,7
BRDA:1133,53,1,0
BRDA:1133,54,0,7
BRDA:1133,54,1,0
BRDA:1155,55,0,0
BRDA:1155,55,1,7
BRDA:1207,56,0,1
BRDA:1207,56,1,0
BRDA:1266,57,0,23
BRDA:1266,57,1,0
BRF:114
BRH:102
end_of_record
TN:
SF:C:\Users\Rakhi\EthStageOptimized\contracts\AFiOracle.sol
FN:111,constructor
FN:125,addressZero
FN:129,updateAFiManager
FN:134,getTotalProfit
FN:138,getDaoProfit
FN:142,contractUnpaused
FN:147,contractPaused
FN:152,checkStatus
FN:156,greaterEqualComparison
FN:160,greaterComparison
FN:168,pause
FN:177,unPause
FN:182,setAFiStorage
FN:198,updateVaultControllers
FN:203,getControllers
FN:213,cumulativeSwap
FN:264,untrackedTokenSetByManager
FN:269,untrackedTokenSet
FN:293,calculateAmountToSwap
FN:303,claimCompV3Rewards
FN:335,performTokenSwaps
FN:369,swapIntoUnderlying
FN:407,takeFee
FN:435,queueWithdraw
FN:461,updateLockedTokensInVault
FN:486,getUserQueuedShares
FN:495,getUserQueuedNAV
FN:504,getTotalShares
FN:517,unqueueWithdraw
FN:542,balance
FN:546,deleteUserOTokenLiability
FN:559,unstakeForQueuedWithdrawals
FN:620,feeDeductAndTokenTransfer
FN:637,swapAndTransfer
FN:703,doSwap
FN:722,redeem
FN:768,getSwapPeriod
FN:781,updateSwapPeriod
FN:790,getLastSwapTime
FN:794,getFeeDetails
FN:803,settxFee
FN:814,getPriceAndDecimals
FN:835,getPriceOracleRebal
FN:844,getPriceInUSD
FN:863,getERCDecimal
FN:867,updateRebalContract
FN:881,updateProfitShare
FN:889,teamProfitshares
FN:913,unstakingProfitDistribution
FN:958,getAFiContracts
FN:962,addressEqual
FN:970,pauseUnpauseQueue
FNF:52
FNH:52
FNDA:270,constructor
FNDA:493,addressZero
FNDA:132,updateAFiManager
FNDA:3,getTotalProfit
FNDA:3,getDaoProfit
FNDA:9,contractUnpaused
FNDA:3,contractPaused
FNDA:94,checkStatus
FNDA:7879,greaterEqualComparison
FNDA:75,greaterComparison
FNDA:4,pause
FNDA:1,unPause
FNDA:90,setAFiStorage
FNDA:187,updateVaultControllers
FNDA:1,getControllers
FNDA:74,cumulativeSwap
FNDA:29,untrackedTokenSetByManager
FNDA:102,untrackedTokenSet
FNDA:72,calculateAmountToSwap
FNDA:29,claimCompV3Rewards
FNDA:72,performTokenSwaps
FNDA:72,swapIntoUnderlying
FNDA:146,takeFee
FNDA:4,queueWithdraw
FNDA:5,updateLockedTokensInVault
FNDA:3,getUserQueuedShares
FNDA:1,getUserQueuedNAV
FNDA:4,getTotalShares
FNDA:1,unqueueWithdraw
FNDA:438,balance
FNDA:3,deleteUserOTokenLiability
FNDA:2,unstakeForQueuedWithdrawals
FNDA:2,feeDeductAndTokenTransfer
FNDA:2,swapAndTransfer
FNDA:365,doSwap
FNDA:2,redeem
FNDA:1,getSwapPeriod
FNDA:1,updateSwapPeriod
FNDA:1,getLastSwapTime
FNDA:1,getFeeDetails
FNDA:2,settxFee
FNDA:3827,getPriceAndDecimals
FNDA:3827,getPriceOracleRebal
FNDA:3827,getPriceInUSD
FNDA:252,getERCDecimal
FNDA:1,updateRebalContract
FNDA:2,updateProfitShare
FNDA:1,teamProfitshares
FNDA:1,unstakingProfitDistribution
FNDA:1,getAFiContracts
FNDA:34,addressEqual
FNDA:3,pauseUnpauseQueue
DA:112,270
DA:113,270
DA:126,493
DA:130,132
DA:131,132
DA:135,3
DA:139,3
DA:143,9
DA:144,7
DA:148,3
DA:149,2
DA:153,94
DA:157,7879
DA:161,75
DA:169,4
DA:170,4
DA:178,1
DA:179,1
DA:183,90
DA:184,90
DA:199,187
DA:200,187
DA:206,1
DA:214,74
DA:219,73
DA:221,73
DA:222,73
DA:224,72
DA:225,72
DA:226,72
DA:227,72
DA:228,72
DA:230,72
DA:231,29
DA:241,72
DA:245,72
DA:249,72
DA:251,71
DA:257,71
DA:259,71
DA:260,71
DA:261,71
DA:265,29
DA:266,29
DA:270,102
DA:271,306
DA:273,306
DA:279,306
DA:280,306
DA:282,306
DA:283,45
DA:294,72
DA:295,216
DA:312,29
DA:313,29
DA:314,29
DA:315,29
DA:316,29
DA:318,29
DA:319,29
DA:320,0
DA:321,0
DA:342,72
DA:344,72
DA:345,216
DA:350,216
DA:351,35
DA:364,72
DA:365,72
DA:366,72
DA:375,72
DA:376,72
DA:379,72
DA:382,62
DA:383,62
DA:384,62
DA:385,62
DA:389,72
DA:390,72
DA:392,330
DA:393,330
DA:413,146
DA:414,61
DA:415,61
DA:416,61
DA:417,61
DA:436,4
DA:438,4
DA:440,4
DA:443,4
DA:445,4
DA:449,4
DA:451,4
DA:454,4
DA:455,4
DA:457,4
DA:458,4
DA:469,5
DA:492,3
DA:501,1
DA:509,4
DA:518,1
DA:520,1
DA:524,1
DA:526,1
DA:527,1
DA:528,1
DA:530,1
DA:531,1
DA:532,1
DA:534,1
DA:538,1
DA:539,1
DA:543,438
DA:551,3
DA:565,2
DA:566,2
DA:567,2
DA:569,2
DA:571,2
DA:572,2
DA:573,2
DA:576,2
DA:577,2
DA:581,2
DA:582,2
DA:593,0
DA:604,0
DA:607,2
DA:617,2
DA:630,2
DA:632,2
DA:633,2
DA:634,2
DA:645,2
DA:646,2
DA:647,2
DA:648,6
DA:652,0
DA:658,0
DA:659,0
DA:660,0
DA:671,0
DA:672,0
DA:678,0
DA:684,2
DA:685,2
DA:689,2
DA:690,2
DA:695,2
DA:698,2
DA:713,365
DA:727,2
DA:728,2
DA:729,2
DA:730,2
DA:731,2
DA:732,2
DA:733,2
DA:736,2
DA:737,2
DA:738,2
DA:742,2
DA:743,2
DA:744,2
DA:748,2
DA:749,2
DA:750,2
DA:751,2
DA:753,2
DA:758,2
DA:769,1
DA:782,1
DA:791,1
DA:795,1
DA:804,2
DA:805,1
DA:818,3827
DA:821,3827
DA:823,3827
DA:825,3827
DA:827,3827
DA:829,3827
DA:830,3827
DA:831,3827
DA:832,3827
DA:836,3827
DA:846,3827
DA:847,3827
DA:848,3827
DA:849,3827
DA:850,3827
DA:851,3638
DA:852,3638
DA:854,189
DA:855,189
DA:856,189
DA:857,189
DA:858,189
DA:860,3827
DA:864,252
DA:868,1
DA:869,1
DA:882,2
DA:883,2
DA:884,1
DA:885,1
DA:886,1
DA:894,1
DA:895,1
DA:896,1
DA:915,1
DA:918,1
DA:919,1
DA:921,1
DA:922,3
DA:923,3
DA:924,1
DA:925,1
DA:926,1
DA:927,1
DA:928,1
DA:929,2
DA:933,2
DA:934,2
DA:939,1
DA:940,1
DA:942,1
DA:945,2
DA:947,2
DA:949,2
DA:954,3
DA:959,1
DA:963,34
DA:971,3
DA:972,3
LF:236
LH:225
BRDA:126,1,0,493
BRDA:126,1,1,0
BRDA:129,2,0,132
BRDA:129,2,1,0
BRDA:153,3,0,90
BRDA:153,3,1,4
BRDA:157,4,0,7877
BRDA:157,4,1,2
BRDA:161,5,0,75
BRDA:161,5,1,0
BRDA:168,6,0,5
BRDA:168,6,1,1
BRDA:168,7,0,4
BRDA:168,7,1,1
BRDA:177,8,0,2
BRDA:177,8,1,1
BRDA:177,9,0,1
BRDA:177,9,1,1
BRDA:182,10,0,90
BRDA:182,10,1,1
BRDA:198,11,0,187
BRDA:198,11,1,2
BRDA:214,12,0,73
BRDA:214,12,1,1
BRDA:215,13,0,71
BRDA:215,13,1,2
BRDA:230,14,0,29
BRDA:230,14,1,43
BRDA:282,15,0,45
BRDA:282,15,1,261
BRDA:319,16,0,0
BRDA:319,16,1,29
BRDA:350,17,0,35
BRDA:350,17,1,181
BRDA:379,18,0,62
BRDA:379,18,1,10
BRDA:392,19,0,330
BRDA:392,19,1,0
BRDA:413,20,0,61
BRDA:413,20,1,85
BRDA:435,21,0,4
BRDA:435,21,1,0
BRDA:517,22,0,1
BRDA:517,22,1,0
BRDA:581,23,0,2
BRDA:581,23,1,0
BRDA:592,24,0,0
BRDA:592,24,1,0
BRDA:648,25,0,0
BRDA:648,25,1,6
BRDA:658,26,0,0
BRDA:658,26,1,0
BRDA:671,27,0,0
BRDA:671,27,1,0
BRDA:685,28,0,2
BRDA:685,28,1,0
BRDA:737,29,0,2
BRDA:737,29,1,0
BRDA:748,30,0,2
BRDA:748,30,1,0
BRDA:781,31,0,1
BRDA:781,31,1,1
BRDA:803,32,0,2
BRDA:803,32,1,1
BRDA:827,33,0,0
BRDA:827,33,1,3827
BRDA:827,34,0,0
BRDA:827,34,1,0
BRDA:850,35,0,3638
BRDA:850,35,1,189
BRDA:850,36,0,3638
BRDA:850,36,1,0
BRDA:867,37,0,1
BRDA:867,37,1,1
BRDA:881,38,0,3
BRDA:881,38,1,1
BRDA:881,39,0,2
BRDA:881,39,1,1
BRDA:895,40,0,1
BRDA:895,40,1,0
BRDA:913,41,0,1
BRDA:913,41,1,0
BRDA:923,42,0,1
BRDA:923,42,1,2
BRDA:933,43,0,2
BRDA:933,43,1,0
BRDA:934,44,0,1
BRDA:934,44,1,1
BRDA:963,45,0,34
BRDA:963,45,1,0
BRF:90
BRH:64
end_of_record
TN:
SF:C:\Users\Rakhi\EthStageOptimized\contracts\AFiPassiveRebalanceStrategies.sol
FN:96,contractUnpaused
FN:101,contractPaused
FN:106,onlySpecificAddress
FN:111,addressZero
FN:120,pause
FN:129,unPause
FN:151,applyRebalForProportions
FN:168,getPauseStatus
FN:177,getRebalStrategyNumber
FN:190,updateRebalStrategyNumberByOwner
FN:200,setStorage
FN:210,setManager
FN:221,getPool
FN:226,swapData
FN:232,swapDataMultiHop
FN:246,uniswapV3Oracle
FN:310,initUniStructure
FN:352,updateUniTok
FN:356,encodePoolData
FN:367,setPriceOracle
FN:393,setDexForTokenPair
FN:399,getDexType
FN:404,getPriceOracle
FN:408,removeToken
FN:419,getMinimumAmountOut
FN:462,estimateAmounts
FN:478,estimateAmountOut
FN:492,estimateAmountOutMin
FN:502,getAmountOutMin
FN:544,updateMidToken
FN:563,updateSecAgo
FN:567,getSecAgo
FN:571,getMidToken
FN:584,updateGlobalFees
FN:596,updateOracleData
FN:601,setPauseDepositController
FN:606,getPauseDepositController
FN:616,intializeStalePriceDelay
FN:631,setSPDelay
FN:636,setstalepriceWindowLimit
FN:640,getstalepriceWindowLimit
FN:649,getStalePriceDelay
FN:659,pauseSwapMethods
FN:675,isSwapMethodPaused
FNF:44
FNH:44
FNDA:25,contractUnpaused
FNDA:8,contractPaused
FNDA:566,onlySpecificAddress
FNDA:1644,addressZero
FNDA:7,pause
FNDA:5,unPause
FNDA:1,applyRebalForProportions
FNDA:2,getPauseStatus
FNDA:154,getRebalStrategyNumber
FNDA:11,updateRebalStrategyNumberByOwner
FNDA:168,setStorage
FNDA:47,setManager
FNDA:379,getPool
FNDA:95,swapData
FNDA:468,swapDataMultiHop
FNDA:563,uniswapV3Oracle
FNDA:158,initUniStructure
FNDA:4113,updateUniTok
FNDA:153,encodePoolData
FNDA:89,setPriceOracle
FNDA:2,setDexForTokenPair
FNDA:564,getDexType
FNDA:3827,getPriceOracle
FNDA:16,removeToken
FNDA:189,getMinimumAmountOut
FNDA:378,estimateAmounts
FNDA:2,estimateAmountOut
FNDA:380,estimateAmountOutMin
FNDA:380,getAmountOutMin
FNDA:136,updateMidToken
FNDA:1,updateSecAgo
FNDA:1,getSecAgo
FNDA:509,getMidToken
FNDA:4,updateGlobalFees
FNDA:30,updateOracleData
FNDA:91,setPauseDepositController
FNDA:246,getPauseDepositController
FNDA:95,intializeStalePriceDelay
FNDA:847,setSPDelay
FNDA:2,setstalepriceWindowLimit
FNDA:1,getstalepriceWindowLimit
FNDA:3828,getStalePriceDelay
FNDA:4,pauseSwapMethods
FNDA:26,isSwapMethodPaused
DA:97,25
DA:98,23
DA:102,8
DA:103,6
DA:107,566
DA:108,564
DA:112,1644
DA:121,7
DA:122,7
DA:130,5
DA:131,5
DA:154,1
DA:155,1
DA:156,1
DA:161,1
DA:169,2
DA:178,154
DA:191,11
DA:192,11
DA:201,168
DA:202,167
DA:211,47
DA:212,46
DA:222,379
DA:229,95
DA:235,468
DA:247,563
DA:248,563
DA:249,86
DA:250,21
DA:252,65
DA:254,86
DA:269,86
DA:271,9
DA:272,5
DA:274,4
DA:276,9
DA:291,9
DA:293,468
DA:306,468
DA:314,158
DA:320,158
DA:321,158
DA:322,158
DA:324,158
DA:325,158
DA:326,731
DA:331,731
DA:338,158
DA:339,158
DA:340,468
DA:341,2183
DA:347,468
DA:353,4113
DA:359,153
DA:368,89
DA:369,89
DA:370,89
DA:373,89
DA:374,89
DA:375,398
DA:376,11
DA:377,3
DA:379,11
DA:381,387
DA:382,252
DA:384,387
DA:394,2
DA:395,2
DA:396,2
DA:400,564
DA:401,564
DA:405,3827
DA:412,16
DA:413,16
DA:414,16
DA:416,0
DA:425,189
DA:427,189
DA:428,0
DA:433,0
DA:434,0
DA:435,0
DA:437,0
DA:444,189
DA:445,189
DA:447,189
DA:453,189
DA:468,378
DA:469,378
DA:483,2
DA:488,2
DA:489,1
DA:498,380
DA:499,379
DA:508,380
DA:509,380
DA:510,380
DA:514,380
DA:518,380
DA:522,380
DA:535,380
DA:538,24
DA:541,380
DA:545,136
DA:551,136
DA:552,631
DA:553,631
DA:554,631
DA:564,1
DA:568,1
DA:572,509
DA:585,4
DA:586,4
DA:597,30
DA:598,30
DA:602,91
DA:603,91
DA:607,246
DA:620,95
DA:625,94
DA:626,93
DA:627,847
DA:632,847
DA:633,847
DA:637,2
DA:641,1
DA:650,3828
DA:664,4
DA:665,3
DA:666,3
DA:679,26
LF:132
LH:126
BRDA:97,1,0,23
BRDA:97,1,1,2
BRDA:102,2,0,6
BRDA:102,2,1,2
BRDA:107,3,0,564
BRDA:107,3,1,2
BRDA:112,4,0,1642
BRDA:112,4,1,2
BRDA:120,5,0,8
BRDA:120,5,1,1
BRDA:120,6,0,7
BRDA:120,6,1,1
BRDA:129,7,0,6
BRDA:129,7,1,2
BRDA:129,8,0,5
BRDA:129,8,1,1
BRDA:150,9,0,3
BRDA:150,9,1,0
BRDA:151,10,0,1
BRDA:151,10,1,2
BRDA:155,11,0,1
BRDA:155,11,1,0
BRDA:190,12,0,12
BRDA:190,12,1,1
BRDA:190,13,0,11
BRDA:190,13,1,1
BRDA:200,14,0,168
BRDA:200,14,1,0
BRDA:201,15,0,167
BRDA:201,15,1,1
BRDA:210,16,0,47
BRDA:210,16,1,2
BRDA:211,17,0,46
BRDA:211,17,1,1
BRDA:246,18,0,563
BRDA:246,18,1,0
BRDA:248,19,0,86
BRDA:248,19,1,477
BRDA:248,20,0,21
BRDA:248,20,1,65
BRDA:249,21,0,21
BRDA:249,21,1,65
BRDA:270,22,0,9
BRDA:270,22,1,468
BRDA:270,23,0,5
BRDA:270,23,1,4
BRDA:271,24,0,5
BRDA:271,24,1,4
BRDA:314,25,0,158
BRDA:314,25,1,0
BRDA:315,26,0,152
BRDA:315,26,1,0
BRDA:315,27,0,0
BRDA:315,27,1,6
BRDA:367,28,0,89
BRDA:367,28,1,0
BRDA:371,29,0,84
BRDA:371,29,1,5
BRDA:375,30,0,11
BRDA:375,30,1,387
BRDA:376,31,0,3
BRDA:376,31,1,8
BRDA:381,32,0,252
BRDA:381,32,1,135
BRDA:393,33,0,2
BRDA:393,33,1,0
BRDA:394,34,0,2
BRDA:394,34,1,0
BRDA:395,35,0,2
BRDA:395,35,1,0
BRDA:401,36,0,0
BRDA:401,36,1,564
BRDA:413,37,0,16
BRDA:413,37,1,0
BRDA:427,38,0,0
BRDA:427,38,1,189
BRDA:427,39,0,0
BRDA:427,39,1,0
BRDA:429,40,0,0
BRDA:429,40,1,189
BRDA:430,41,0,0
BRDA:430,41,1,0
BRDA:434,42,0,0
BRDA:434,42,1,0
BRDA:535,43,0,24
BRDA:535,43,1,356
BRDA:545,44,0,136
BRDA:545,44,1,0
BRDA:546,45,0,130
BRDA:546,45,1,6
BRDA:546,46,0,6
BRDA:546,46,1,0
BRDA:563,47,0,1
BRDA:563,47,1,1
BRDA:584,48,0,4
BRDA:584,48,1,1
BRDA:597,49,0,30
BRDA:597,49,1,0
BRDA:597,50,0,0
BRDA:597,50,1,30
BRDA:601,51,0,91
BRDA:601,51,1,0
BRDA:602,52,0,91
BRDA:602,52,1,0
BRDA:620,53,0,94
BRDA:620,53,1,1
BRDA:621,54,0,94
BRDA:621,54,1,0
BRDA:625,55,0,93
BRDA:625,55,1,1
BRDA:632,56,0,847
BRDA:632,56,1,0
BRDA:636,57,0,2
BRDA:636,57,1,1
BRDA:664,58,0,3
BRDA:664,58,1,1
BRF:116
BRH:87
end_of_record
TN:
SF:C:\Users\Rakhi\EthStageOptimized\contracts\AFiStorage.sol
FN:96,constructor
FN:111,validateAddress
FN:115,aFiVaultCaller
FN:134,addTeamWallet
FN:161,deactivateTeamWallet
FN:181,reActivateTeamWallet
FN:194,getTotalActiveWallets
FN:208,setTeamWallets
FN:241,setActiveRebalancedStatus
FN:257,getTeamWalletDetails
FN:272,getTeamWalletsOfAFi
FN:278,isAFiActiveRebalanced
FN:290,setAFiActive
FN:306,afiSync
FN:319,balanceCompound
FN:326,balanceCompoundInToken
FN:346,balanceAave
FN:356,balance
FN:366,balanceCompV3
FN:380,setAFiManager
FN:392,calcPoolValue
FN:405,tvlRead
FN:420,calculateBalanceOfUnderlying
FN:433,balanceOfUnderlyingInPoolsAndContract
FN:457,calcPoolValueSomeRead
FN:476,calculatePoolInUsd
FN:517,validateAndGetDecimals
FN:528,validateCaller
FN:536,validateFlag
FN:544,validateGreater
FN:553,validateGreaterEqual
FN:562,rearrange
FN:644,getStakedStatus
FN:651,setPreDepositedInputTokenInReInitialize
FN:661,calculateShares
FN:697,handleRedemption
FN:760,swapForOtherProduct
FN:787,calculateRedemptionFromContract
FN:836,withdrawFromPools
FN:873,internalSwap
FN:905,_withdrawSome
FN:959,getPriceInUSD
FN:970,checkIfTokenPresent
FN:1014,swapInternal
FN:1089,_withdrawAll
FN:1125,getAFiOracle
FN:1129,checkUnderlyingToken
FN:1184,_distributeProfitShare
FN:1202,profitDistribution
FN:1252,setStablesWithdrawalLimit
FN:1257,setMaxSwapFee
FN:1272,withdrawStableTokens
FN:1349,handleSmallSwap
FN:1373,doSwapUsingDex
FN:1395,convertInUSDAndTok
FN:1409,setPreDepositedInputToken
FN:1424,setPreDepositedInputTokenInRebalance
FN:1434,checkOracleAndManager
FN:1438,deletePreDepositedInputToken
FN:1452,getPreSwapDepositsTokens
FN:1460,doSwapForThewhiteListRemoval
FNF:61
FNH:60
FNDA:267,constructor
FNDA:1080,validateAddress
FNDA:120,aFiVaultCaller
FNDA:7,addTeamWallet
FNDA:4,deactivateTeamWallet
FNDA:3,reActivateTeamWallet
FNDA:4,getTotalActiveWallets
FNDA:99,setTeamWallets
FNDA:99,setActiveRebalancedStatus
FNDA:13,getTeamWalletDetails
FNDA:8,getTeamWalletsOfAFi
FNDA:22,isAFiActiveRebalanced
FNDA:104,setAFiActive
FNDA:487,afiSync
FNDA:10,balanceCompound
FNDA:8,balanceCompoundInToken
FNDA:589,balanceAave
FNDA:2744,balance
FNDA:52,balanceCompV3
FNDA:3,setAFiManager
FNDA:2049,calcPoolValue
FNDA:2093,tvlRead
FNDA:0,calculateBalanceOfUnderlying
FNDA:2093,balanceOfUnderlyingInPoolsAndContract
FNDA:44,calcPoolValueSomeRead
FNDA:399,calculatePoolInUsd
FNDA:3931,validateAndGetDecimals
FNDA:795,validateCaller
FNDA:123,validateFlag
FNDA:123,validateGreater
FNDA:3931,validateGreaterEqual
FNDA:71,rearrange
FNDA:98,getStakedStatus
FNDA:1,setPreDepositedInputTokenInReInitialize
FNDA:134,calculateShares
FNDA:21,handleRedemption
FNDA:17,swapForOtherProduct
FNDA:98,calculateRedemptionFromContract
FNDA:44,withdrawFromPools
FNDA:43,internalSwap
FNDA:44,_withdrawSome
FNDA:3762,getPriceInUSD
FNDA:17,checkIfTokenPresent
FNDA:17,swapInternal
FNDA:167,_withdrawAll
FNDA:97,getAFiOracle
FNDA:4,checkUnderlyingToken
FNDA:2,_distributeProfitShare
FNDA:2,profitDistribution
FNDA:43,setStablesWithdrawalLimit
FNDA:43,setMaxSwapFee
FNDA:2,withdrawStableTokens
FNDA:1,handleSmallSwap
FNDA:81,doSwapUsingDex
FNDA:1236,convertInUSDAndTok
FNDA:135,setPreDepositedInputToken
FNDA:52,setPreDepositedInputTokenInRebalance
FNDA:219,checkOracleAndManager
FNDA:7,deletePreDepositedInputToken
FNDA:1053,getPreSwapDepositsTokens
FNDA:6,doSwapForThewhiteListRemoval
DA:102,267
DA:103,267
DA:104,267
DA:105,267
DA:106,267
DA:107,267
DA:108,267
DA:112,1080
DA:116,120
DA:135,7
DA:136,7
DA:137,6
DA:138,6
DA:139,4
DA:140,3
DA:141,3
DA:144,3
DA:145,2
DA:146,2
DA:148,3
DA:150,4
DA:164,4
DA:165,4
DA:166,4
DA:169,4
DA:170,4
DA:184,3
DA:185,3
DA:186,3
DA:187,2
DA:190,2
DA:191,2
DA:197,4
DA:209,99
DA:210,98
DA:211,98
DA:214,98
DA:216,98
DA:218,98
DA:219,196
DA:221,196
DA:223,196
DA:224,196
DA:225,196
DA:226,196
DA:227,196
DA:230,196
DA:232,196
DA:235,0
DA:238,98
DA:245,99
DA:246,99
DA:247,99
DA:261,13
DA:275,8
DA:281,22
DA:291,104
DA:293,103
DA:294,101
DA:295,101
DA:313,487
DA:314,487
DA:315,487
DA:316,487
DA:323,10
DA:331,8
DA:332,8
DA:333,8
DA:337,8
DA:347,589
DA:357,2744
DA:370,52
DA:371,52
DA:381,3
DA:382,2
DA:383,2
DA:396,2049
DA:397,2049
DA:398,2049
DA:399,2049
DA:400,2049
DA:402,2049
DA:409,2093
DA:410,2093
DA:411,2093
DA:424,0
DA:437,2093
DA:440,6
DA:442,2093
DA:445,501
DA:447,2093
DA:451,42
DA:453,2093
DA:463,44
DA:464,44
DA:465,44
DA:466,44
DA:468,44
DA:479,399
DA:480,399
DA:481,399
DA:482,399
DA:483,399
DA:484,399
DA:485,399
DA:486,399
DA:487,1755
DA:488,15
DA:489,9
DA:491,15
DA:496,15
DA:498,1740
DA:499,997
DA:504,997
DA:506,1740
DA:509,399
DA:518,3931
DA:519,3931
DA:520,3931
DA:529,795
DA:537,123
DA:545,123
DA:554,3931
DA:567,71
DA:568,71
DA:569,61
DA:570,61
DA:571,61
DA:572,285
DA:573,285
DA:576,285
DA:577,139
DA:578,139
DA:581,285
DA:584,285
DA:586,143
DA:587,143
DA:588,143
DA:593,143
DA:601,20
DA:602,11
DA:604,11
DA:609,11
DA:617,15
DA:618,7
DA:619,7
DA:624,7
DA:633,285
DA:648,98
DA:657,1
DA:658,1
DA:670,134
DA:671,134
DA:672,134
DA:673,134
DA:674,134
DA:676,134
DA:677,60
DA:679,74
DA:680,74
DA:683,134
DA:684,69
DA:685,60
DA:687,9
DA:690,65
DA:691,65
DA:703,21
DA:704,21
DA:705,21
DA:706,4
DA:717,2
DA:728,15
DA:739,19
DA:740,19
DA:741,2
DA:750,19
DA:769,17
DA:770,17
DA:771,17
DA:772,17
DA:774,17
DA:780,17
DA:781,17
DA:782,17
DA:784,16
DA:803,98
DA:804,98
DA:805,98
DA:806,98
DA:809,98
DA:810,98
DA:811,98
DA:812,98
DA:813,98
DA:815,98
DA:818,98
DA:819,98
DA:846,44
DA:847,44
DA:848,44
DA:854,44
DA:855,44
DA:859,44
DA:861,43
DA:883,43
DA:884,43
DA:885,43
DA:897,0
DA:910,44
DA:913,39
DA:914,39
DA:915,1
DA:917,38
DA:918,38
DA:921,38
DA:924,5
DA:927,0
DA:928,0
DA:929,0
DA:931,0
DA:932,0
DA:935,0
DA:938,5
DA:942,5
DA:943,5
DA:944,0
DA:946,5
DA:947,5
DA:950,5
DA:960,3762
DA:978,17
DA:979,17
DA:980,17
DA:981,17
DA:982,17
DA:983,17
DA:984,17
DA:985,0
DA:993,0
DA:994,0
DA:996,0
DA:997,0
DA:998,0
DA:1021,17
DA:1022,17
DA:1023,17
DA:1024,17
DA:1025,17
DA:1026,17
DA:1027,17
DA:1028,82
DA:1036,82
DA:1037,38
DA:1038,38
DA:1040,38
DA:1041,38
DA:1052,0
DA:1064,38
DA:1066,44
DA:1067,44
DA:1068,44
DA:1093,167
DA:1094,167
DA:1095,167
DA:1098,2
DA:1099,2
DA:1105,167
DA:1108,10
DA:1109,10
DA:1110,10
DA:1113,167
DA:1117,0
DA:1118,0
DA:1119,0
DA:1122,167
DA:1126,97
DA:1138,4
DA:1139,4
DA:1140,4
DA:1146,4
DA:1147,16
DA:1153,16
DA:1156,16
DA:1157,15
DA:1167,0
DA:1169,1
DA:1191,2
DA:1192,2
DA:1194,2
DA:1195,2
DA:1198,2
DA:1208,2
DA:1209,2
DA:1210,2
DA:1211,2
DA:1214,2
DA:1215,2
DA:1216,2
DA:1221,2
DA:1222,4
DA:1224,4
DA:1225,4
DA:1230,2
DA:1231,2
DA:1233,2
DA:1236,4
DA:1238,4
DA:1244,4
DA:1253,43
DA:1254,43
DA:1258,43
DA:1259,43
DA:1281,2
DA:1282,2
DA:1283,2
DA:1284,2
DA:1286,2
DA:1287,1
DA:1288,1
DA:1290,1
DA:1291,1
DA:1292,1
DA:1293,1
DA:1294,1
DA:1295,1
DA:1298,1
DA:1299,1
DA:1300,1
DA:1301,0
DA:1310,0
DA:1311,0
DA:1313,1
DA:1324,1
DA:1330,2
DA:1331,2
DA:1332,2
DA:1333,2
DA:1338,0
DA:1340,2
DA:1343,0
DA:1344,0
DA:1360,1
DA:1369,1
DA:1370,1
DA:1383,81
DA:1400,1236
DA:1401,1236
DA:1402,1236
DA:1403,1232
DA:1405,4
DA:1414,135
DA:1430,52
DA:1431,52
DA:1435,219
DA:1443,7
DA:1444,7
DA:1457,1053
DA:1468,6
DA:1469,6
DA:1470,6
DA:1471,6
DA:1472,6
DA:1473,6
DA:1474,1
DA:1476,6
DA:1485,6
DA:1486,6
DA:1487,6
LF:368
LH:341
BRDA:112,1,0,1079
BRDA:112,1,1,1
BRDA:116,2,0,120
BRDA:116,2,1,0
BRDA:117,3,0,120
BRDA:117,3,1,0
BRDA:134,4,0,7
BRDA:134,4,1,0
BRDA:139,5,0,3
BRDA:139,5,1,1
BRDA:144,6,0,2
BRDA:144,6,1,1
BRDA:161,7,0,4
BRDA:161,7,1,0
BRDA:161,8,0,4
BRDA:161,8,1,0
BRDA:181,9,0,3
BRDA:181,9,1,0
BRDA:181,10,0,3
BRDA:181,10,1,0
BRDA:208,11,0,99
BRDA:208,11,1,0
BRDA:214,12,0,98
BRDA:214,12,1,0
BRDA:223,13,0,196
BRDA:223,13,1,0
BRDA:291,14,0,103
BRDA:291,14,1,1
BRDA:291,15,0,100
BRDA:291,15,1,3
BRDA:293,16,0,101
BRDA:293,16,1,2
BRDA:332,17,0,8
BRDA:332,17,1,0
BRDA:370,18,0,52
BRDA:370,18,1,0
BRDA:380,19,0,3
BRDA:380,19,1,1
BRDA:398,20,0,2049
BRDA:398,20,1,0
BRDA:437,21,0,6
BRDA:437,21,1,2087
BRDA:442,22,0,501
BRDA:442,22,1,1592
BRDA:447,23,0,42
BRDA:447,23,1,2051
BRDA:464,24,0,44
BRDA:464,24,1,0
BRDA:483,25,0,394
BRDA:483,25,1,5
BRDA:487,26,0,15
BRDA:487,26,1,1740
BRDA:488,27,0,9
BRDA:488,27,1,6
BRDA:498,28,0,997
BRDA:498,28,1,743
BRDA:529,29,0,794
BRDA:529,29,1,1
BRDA:537,30,0,121
BRDA:537,30,1,2
BRDA:545,31,0,121
BRDA:545,31,1,2
BRDA:554,32,0,3931
BRDA:554,32,1,0
BRDA:568,33,0,61
BRDA:568,33,1,10
BRDA:570,34,0,61
BRDA:570,34,1,0
BRDA:576,35,0,139
BRDA:576,35,1,146
BRDA:581,36,0,285
BRDA:581,36,1,0
BRDA:584,37,0,143
BRDA:584,37,1,142
BRDA:586,38,0,143
BRDA:586,38,1,0
BRDA:599,39,0,20
BRDA:599,39,1,122
BRDA:601,40,0,11
BRDA:601,40,1,9
BRDA:615,41,0,15
BRDA:615,41,1,107
BRDA:617,42,0,7
BRDA:617,42,1,8
BRDA:676,43,0,60
BRDA:676,43,1,74
BRDA:683,44,0,69
BRDA:683,44,1,65
BRDA:684,45,0,60
BRDA:684,45,1,9
BRDA:705,46,0,4
BRDA:705,46,1,17
BRDA:716,47,0,2
BRDA:716,47,1,15
BRDA:740,48,0,2
BRDA:740,48,1,17
BRDA:809,49,0,98
BRDA:809,49,1,0
BRDA:883,50,0,43
BRDA:883,50,1,0
BRDA:884,51,0,43
BRDA:884,51,1,0
BRDA:910,52,0,39
BRDA:910,52,1,5
BRDA:913,53,0,39
BRDA:913,53,1,0
BRDA:914,54,0,1
BRDA:914,54,1,38
BRDA:924,55,0,0
BRDA:924,55,1,5
BRDA:927,56,0,0
BRDA:927,56,1,0
BRDA:928,57,0,0
BRDA:928,57,1,0
BRDA:938,58,0,5
BRDA:938,58,1,0
BRDA:942,59,0,5
BRDA:942,59,1,0
BRDA:943,60,0,0
BRDA:943,60,1,5
BRDA:984,61,0,0
BRDA:984,61,1,17
BRDA:993,62,0,0
BRDA:993,62,1,0
BRDA:996,63,0,0
BRDA:996,63,1,0
BRDA:997,64,0,0
BRDA:997,64,1,0
BRDA:1036,65,0,38
BRDA:1036,65,1,44
BRDA:1037,66,0,38
BRDA:1037,66,1,0
BRDA:1040,67,0,38
BRDA:1040,67,1,0
BRDA:1066,68,0,44
BRDA:1066,68,1,0
BRDA:1067,69,0,44
BRDA:1067,69,1,0
BRDA:1095,70,0,2
BRDA:1095,70,1,165
BRDA:1098,71,0,2
BRDA:1098,71,1,0
BRDA:1105,72,0,10
BRDA:1105,72,1,157
BRDA:1109,73,0,10
BRDA:1109,73,1,0
BRDA:1113,74,0,0
BRDA:1113,74,1,167
BRDA:1118,75,0,0
BRDA:1118,75,1,0
BRDA:1156,76,0,15
BRDA:1156,76,1,1
BRDA:1166,77,0,0
BRDA:1166,77,1,1
BRDA:1194,78,0,2
BRDA:1194,78,1,0
BRDA:1215,79,0,2
BRDA:1215,79,1,0
BRDA:1224,80,0,4
BRDA:1224,80,1,0
BRDA:1225,81,0,2
BRDA:1225,81,1,2
BRDA:1252,82,0,43
BRDA:1252,82,1,0
BRDA:1257,83,0,43
BRDA:1257,83,1,0
BRDA:1258,84,0,43
BRDA:1258,84,1,0
BRDA:1281,85,0,2
BRDA:1281,85,1,0
BRDA:1281,86,0,2
BRDA:1281,86,1,0
BRDA:1286,87,0,1
BRDA:1286,87,1,1
BRDA:1298,88,0,1
BRDA:1298,88,1,0
BRDA:1300,89,0,0
BRDA:1300,89,1,1
BRDA:1330,90,0,2
BRDA:1330,90,1,0
BRDA:1333,91,0,0
BRDA:1333,91,1,2
BRDA:1334,92,0,0
BRDA:1334,92,1,0
BRDA:1402,93,0,1232
BRDA:1402,93,1,4
BRDA:1435,94,0,219
BRDA:1435,94,1,0
BRDA:1435,95,0,184
BRDA:1435,95,1,35
BRDA:1473,96,0,1
BRDA:1473,96,1,5
BRF:192
BRH:130
end_of_record
TN:
SF:C:\Users\Rakhi\EthStageOptimized\contracts\Interfaces\Address.sol
FN:36,isContract
FN:60,sendValue
FN:85,functionCall
FN:95,functionCall
FN:114,functionCallWithValue
FN:128,functionCallWithValue
FN:145,functionStaticCall
FN:155,functionStaticCall
FN:170,functionDelegateCall
FN:180,functionDelegateCall
FN:195,verifyCallResultFromTarget
FN:219,verifyCallResult
FN:231,_revert
FNF:13
FNH:4
FNDA:759,isContract
FNDA:0,sendValue
FNDA:0,functionCall
FNDA:1380,functionCall
FNDA:0,functionCallWithValue
FNDA:1380,functionCallWithValue
FNDA:0,functionStaticCall
FNDA:0,functionStaticCall
FNDA:0,functionDelegateCall
FNDA:0,functionDelegateCall
FNDA:1380,verifyCallResultFromTarget
FNDA:0,verifyCallResult
FNDA:0,_revert
DA:41,759
DA:61,0
DA:63,0
DA:64,0
DA:86,0
DA:100,1380
DA:119,0
DA:134,1380
DA:135,1380
DA:136,1380
DA:146,0
DA:160,0
DA:161,0
DA:171,0
DA:185,0
DA:186,0
DA:201,1380
DA:202,1380
DA:205,759
DA:207,1380
DA:209,0
DA:224,0
DA:225,0
DA:227,0
DA:233,0
DA:236,0
DA:241,0
LF:27
LH:9
BRDA:61,1,0,0
BRDA:61,1,1,0
BRDA:64,2,0,0
BRDA:64,2,1,0
BRDA:134,3,0,1380
BRDA:134,3,1,0
BRDA:201,4,0,1380
BRDA:201,4,1,0
BRDA:202,5,0,759
BRDA:202,5,1,621
BRDA:205,6,0,759
BRDA:205,6,1,0
BRDA:224,7,0,0
BRDA:224,7,1,0
BRDA:233,8,0,0
BRDA:233,8,1,0
BRF:16
BRH:5
end_of_record
TN:
SF:C:\Users\Rakhi\EthStageOptimized\contracts\Interfaces\AggregatorV3Interface.sol
FNF:0
FNH:0
LF:0
LH:0
BRF:0
BRH:0
end_of_record
TN:
SF:C:\Users\Rakhi\EthStageOptimized\contracts\Interfaces\Clones.sol
FN:25,clone
FN:45,cloneDeterministic
FN:61,predictDeterministicAddress
FN:82,predictDeterministicAddress
FNF:4
FNH:1
FNDA:97,clone
FNDA:0,cloneDeterministic
FNDA:0,predictDeterministicAddress
FNDA:0,predictDeterministicAddress
DA:27,97
DA:35,97
DA:47,0
DA:55,0
DA:67,0
DA:87,0
LF:6
LH:2
BRDA:35,1,0,97
BRDA:35,1,1,0
BRDA:55,2,0,0
BRDA:55,2,1,0
BRF:4
BRH:1
end_of_record
TN:
SF:C:\Users\Rakhi\EthStageOptimized\contracts\Interfaces\Context.sol
FN:17,_msgSender
FN:21,_msgData
FNF:2
FNH:1
FNDA:3196,_msgSender
FNDA:0,_msgData
DA:18,3196
DA:22,0
LF:2
LH:1
BRF:0
BRH:0
end_of_record
TN:
SF:C:\Users\Rakhi\EthStageOptimized\contracts\Interfaces\CustomizeIERC20.sol
FNF:0
FNH:0
LF:0
LH:0
BRF:0
BRH:0
end_of_record
TN:
SF:C:\Users\Rakhi\EthStageOptimized\contracts\Interfaces\DataTypes.sol
FNF:0
FNH:0
LF:0
LH:0
BRF:0
BRH:0
end_of_record
TN:
SF:C:\Users\Rakhi\EthStageOptimized\contracts\Interfaces\draft-IERC20Permit.sol
FNF:0
FNH:0
LF:0
LH:0
BRF:0
BRH:0
end_of_record
TN:
SF:C:\Users\Rakhi\EthStageOptimized\contracts\Interfaces\ERC20.sol
FN:54,constructor
FN:62,name
FN:70,symbol
FN:87,decimals
FN:94,totalSupply
FN:101,balanceOf
FN:113,transfer
FN:122,allowance
FN:136,approve
FN:158,transferFrom
FN:181,increaseAllowance
FN:201,decreaseAllowance
FN:226,_transfer
FN:259,_mint
FN:287,_approve
FN:307,_spendAllowance
FN:335,_beforeTokenTransfer
FN:351,_afterTokenTransfer
FNF:18
FNH:11
FNDA:273,constructor
FNDA:0,name
FNDA:0,symbol
FNDA:0,decimals
FNDA:156,totalSupply
FNDA:62,balanceOf
FNDA:0,transfer
FNDA:2,allowance
FNDA:2,approve
FNDA:0,transferFrom
FNDA:0,increaseAllowance
FNDA:0,decreaseAllowance
FNDA:4,_transfer
FNDA:134,_mint
FNDA:3,_approve
FNDA:2,_spendAllowance
FNDA:138,_beforeTokenTransfer
FNDA:138,_afterTokenTransfer
DA:55,273
DA:56,273
DA:63,0
DA:71,0
DA:88,0
DA:95,156
DA:102,62
DA:114,0
DA:115,0
DA:116,0
DA:123,2
DA:137,2
DA:138,2
DA:139,2
DA:163,0
DA:164,0
DA:165,0
DA:166,0
DA:182,0
DA:183,0
DA:184,0
DA:202,0
DA:203,0
DA:204,0
DA:205,0
DA:206,0
DA:209,0
DA:231,4
DA:232,4
DA:234,4
DA:236,4
DA:237,4
DA:238,4
DA:239,4
DA:242,4
DA:245,4
DA:247,4
DA:260,134
DA:262,134
DA:264,134
DA:265,134
DA:267,134
DA:269,134
DA:271,134
DA:292,3
DA:293,3
DA:295,3
DA:296,3
DA:312,2
DA:313,2
DA:314,1
DA:315,1
DA:316,1
LF:53
LH:34
BRDA:204,1,0,0
BRDA:204,1,1,0
BRDA:231,2,0,4
BRDA:231,2,1,0
BRDA:232,3,0,4
BRDA:232,3,1,0
BRDA:237,4,0,4
BRDA:237,4,1,0
BRDA:260,5,0,134
BRDA:260,5,1,0
BRDA:292,6,0,3
BRDA:292,6,1,0
BRDA:293,7,0,3
BRDA:293,7,1,0
BRDA:313,8,0,1
BRDA:313,8,1,1
BRDA:314,9,0,1
BRDA:314,9,1,0
BRF:18
BRH:9
end_of_record
TN:
SF:C:\Users\Rakhi\EthStageOptimized\contracts\Interfaces\IAFi.sol
FNF:0
FNH:0
LF:0
LH:0
BRF:0
BRH:0
end_of_record
TN:
SF:C:\Users\Rakhi\EthStageOptimized\contracts\Interfaces\IAFiFactory.sol
FNF:0
FNH:0
LF:0
LH:0
BRF:0
BRH:0
end_of_record
TN:
SF:C:\Users\Rakhi\EthStageOptimized\contracts\Interfaces\IAFiStorage.sol
FNF:0
FNH:0
LF:0
LH:0
BRF:0
BRH:0
end_of_record
TN:
SF:C:\Users\Rakhi\EthStageOptimized\contracts\Interfaces\IERC20.sol
FNF:0
FNH:0
LF:0
LH:0
BRF:0
BRH:0
end_of_record
TN:
SF:C:\Users\Rakhi\EthStageOptimized\contracts\Interfaces\IERC20Extended.sol
FNF:0
FNH:0
LF:0
LH:0
BRF:0
BRH:0
end_of_record
TN:
SF:C:\Users\Rakhi\EthStageOptimized\contracts\Interfaces\IERC20Metadata.sol
FNF:0
FNH:0
LF:0
LH:0
BRF:0
BRH:0
end_of_record
TN:
SF:C:\Users\Rakhi\EthStageOptimized\contracts\Interfaces\ILendingPool.sol
FNF:0
FNH:0
LF:0
LH:0
BRF:0
BRH:0
end_of_record
TN:
SF:C:\Users\Rakhi\EthStageOptimized\contracts\Interfaces\ILendingPoolAddressesProvider.sol
FNF:0
FNH:0
LF:0
LH:0
BRF:0
BRH:0
end_of_record
TN:
SF:C:\Users\Rakhi\EthStageOptimized\contracts\Interfaces\IPassiveRebal.sol
FNF:0
FNH:0
LF:0
LH:0
BRF:0
BRH:0
end_of_record
TN:
SF:C:\Users\Rakhi\EthStageOptimized\contracts\Interfaces\ISwapRouter.sol
FNF:0
FNH:0
LF:0
LH:0
BRF:0
BRH:0
end_of_record
TN:
SF:C:\Users\Rakhi\EthStageOptimized\contracts\Interfaces\ITimeDelayModule.sol
FNF:0
FNH:0
LF:0
LH:0
BRF:0
BRH:0
end_of_record
TN:
SF:C:\Users\Rakhi\EthStageOptimized\contracts\Interfaces\IUNISWAP.sol
FNF:0
FNH:0
LF:0
LH:0
BRF:0
BRH:0
end_of_record
TN:
SF:C:\Users\Rakhi\EthStageOptimized\contracts\Interfaces\IUniswapV3.sol
FNF:0
FNH:0
LF:0
LH:0
BRF:0
BRH:0
end_of_record
TN:
SF:C:\Users\Rakhi\EthStageOptimized\contracts\Interfaces\IUniswapV3Factory.sol
FNF:0
FNH:0
LF:0
LH:0
BRF:0
BRH:0
end_of_record
TN:
SF:C:\Users\Rakhi\EthStageOptimized\contracts\Interfaces\Ownable.sol
FN:28,constructor
FN:35,onlyOwner
FN:43,owner
FN:50,_checkOwner
FN:61,renounceOwnership
FN:69,transferOwnership
FN:78,_transferOwnership
FNF:7
FNH:6
FNDA:1621,constructor
FNDA:1565,onlyOwner
FNDA:2046,owner
FNDA:1565,_checkOwner
FNDA:1,renounceOwnership
FNDA:0,transferOwnership
FNDA:1719,_transferOwnership
DA:29,1621
DA:36,1565
DA:37,1535
DA:44,2046
DA:51,1565
DA:62,1
DA:70,0
DA:71,0
DA:79,1719
DA:80,1719
DA:81,1719
LF:11
LH:9
BRDA:51,1,0,1535
BRDA:51,1,1,30
BRDA:61,2,0,1
BRDA:61,2,1,0
BRDA:69,3,0,0
BRDA:69,3,1,0
BRDA:70,4,0,0
BRDA:70,4,1,0
BRF:8
BRH:3
end_of_record
TN:
SF:C:\Users\Rakhi\EthStageOptimized\contracts\Interfaces\Ownable2Step.sol
FN:27,pendingOwner
FN:44,_transferOwnership
FN:52,acceptOwnership
FNF:3
FNH:1
FNDA:0,pendingOwner
FNDA:1719,_transferOwnership
FNDA:0,acceptOwnership
DA:28,0
DA:45,1719
DA:46,1719
DA:53,0
DA:54,0
DA:55,0
LF:6
LH:2
BRDA:54,1,0,0
BRDA:54,1,1,0
BRF:2
BRH:0
end_of_record
TN:
SF:C:\Users\Rakhi\EthStageOptimized\contracts\Interfaces\OwnableDelayModule.sol
FN:8,constructor
FN:12,isDelayModule
FN:16,setDelayModule
FN:22,getDelayModule
FN:30,transferOwnership
FNF:5
FNH:4
FNDA:1621,constructor
FNDA:1,isDelayModule
FNDA:0,setDelayModule
FNDA:42,getDelayModule
FNDA:1,transferOwnership
DA:9,1621
DA:13,1
DA:17,0
DA:18,0
DA:19,0
DA:23,42
DA:31,1
DA:32,0
DA:33,0
LF:9
LH:4
BRDA:13,1,0,0
BRDA:13,1,1,1
BRDA:18,2,0,0
BRDA:18,2,1,0
BRF:4
BRH:1
end_of_record
TN:
SF:C:\Users\Rakhi\EthStageOptimized\contracts\Interfaces\ReentrancyGuard.sol
FN:39,constructor
FN:50,nonReentrant
FN:56,_nonReentrantBefore
FN:64,_nonReentrantAfter
FNF:4
FNH:4
FNDA:1083,constructor
FNDA:543,nonReentrant
FNDA:543,_nonReentrantBefore
FNDA:499,_nonReentrantAfter
DA:40,1083
DA:51,543
DA:52,543
DA:53,499
DA:58,543
DA:61,543
DA:67,499
LF:7
LH:7
BRDA:58,1,0,543
BRDA:58,1,1,0
BRF:2
BRH:1
end_of_record
TN:
SF:C:\Users\Rakhi\EthStageOptimized\contracts\Interfaces\SafeCast.sol
FN:35,toUint248
FN:52,toUint240
FN:69,toUint232
FN:86,toUint224
FN:103,toUint216
FN:120,toUint208
FN:137,toUint200
FN:154,toUint192
FN:171,toUint184
FN:188,toUint176
FN:205,toUint168
FN:222,toUint160
FN:239,toUint152
FN:256,toUint144
FN:273,toUint136
FN:290,toUint128
FN:307,toUint120
FN:324,toUint112
FN:341,toUint104
FN:358,toUint96
FN:375,toUint88
FN:392,toUint80
FN:409,toUint72
FN:426,toUint64
FN:443,toUint56
FN:460,toUint48
FN:477,toUint40
FN:494,toUint32
FN:511,toUint24
FN:528,toUint16
FN:545,toUint8
FN:559,toUint256
FN:577,toInt248
FN:595,toInt240
FN:613,toInt232
FN:631,toInt224
FN:649,toInt216
FN:667,toInt208
FN:685,toInt200
FN:703,toInt192
FN:721,toInt184
FN:739,toInt176
FN:757,toInt168
FN:775,toInt160
FN:793,toInt152
FN:811,toInt144
FN:829,toInt136
FN:847,toInt128
FN:865,toInt120
FN:883,toInt112
FN:901,toInt104
FN:919,toInt96
FN:937,toInt88
FN:955,toInt80
FN:973,toInt72
FN:991,toInt64
FN:1009,toInt56
FN:1027,toInt48
FN:1045,toInt40
FN:1063,toInt32
FN:1081,toInt24
FN:1099,toInt16
FN:1117,toInt8
FN:1131,toInt256
FNF:64
FNH:1
FNDA:0,toUint248
FNDA:0,toUint240
FNDA:0,toUint232
FNDA:0,toUint224
FNDA:0,toUint216
FNDA:0,toUint208
FNDA:0,toUint200
FNDA:0,toUint192
FNDA:0,toUint184
FNDA:0,toUint176
FNDA:0,toUint168
FNDA:0,toUint160
FNDA:0,toUint152
FNDA:0,toUint144
FNDA:0,toUint136
FNDA:0,toUint128
FNDA:0,toUint120
FNDA:0,toUint112
FNDA:0,toUint104
FNDA:0,toUint96
FNDA:0,toUint88
FNDA:0,toUint80
FNDA:0,toUint72
FNDA:0,toUint64
FNDA:0,toUint56
FNDA:0,toUint48
FNDA:0,toUint40
FNDA:0,toUint32
FNDA:0,toUint24
FNDA:0,toUint16
FNDA:0,toUint8
FNDA:3827,toUint256
FNDA:0,toInt248
FNDA:0,toInt240
FNDA:0,toInt232
FNDA:0,toInt224
FNDA:0,toInt216
FNDA:0,toInt208
FNDA:0,toInt200
FNDA:0,toInt192
FNDA:0,toInt184
FNDA:0,toInt176
FNDA:0,toInt168
FNDA:0,toInt160
FNDA:0,toInt152
FNDA:0,toInt144
FNDA:0,toInt136
FNDA:0,toInt128
FNDA:0,toInt120
FNDA:0,toInt112
FNDA:0,toInt104
FNDA:0,toInt96
FNDA:0,toInt88
FNDA:0,toInt80
FNDA:0,toInt72
FNDA:0,toInt64
FNDA:0,toInt56
FNDA:0,toInt48
FNDA:0,toInt40
FNDA:0,toInt32
FNDA:0,toInt24
FNDA:0,toInt16
FNDA:0,toInt8
FNDA:0,toInt256
DA:36,0
DA:37,0
DA:53,0
DA:54,0
DA:70,0
DA:71,0
DA:87,0
DA:88,0
DA:104,0
DA:105,0
DA:121,0
DA:122,0
DA:138,0
DA:139,0
DA:155,0
DA:156,0
DA:172,0
DA:173,0
DA:189,0
DA:190,0
DA:206,0
DA:207,0
DA:223,0
DA:224,0
DA:240,0
DA:241,0
DA:257,0
DA:258,0
DA:274,0
DA:275,0
DA:291,0
DA:292,0
DA:308,0
DA:309,0
DA:325,0
DA:326,0
DA:342,0
DA:343,0
DA:359,0
DA:360,0
DA:376,0
DA:377,0
DA:393,0
DA:394,0
DA:410,0
DA:411,0
DA:427,0
DA:428,0
DA:444,0
DA:445,0
DA:461,0
DA:462,0
DA:478,0
DA:479,0
DA:495,0
DA:496,0
DA:512,0
DA:513,0
DA:529,0
DA:530,0
DA:546,0
DA:547,0
DA:560,3827
DA:561,3827
DA:578,0
DA:579,0
DA:596,0
DA:597,0
DA:614,0
DA:615,0
DA:632,0
DA:633,0
DA:650,0
DA:651,0
DA:668,0
DA:669,0
DA:686,0
DA:687,0
DA:704,0
DA:705,0
DA:722,0
DA:723,0
DA:740,0
DA:741,0
DA:758,0
DA:759,0
DA:776,0
DA:777,0
DA:794,0
DA:795,0
DA:812,0
DA:813,0
DA:830,0
DA:831,0
DA:848,0
DA:849,0
DA:866,0
DA:867,0
DA:884,0
DA:885,0
DA:902,0
DA:903,0
DA:920,0
DA:921,0
DA:938,0
DA:939,0
DA:956,0
DA:957,0
DA:974,0
DA:975,0
DA:992,0
DA:993,0
DA:1010,0
DA:1011,0
DA:1028,0
DA:1029,0
DA:1046,0
DA:1047,0
DA:1064,0
DA:1065,0
DA:1082,0
DA:1083,0
DA:1100,0
DA:1101,0
DA:1118,0
DA:1119,0
DA:1133,0
DA:1134,0
LF:128
LH:2
BRDA:36,1,0,0
BRDA:36,1,1,0
BRDA:53,2,0,0
BRDA:53,2,1,0
BRDA:70,3,0,0
BRDA:70,3,1,0
BRDA:87,4,0,0
BRDA:87,4,1,0
BRDA:104,5,0,0
BRDA:104,5,1,0
BRDA:121,6,0,0
BRDA:121,6,1,0
BRDA:138,7,0,0
BRDA:138,7,1,0
BRDA:155,8,0,0
BRDA:155,8,1,0
BRDA:172,9,0,0
BRDA:172,9,1,0
BRDA:189,10,0,0
BRDA:189,10,1,0
BRDA:206,11,0,0
BRDA:206,11,1,0
BRDA:223,12,0,0
BRDA:223,12,1,0
BRDA:240,13,0,0
BRDA:240,13,1,0
BRDA:257,14,0,0
BRDA:257,14,1,0
BRDA:274,15,0,0
BRDA:274,15,1,0
BRDA:291,16,0,0
BRDA:291,16,1,0
BRDA:308,17,0,0
BRDA:308,17,1,0
BRDA:325,18,0,0
BRDA:325,18,1,0
BRDA:342,19,0,0
BRDA:342,19,1,0
BRDA:359,20,0,0
BRDA:359,20,1,0
BRDA:376,21,0,0
BRDA:376,21,1,0
BRDA:393,22,0,0
BRDA:393,22,1,0
BRDA:410,23,0,0
BRDA:410,23,1,0
BRDA:427,24,0,0
BRDA:427,24,1,0
BRDA:444,25,0,0
BRDA:444,25,1,0
BRDA:461,26,0,0
BRDA:461,26,1,0
BRDA:478,27,0,0
BRDA:478,27,1,0
BRDA:495,28,0,0
BRDA:495,28,1,0
BRDA:512,29,0,0
BRDA:512,29,1,0
BRDA:529,30,0,0
BRDA:529,30,1,0
BRDA:546,31,0,0
BRDA:546,31,1,0
BRDA:560,32,0,3827
BRDA:560,32,1,0
BRDA:579,33,0,0
BRDA:579,33,1,0
BRDA:597,34,0,0
BRDA:597,34,1,0
BRDA:615,35,0,0
BRDA:615,35,1,0
BRDA:633,36,0,0
BRDA:633,36,1,0
BRDA:651,37,0,0
BRDA:651,37,1,0
BRDA:669,38,0,0
BRDA:669,38,1,0
BRDA:687,39,0,0
BRDA:687,39,1,0
BRDA:705,40,0,0
BRDA:705,40,1,0
BRDA:723,41,0,0
BRDA:723,41,1,0
BRDA:741,42,0,0
BRDA:741,42,1,0
BRDA:759,43,0,0
BRDA:759,43,1,0
BRDA:777,44,0,0
BRDA:777,44,1,0
BRDA:795,45,0,0
BRDA:795,45,1,0
BRDA:813,46,0,0
BRDA:813,46,1,0
BRDA:831,47,0,0
BRDA:831,47,1,0
BRDA:849,48,0,0
BRDA:849,48,1,0
BRDA:867,49,0,0
BRDA:867,49,1,0
BRDA:885,50,0,0
BRDA:885,50,1,0
BRDA:903,51,0,0
BRDA:903,51,1,0
BRDA:921,52,0,0
BRDA:921,52,1,0
BRDA:939,53,0,0
BRDA:939,53,1,0
BRDA:957,54,0,0
BRDA:957,54,1,0
BRDA:975,55,0,0
BRDA:975,55,1,0
BRDA:993,56,0,0
BRDA:993,56,1,0
BRDA:1011,57,0,0
BRDA:1011,57,1,0
BRDA:1029,58,0,0
BRDA:1029,58,1,0
BRDA:1047,59,0,0
BRDA:1047,59,1,0
BRDA:1065,60,0,0
BRDA:1065,60,1,0
BRDA:1083,61,0,0
BRDA:1083,61,1,0
BRDA:1101,62,0,0
BRDA:1101,62,1,0
BRDA:1119,63,0,0
BRDA:1119,63,1,0
BRDA:1133,64,0,0
BRDA:1133,64,1,0
BRF:128
BRH:1
end_of_record
TN:
SF:C:\Users\Rakhi\EthStageOptimized\contracts\Interfaces\SafeERC20.sol
FN:22,safeTransfer
FN:30,safeTransferFrom
FN:46,safeApprove
FN:61,safeIncreaseAllowance
FN:70,safeDecreaseAllowance
FN:83,safePermit
FN:105,_callOptionalReturn
FNF:7
FNH:4
FNDA:169,safeTransfer
FNDA:198,safeTransferFrom
FNDA:0,safeApprove
FNDA:1013,safeIncreaseAllowance
FNDA:0,safeDecreaseAllowance
FNDA:0,safePermit
FNDA:1380,_callOptionalReturn
DA:27,169
DA:36,198
DA:54,0
DA:58,0
DA:66,1013
DA:67,1013
DA:75,0
DA:76,0
DA:77,0
DA:78,0
DA:79,0
DA:93,0
DA:94,0
DA:95,0
DA:96,0
DA:110,1380
DA:111,1380
DA:113,621
LF:18
LH:7
BRDA:54,1,0,0
BRDA:54,1,1,0
BRDA:55,2,0,0
BRDA:55,2,1,0
BRDA:77,3,0,0
BRDA:77,3,1,0
BRDA:96,4,0,0
BRDA:96,4,1,0
BRDA:111,5,0,621
BRDA:111,5,1,759
BRDA:113,6,0,621
BRDA:113,6,1,0
BRF:12
BRH:3
end_of_record
TN:
SF:C:\Users\Rakhi\EthStageOptimized\contracts\Interfaces\SafeMath.sol
FN:22,tryAdd
FN:35,trySub
FN:47,tryMul
FN:64,tryDiv
FN:76,tryMod
FN:93,add
FN:107,sub
FN:121,mul
FN:135,div
FN:151,mod
FN:168,sub
FN:191,div
FN:217,mod
FNF:13
FNH:0
FNDA:0,tryAdd
FNDA:0,trySub
FNDA:0,tryMul
FNDA:0,tryDiv
FNDA:0,tryMod
FNDA:0,add
FNDA:0,sub
FNDA:0,mul
FNDA:0,div
FNDA:0,mod
FNDA:0,sub
FNDA:0,div
FNDA:0,mod
DA:23,0
DA:24,0
DA:25,0
DA:26,0
DA:36,0
DA:37,0
DA:38,0
DA:48,0
DA:52,0
DA:53,0
DA:54,0
DA:55,0
DA:65,0
DA:66,0
DA:67,0
DA:77,0
DA:78,0
DA:79,0
DA:94,0
DA:108,0
DA:122,0
DA:136,0
DA:152,0
DA:173,0
DA:174,0
DA:175,0
DA:196,0
DA:197,0
DA:198,0
DA:222,0
DA:223,0
DA:224,0
LF:32
LH:0
BRDA:25,1,0,0
BRDA:25,1,1,0
BRDA:37,2,0,0
BRDA:37,2,1,0
BRDA:52,3,0,0
BRDA:52,3,1,0
BRDA:54,4,0,0
BRDA:54,4,1,0
BRDA:66,5,0,0
BRDA:66,5,1,0
BRDA:78,6,0,0
BRDA:78,6,1,0
BRDA:174,7,0,0
BRDA:174,7,1,0
BRDA:197,8,0,0
BRDA:197,8,1,0
BRDA:223,9,0,0
BRDA:223,9,1,0
BRF:18
BRH:0
end_of_record
TN:
SF:C:\Users\Rakhi\EthStageOptimized\contracts\Interfaces\TimeDelayModule.sol
FN:17,constructor
FN:26,onlyAdmin
FN:31,onlyRescindController
FN:36,onlyRescindChangeController
FN:47,queueTransaction
FN:62,cancelTransaction
FN:74,executeTransaction
FN:91,updateRescindController
FN:95,updateAdmin
FN:100,updateDelay
FN:105,updateExpirationPeriod
FN:110,encodeEmergencyWithdraw
FN:115,encodeTransferOwnership
FN:120,encodeUpdateAdmin
FNF:14
FNH:0
FNDA:0,constructor
FNDA:0,onlyAdmin
FNDA:0,onlyRescindController
FNDA:0,onlyRescindChangeController
FNDA:0,queueTransaction
FNDA:0,cancelTransaction
FNDA:0,executeTransaction
FNDA:0,updateRescindController
FNDA:0,updateAdmin
FNDA:0,updateDelay
FNDA:0,updateExpirationPeriod
FNDA:0,encodeEmergencyWithdraw
FNDA:0,encodeTransferOwnership
FNDA:0,encodeUpdateAdmin
DA:18,0
DA:19,0
DA:20,0
DA:21,0
DA:22,0
DA:23,0
DA:27,0
DA:28,0
DA:32,0
DA:33,0
DA:37,0
DA:38,0
DA:48,0
DA:50,0
DA:51,0
DA:53,0
DA:54,0
DA:63,0
DA:64,0
DA:65,0
DA:66,0
DA:75,0
DA:76,0
DA:78,0
DA:79,0
DA:81,0
DA:83,0
DA:84,0
DA:86,0
DA:88,0
DA:92,0
DA:96,0
DA:97,0
DA:101,0
DA:102,0
DA:106,0
DA:107,0
DA:111,0
DA:112,0
DA:116,0
DA:117,0
DA:121,0
DA:122,0
LF:43
LH:0
BRDA:18,1,0,0
BRDA:18,1,1,0
BRDA:27,2,0,0
BRDA:27,2,1,0
BRDA:32,3,0,0
BRDA:32,3,1,0
BRDA:37,4,0,0
BRDA:37,4,1,0
BRDA:47,5,0,0
BRDA:47,5,1,0
BRDA:48,6,0,0
BRDA:48,6,1,0
BRDA:62,7,0,0
BRDA:62,7,1,0
BRDA:64,8,0,0
BRDA:64,8,1,0
BRDA:74,9,0,0
BRDA:74,9,1,0
BRDA:76,10,0,0
BRDA:76,10,1,0
BRDA:78,11,0,0
BRDA:78,11,1,0
BRDA:79,12,0,0
BRDA:79,12,1,0
BRDA:84,13,0,0
BRDA:84,13,1,0
BRDA:91,14,0,0
BRDA:91,14,1,0
BRDA:96,15,0,0
BRDA:96,15,1,0
BRDA:100,16,0,0
BRDA:100,16,1,0
BRDA:101,17,0,0
BRDA:101,17,1,0
BRDA:105,18,0,0
BRDA:105,18,1,0
BRDA:106,19,0,0
BRDA:106,19,1,0
BRF:38
BRH:0
end_of_record
TN:
SF:C:\Users\Rakhi\EthStageOptimized\contracts\Interfaces\TransferHelper.sol
FN:7,safeApprove
FN:20,safeTransfer
FN:33,safeTransferFrom
FN:47,safeTransferETH
FNF:4
FNH:0
FNDA:0,safeApprove
FNDA:0,safeTransfer
FNDA:0,safeTransferFrom
FNDA:0,safeTransferETH
DA:13,0
DA:14,0
DA:26,0
DA:27,0
DA:40,0
DA:41,0
DA:48,0
DA:49,0
LF:8
LH:0
BRDA:14,1,0,0
BRDA:14,1,1,0
BRDA:15,2,0,0
BRDA:15,2,1,0
BRDA:27,3,0,0
BRDA:27,3,1,0
BRDA:28,4,0,0
BRDA:28,4,1,0
BRDA:41,5,0,0
BRDA:41,5,1,0
BRDA:42,6,0,0
BRDA:42,6,1,0
BRDA:49,7,0,0
BRDA:49,7,1,0
BRF:14
BRH:0
end_of_record
TN:
SF:C:\Users\Rakhi\EthStageOptimized\contracts\Libraries\ArrayUtils.sol
FN:12,sPopAddress
FN:25,sPopUint256
FN:38,sumOfMArrays
FN:55,indexOf
FN:71,contains
FN:81,hasDuplicate
FN:100,remove
FN:117,removeStorage
FN:136,pop
FN:158,extend
FN:181,validatePairsWithArray
FN:193,validatePairsWithArray
FN:205,validatePairsWithArray
FN:217,validatePairsWithArray
FN:232,validatePairsWithArray
FN:242,_validateLengthAndUniqueness
FNF:16
FNH:3
FNDA:0,sPopAddress
FNDA:0,sPopUint256
FNDA:0,sumOfMArrays
FNDA:439,indexOf
FNDA:0,contains
FNDA:0,hasDuplicate
FNDA:18,remove
FNDA:0,removeStorage
FNDA:18,pop
FNDA:0,extend
FNDA:0,validatePairsWithArray
FNDA:0,validatePairsWithArray
FNDA:0,validatePairsWithArray
FNDA:0,validatePairsWithArray
FNDA:0,validatePairsWithArray
FNDA:0,_validateLengthAndUniqueness
DA:13,0
DA:14,0
DA:15,0
DA:18,0
DA:19,0
DA:21,0
DA:26,0
DA:27,0
DA:28,0
DA:31,0
DA:32,0
DA:34,0
DA:42,0
DA:43,0
DA:44,0
DA:46,0
DA:56,439
DA:57,439
DA:58,1653
DA:59,94
DA:62,345
DA:72,0
DA:73,0
DA:82,0
DA:84,0
DA:85,0
DA:86,0
DA:87,0
DA:88,0
DA:92,0
DA:104,18
DA:105,18
DA:106,0
DA:108,18
DA:109,18
DA:118,0
DA:119,0
DA:120,0
DA:122,0
DA:123,0
DA:124,0
DA:126,0
DA:140,18
DA:141,18
DA:142,18
DA:143,18
DA:144,4
DA:146,18
DA:147,18
DA:149,18
DA:162,0
DA:163,0
DA:164,0
DA:165,0
DA:166,0
DA:168,0
DA:169,0
DA:171,0
DA:182,0
DA:183,0
DA:194,0
DA:195,0
DA:206,0
DA:207,0
DA:221,0
DA:222,0
DA:233,0
DA:234,0
DA:243,0
DA:244,0
LF:70
LH:17
BRDA:14,1,0,0
BRDA:14,1,1,0
BRDA:27,2,0,0
BRDA:27,2,1,0
BRDA:58,3,0,94
BRDA:58,3,1,1559
BRDA:82,4,0,0
BRDA:82,4,1,0
BRDA:87,5,0,0
BRDA:87,5,1,0
BRDA:105,6,0,0
BRDA:105,6,1,18
BRDA:119,7,0,0
BRDA:119,7,1,0
BRDA:123,8,0,0
BRDA:123,8,1,0
BRDA:141,9,0,18
BRDA:141,9,1,0
BRDA:182,10,0,0
BRDA:182,10,1,0
BRDA:194,11,0,0
BRDA:194,11,1,0
BRDA:206,12,0,0
BRDA:206,12,1,0
BRDA:221,13,0,0
BRDA:221,13,1,0
BRDA:233,14,0,0
BRDA:233,14,1,0
BRDA:243,15,0,0
BRDA:243,15,1,0
BRDA:244,16,0,0
BRDA:244,16,1,0
BRF:32
BRH:4
end_of_record
TN:
SF:C:\Users\Rakhi\EthStageOptimized\contracts\Libraries\FullMath.sol
FN:14,mulDiv
FN:115,mulDivRoundingUp
FNF:2
FNH:1
FNDA:380,mulDiv
FNDA:0,mulDivRoundingUp
DA:19,380
DA:25,380
DA:26,380
DA:27,380
DA:34,380
DA:35,180
DA:36,180
DA:39,180
DA:44,200
DA:52,200
DA:53,200
DA:57,200
DA:65,200
DA:67,200
DA:72,200
DA:78,200
DA:81,200
DA:88,200
DA:92,200
DA:93,200
DA:94,200
DA:95,200
DA:96,200
DA:97,200
DA:105,200
DA:106,200
DA:120,0
DA:121,0
DA:122,0
DA:123,0
DA:124,0
LF:31
LH:26
BRDA:34,1,0,180
BRDA:34,1,1,200
BRDA:35,2,0,180
BRDA:35,2,1,0
BRDA:44,3,0,200
BRDA:44,3,1,0
BRDA:122,4,0,0
BRDA:122,4,1,0
BRDA:123,5,0,0
BRDA:123,5,1,0
BRF:10
BRH:4
end_of_record
TN:
SF:C:\Users\Rakhi\EthStageOptimized\contracts\Libraries\OracleLibrary.sol
FN:15,getQuoteAtTick
FNF:1
FNH:1
FNDA:380,getQuoteAtTick
DA:21,380
DA:24,380
DA:25,380
DA:26,380
DA:30,0
DA:31,0
LF:6
LH:4
BRDA:24,1,0,380
BRDA:24,1,1,0
BRDA:27,2,0,154
BRDA:27,2,1,226
BRDA:32,3,0,0
BRDA:32,3,1,0
BRF:6
BRH:3
end_of_record
TN:
SF:C:\Users\Rakhi\EthStageOptimized\contracts\Libraries\TickMath.sol
FN:26,getSqrtRatioAtTick
FN:68,getTickAtSqrtRatio
FNF:2
FNH:1
FNDA:380,getSqrtRatioAtTick
FNDA:0,getTickAtSqrtRatio
DA:27,380
DA:28,380
DA:29,380
DA:31,380
DA:34,380
DA:35,380
DA:36,380
DA:37,380
DA:38,380
DA:39,380
DA:40,380
DA:41,380
DA:42,380
DA:43,380
DA:44,380
DA:45,380
DA:46,380
DA:47,380
DA:48,380
DA:49,380
DA:50,380
DA:51,380
DA:52,380
DA:54,380
DA:59,380
DA:69,0
DA:71,0
DA:72,0
DA:74,0
DA:75,0
DA:77,0
DA:82,0
DA:87,0
DA:92,0
DA:97,0
DA:102,0
DA:107,0
DA:112,0
DA:117,0
DA:120,0
DA:122,0
DA:128,0
DA:134,0
DA:140,0
DA:146,0
DA:152,0
DA:158,0
DA:164,0
DA:170,0
DA:176,0
DA:182,0
DA:188,0
DA:194,0
DA:200,0
DA:206,0
DA:208,0
DA:209,0
DA:211,0
LF:58
LH:25
BRDA:28,1,0,245
BRDA:28,1,1,135
BRDA:29,2,0,0
BRDA:29,2,1,380
BRDA:32,3,0,124
BRDA:32,3,1,256
BRDA:34,4,0,347
BRDA:34,4,1,33
BRDA:35,5,0,235
BRDA:35,5,1,145
BRDA:36,6,0,352
BRDA:36,6,1,28
BRDA:37,7,0,149
BRDA:37,7,1,231
BRDA:38,8,0,237
BRDA:38,8,1,143
BRDA:39,9,0,55
BRDA:39,9,1,325
BRDA:40,10,0,54
BRDA:40,10,1,326
BRDA:41,11,0,325
BRDA:41,11,1,55
BRDA:42,12,0,57
BRDA:42,12,1,323
BRDA:43,13,0,299
BRDA:43,13,1,81
BRDA:44,14,0,227
BRDA:44,14,1,153
BRDA:45,15,0,245
BRDA:45,15,1,135
BRDA:46,16,0,209
BRDA:46,16,1,171
BRDA:47,17,0,75
BRDA:47,17,1,305
BRDA:48,18,0,37
BRDA:48,18,1,343
BRDA:49,19,0,235
BRDA:49,19,1,145
BRDA:50,20,0,12
BRDA:50,20,1,368
BRDA:51,21,0,100
BRDA:51,21,1,280
BRDA:52,22,0,0
BRDA:52,22,1,380
BRDA:54,23,0,135
BRDA:54,23,1,245
BRDA:71,24,0,0
BRDA:71,24,1,0
BRDA:117,25,0,0
BRDA:117,25,1,0
BRDA:211,26,0,0
BRDA:211,26,1,0
BRDA:211,27,0,0
BRDA:211,27,1,0
BRF:54
BRH:44
end_of_record
TN:
SF:C:\Users\Rakhi\EthStageOptimized\contracts\mockcontracts\AFiExchangeMock.sol
FN:14,constructor
FN:20,swapUSDTForAFi
FN:32,depositAFiToken
FNF:3
FNH:3
FNDA:3,constructor
FNDA:1,swapUSDTForAFi
FNDA:1,depositAFiToken
DA:15,3
DA:16,3
DA:21,1
DA:24,1
DA:26,1
DA:28,1
DA:33,1
DA:34,1
LF:8
LH:8
BRDA:21,1,0,1
BRDA:21,1,1,0
BRDA:26,2,0,1
BRDA:26,2,1,0
BRDA:28,3,0,1
BRDA:28,3,1,0
BRDA:33,4,0,1
BRDA:33,4,1,0
BRF:8
BRH:4
end_of_record
TN:
SF:C:\Users\Rakhi\EthStageOptimized\contracts\mockcontracts\AFiTimeLockMock.sol
FN:74,constructor
FN:80,setCap
FN:90,setBaseRate
FN:98,addAFiToken
FN:108,removeAFiToken
FN:118,freezeRewardsForAFiToken
FN:131,stake
FN:176,unstake
FN:244,setLockDateDetails
FN:263,setLockPeriodDetails
FNF:10
FNH:0
FNDA:0,constructor
FNDA:0,setCap
FNDA:0,setBaseRate
FNDA:0,addAFiToken
FNDA:0,removeAFiToken
FNDA:0,freezeRewardsForAFiToken
FNDA:0,stake
FNDA:0,unstake
FNDA:0,setLockDateDetails
FNDA:0,setLockPeriodDetails
DA:75,0
DA:76,0
DA:77,0
DA:81,0
DA:82,0
DA:83,0
DA:84,0
DA:85,0
DA:86,0
DA:87,0
DA:91,0
DA:92,0
DA:93,0
DA:94,0
DA:95,0
DA:100,0
DA:101,0
DA:103,0
DA:105,0
DA:110,0
DA:111,0
DA:113,0
DA:115,0
DA:120,0
DA:121,0
DA:122,0
DA:124,0
DA:125,0
DA:127,0
DA:137,0
DA:138,0
DA:139,0
DA:141,0
DA:143,0
DA:145,0
DA:147,0
DA:149,0
DA:160,0
DA:162,0
DA:164,0
DA:166,0
DA:178,0
DA:180,0
DA:182,0
DA:184,0
DA:185,0
DA:186,0
DA:188,0
DA:189,0
DA:191,0
DA:194,0
DA:196,0
DA:198,0
DA:200,0
DA:201,0
DA:203,0
DA:208,0
DA:213,0
DA:215,0
DA:219,0
DA:221,0
DA:225,0
DA:229,0
DA:230,0
DA:232,0
DA:234,0
DA:240,0
DA:249,0
DA:250,0
DA:252,0
DA:253,0
DA:254,0
DA:255,0
DA:259,0
DA:268,0
DA:269,0
DA:271,0
DA:272,0
DA:273,0
DA:276,0
LF:80
LH:0
BRDA:75,1,0,0
BRDA:75,1,1,0
BRDA:81,2,0,0
BRDA:81,2,1,0
BRDA:83,3,0,0
BRDA:83,3,1,0
BRDA:85,4,0,0
BRDA:85,4,1,0
BRDA:91,5,0,0
BRDA:91,5,1,0
BRDA:92,6,0,0
BRDA:92,6,1,0
BRDA:93,7,0,0
BRDA:93,7,1,0
BRDA:100,8,0,0
BRDA:100,8,1,0
BRDA:101,9,0,0
BRDA:101,9,1,0
BRDA:110,10,0,0
BRDA:110,10,1,0
BRDA:111,11,0,0
BRDA:111,11,1,0
BRDA:120,12,0,0
BRDA:120,12,1,0
BRDA:121,13,0,0
BRDA:121,13,1,0
BRDA:122,14,0,0
BRDA:122,14,1,0
BRDA:137,15,0,0
BRDA:137,15,1,0
BRDA:138,16,0,0
BRDA:138,16,1,0
BRDA:139,17,0,0
BRDA:139,17,1,0
BRDA:147,18,0,0
BRDA:147,18,1,0
BRDA:178,19,0,0
BRDA:178,19,1,0
BRDA:182,20,0,0
BRDA:182,20,1,0
BRDA:188,21,0,0
BRDA:188,21,1,0
BRDA:196,22,0,0
BRDA:196,22,1,0
BRDA:200,23,0,0
BRDA:200,23,1,0
BRDA:217,24,0,0
BRDA:217,24,1,0
BRDA:240,25,0,0
BRDA:240,25,1,0
BRDA:249,26,0,0
BRDA:249,26,1,0
BRDA:250,27,0,0
BRDA:250,27,1,0
BRDA:254,28,0,0
BRDA:254,28,1,0
BRDA:268,29,0,0
BRDA:268,29,1,0
BRDA:269,30,0,0
BRDA:269,30,1,0
BRF:60
BRH:0
end_of_record
TN:
SF:C:\Users\Rakhi\EthStageOptimized\contracts\mockcontracts\contracts\Interfaces\Address.sol
FN:36,isContract
FN:60,sendValue
FN:85,functionCall
FN:95,functionCall
FN:114,functionCallWithValue
FN:128,functionCallWithValue
FN:145,functionStaticCall
FN:155,functionStaticCall
FN:170,functionDelegateCall
FN:180,functionDelegateCall
FN:195,verifyCallResultFromTarget
FN:219,verifyCallResult
FN:231,_revert
FNF:13
FNH:0
FNDA:0,isContract
FNDA:0,sendValue
FNDA:0,functionCall
FNDA:0,functionCall
FNDA:0,functionCallWithValue
FNDA:0,functionCallWithValue
FNDA:0,functionStaticCall
FNDA:0,functionStaticCall
FNDA:0,functionDelegateCall
FNDA:0,functionDelegateCall
FNDA:0,verifyCallResultFromTarget
FNDA:0,verifyCallResult
FNDA:0,_revert
DA:41,0
DA:61,0
DA:63,0
DA:64,0
DA:86,0
DA:100,0
DA:119,0
DA:134,0
DA:135,0
DA:136,0
DA:146,0
DA:160,0
DA:161,0
DA:171,0
DA:185,0
DA:186,0
DA:201,0
DA:202,0
DA:205,0
DA:207,0
DA:209,0
DA:224,0
DA:225,0
DA:227,0
DA:233,0
DA:236,0
DA:241,0
LF:27
LH:0
BRDA:61,1,0,0
BRDA:61,1,1,0
BRDA:64,2,0,0
BRDA:64,2,1,0
BRDA:134,3,0,0
BRDA:134,3,1,0
BRDA:201,4,0,0
BRDA:201,4,1,0
BRDA:202,5,0,0
BRDA:202,5,1,0
BRDA:205,6,0,0
BRDA:205,6,1,0
BRDA:224,7,0,0
BRDA:224,7,1,0
BRDA:233,8,0,0
BRDA:233,8,1,0
BRF:16
BRH:0
end_of_record
TN:
SF:C:\Users\Rakhi\EthStageOptimized\contracts\mockcontracts\contracts\Interfaces\AggregatorV3Interface.sol
FNF:0
FNH:0
LF:0
LH:0
BRF:0
BRH:0
end_of_record
TN:
SF:C:\Users\Rakhi\EthStageOptimized\contracts\mockcontracts\contracts\Interfaces\Clones.sol
FN:25,clone
FN:45,cloneDeterministic
FN:61,predictDeterministicAddress
FN:82,predictDeterministicAddress
FNF:4
FNH:0
FNDA:0,clone
FNDA:0,cloneDeterministic
FNDA:0,predictDeterministicAddress
FNDA:0,predictDeterministicAddress
DA:27,0
DA:35,0
DA:47,0
DA:55,0
DA:67,0
DA:87,0
LF:6
LH:0
BRDA:35,1,0,0
BRDA:35,1,1,0
BRDA:55,2,0,0
BRDA:55,2,1,0
BRF:4
BRH:0
end_of_record
TN:
SF:C:\Users\Rakhi\EthStageOptimized\contracts\mockcontracts\contracts\Interfaces\Context.sol
FN:17,_msgSender
FN:21,_msgData
FNF:2
FNH:0
FNDA:0,_msgSender
FNDA:0,_msgData
DA:18,0
DA:22,0
LF:2
LH:0
BRF:0
BRH:0
end_of_record
TN:
SF:C:\Users\Rakhi\EthStageOptimized\contracts\mockcontracts\contracts\Interfaces\CustomizeIERC20.sol
FNF:0
FNH:0
LF:0
LH:0
BRF:0
BRH:0
end_of_record
TN:
SF:C:\Users\Rakhi\EthStageOptimized\contracts\mockcontracts\contracts\Interfaces\DataTypes.sol
FNF:0
FNH:0
LF:0
LH:0
BRF:0
BRH:0
end_of_record
TN:
SF:C:\Users\Rakhi\EthStageOptimized\contracts\mockcontracts\contracts\Interfaces\draft-IERC20Permit.sol
FNF:0
FNH:0
LF:0
LH:0
BRF:0
BRH:0
end_of_record
TN:
SF:C:\Users\Rakhi\EthStageOptimized\contracts\mockcontracts\contracts\Interfaces\ERC20.sol
FN:54,constructor
FN:62,name
FN:70,symbol
FN:87,decimals
FN:94,totalSupply
FN:101,balanceOf
FN:113,transfer
FN:122,allowance
FN:136,approve
FN:158,transferFrom
FN:181,increaseAllowance
FN:201,decreaseAllowance
FN:226,_transfer
FN:259,_mint
FN:287,_approve
FN:307,_spendAllowance
FN:335,_beforeTokenTransfer
FN:351,_afterTokenTransfer
FNF:18
FNH:0
FNDA:0,constructor
FNDA:0,name
FNDA:0,symbol
FNDA:0,decimals
FNDA:0,totalSupply
FNDA:0,balanceOf
FNDA:0,transfer
FNDA:0,allowance
FNDA:0,approve
FNDA:0,transferFrom
FNDA:0,increaseAllowance
FNDA:0,decreaseAllowance
FNDA:0,_transfer
FNDA:0,_mint
FNDA:0,_approve
FNDA:0,_spendAllowance
FNDA:0,_beforeTokenTransfer
FNDA:0,_afterTokenTransfer
DA:55,0
DA:56,0
DA:63,0
DA:71,0
DA:88,0
DA:95,0
DA:102,0
DA:114,0
DA:115,0
DA:116,0
DA:123,0
DA:137,0
DA:138,0
DA:139,0
DA:163,0
DA:164,0
DA:165,0
DA:166,0
DA:182,0
DA:183,0
DA:184,0
DA:202,0
DA:203,0
DA:204,0
DA:205,0
DA:206,0
DA:209,0
DA:231,0
DA:232,0
DA:234,0
DA:236,0
DA:237,0
DA:238,0
DA:239,0
DA:242,0
DA:245,0
DA:247,0
DA:260,0
DA:262,0
DA:264,0
DA:265,0
DA:267,0
DA:269,0
DA:271,0
DA:292,0
DA:293,0
DA:295,0
DA:296,0
DA:312,0
DA:313,0
DA:314,0
DA:315,0
DA:316,0
LF:53
LH:0
BRDA:204,1,0,0
BRDA:204,1,1,0
BRDA:231,2,0,0
BRDA:231,2,1,0
BRDA:232,3,0,0
BRDA:232,3,1,0
BRDA:237,4,0,0
BRDA:237,4,1,0
BRDA:260,5,0,0
BRDA:260,5,1,0
BRDA:292,6,0,0
BRDA:292,6,1,0
BRDA:293,7,0,0
BRDA:293,7,1,0
BRDA:313,8,0,0
BRDA:313,8,1,0
BRDA:314,9,0,0
BRDA:314,9,1,0
BRF:18
BRH:0
end_of_record
TN:
SF:C:\Users\Rakhi\EthStageOptimized\contracts\mockcontracts\contracts\Interfaces\IAFi.sol
FNF:0
FNH:0
LF:0
LH:0
BRF:0
BRH:0
end_of_record
TN:
SF:C:\Users\Rakhi\EthStageOptimized\contracts\mockcontracts\contracts\Interfaces\IAFiFactory.sol
FNF:0
FNH:0
LF:0
LH:0
BRF:0
BRH:0
end_of_record
TN:
SF:C:\Users\Rakhi\EthStageOptimized\contracts\mockcontracts\contracts\Interfaces\IAFiStorage.sol
FNF:0
FNH:0
LF:0
LH:0
BRF:0
BRH:0
end_of_record
TN:
SF:C:\Users\Rakhi\EthStageOptimized\contracts\mockcontracts\contracts\Interfaces\IERC20.sol
FNF:0
FNH:0
LF:0
LH:0
BRF:0
BRH:0
end_of_record
TN:
SF:C:\Users\Rakhi\EthStageOptimized\contracts\mockcontracts\contracts\Interfaces\IERC20Extended.sol
FNF:0
FNH:0
LF:0
LH:0
BRF:0
BRH:0
end_of_record
TN:
SF:C:\Users\Rakhi\EthStageOptimized\contracts\mockcontracts\contracts\Interfaces\IERC20Metadata.sol
FNF:0
FNH:0
LF:0
LH:0
BRF:0
BRH:0
end_of_record
TN:
SF:C:\Users\Rakhi\EthStageOptimized\contracts\mockcontracts\contracts\Interfaces\ILendingPool.sol
FNF:0
FNH:0
LF:0
LH:0
BRF:0
BRH:0
end_of_record
TN:
SF:C:\Users\Rakhi\EthStageOptimized\contracts\mockcontracts\contracts\Interfaces\ILendingPoolAddressesProvider.sol
FNF:0
FNH:0
LF:0
LH:0
BRF:0
BRH:0
end_of_record
TN:
SF:C:\Users\Rakhi\EthStageOptimized\contracts\mockcontracts\contracts\Interfaces\IPassiveRebal.sol
FNF:0
FNH:0
LF:0
LH:0
BRF:0
BRH:0
end_of_record
TN:
SF:C:\Users\Rakhi\EthStageOptimized\contracts\mockcontracts\contracts\Interfaces\ISwapRouter.sol
FNF:0
FNH:0
LF:0
LH:0
BRF:0
BRH:0
end_of_record
TN:
SF:C:\Users\Rakhi\EthStageOptimized\contracts\mockcontracts\contracts\Interfaces\ITimeDelayModule.sol
FNF:0
FNH:0
LF:0
LH:0
BRF:0
BRH:0
end_of_record
TN:
SF:C:\Users\Rakhi\EthStageOptimized\contracts\mockcontracts\contracts\Interfaces\IUNISWAP.sol
FNF:0
FNH:0
LF:0
LH:0
BRF:0
BRH:0
end_of_record
TN:
SF:C:\Users\Rakhi\EthStageOptimized\contracts\mockcontracts\contracts\Interfaces\IUniswapV3.sol
FNF:0
FNH:0
LF:0
LH:0
BRF:0
BRH:0
end_of_record
TN:
SF:C:\Users\Rakhi\EthStageOptimized\contracts\mockcontracts\contracts\Interfaces\IUniswapV3Factory.sol
FNF:0
FNH:0
LF:0
LH:0
BRF:0
BRH:0
end_of_record
TN:
SF:C:\Users\Rakhi\EthStageOptimized\contracts\mockcontracts\contracts\Interfaces\Ownable.sol
FN:28,constructor
FN:35,onlyOwner
FN:43,owner
FN:50,_checkOwner
FN:61,renounceOwnership
FN:69,transferOwnership
FN:78,_transferOwnership
FNF:7
FNH:0
FNDA:0,constructor
FNDA:0,onlyOwner
FNDA:0,owner
FNDA:0,_checkOwner
FNDA:0,renounceOwnership
FNDA:0,transferOwnership
FNDA:0,_transferOwnership
DA:29,0
DA:36,0
DA:37,0
DA:44,0
DA:51,0
DA:62,0
DA:70,0
DA:71,0
DA:79,0
DA:80,0
DA:81,0
LF:11
LH:0
BRDA:51,1,0,0
BRDA:51,1,1,0
BRDA:61,2,0,0
BRDA:61,2,1,0
BRDA:69,3,0,0
BRDA:69,3,1,0
BRDA:70,4,0,0
BRDA:70,4,1,0
BRF:8
BRH:0
end_of_record
TN:
SF:C:\Users\Rakhi\EthStageOptimized\contracts\mockcontracts\contracts\Interfaces\Ownable2Step.sol
FN:27,pendingOwner
FN:44,_transferOwnership
FN:52,acceptOwnership
FNF:3
FNH:0
FNDA:0,pendingOwner
FNDA:0,_transferOwnership
FNDA:0,acceptOwnership
DA:28,0
DA:45,0
DA:46,0
DA:53,0
DA:54,0
DA:55,0
LF:6
LH:0
BRDA:54,1,0,0
BRDA:54,1,1,0
BRF:2
BRH:0
end_of_record
TN:
SF:C:\Users\Rakhi\EthStageOptimized\contracts\mockcontracts\contracts\Interfaces\OwnableDelayModule.sol
FN:8,constructor
FN:12,isDelayModule
FN:16,setDelayModule
FN:22,getDelayModule
FN:30,transferOwnership
FNF:5
FNH:0
FNDA:0,constructor
FNDA:0,isDelayModule
FNDA:0,setDelayModule
FNDA:0,getDelayModule
FNDA:0,transferOwnership
DA:9,0
DA:13,0
DA:17,0
DA:18,0
DA:19,0
DA:23,0
DA:31,0
DA:32,0
DA:33,0
LF:9
LH:0
BRDA:13,1,0,0
BRDA:13,1,1,0
BRDA:18,2,0,0
BRDA:18,2,1,0
BRF:4
BRH:0
end_of_record
TN:
SF:C:\Users\Rakhi\EthStageOptimized\contracts\mockcontracts\contracts\Interfaces\ReentrancyGuard.sol
FN:39,constructor
FN:50,nonReentrant
FN:56,_nonReentrantBefore
FN:64,_nonReentrantAfter
FNF:4
FNH:0
FNDA:0,constructor
FNDA:0,nonReentrant
FNDA:0,_nonReentrantBefore
FNDA:0,_nonReentrantAfter
DA:40,0
DA:51,0
DA:52,0
DA:53,0
DA:58,0
DA:61,0
DA:67,0
LF:7
LH:0
BRDA:58,1,0,0
BRDA:58,1,1,0
BRF:2
BRH:0
end_of_record
TN:
SF:C:\Users\Rakhi\EthStageOptimized\contracts\mockcontracts\contracts\Interfaces\SafeCast.sol
FN:35,toUint248
FN:52,toUint240
FN:69,toUint232
FN:86,toUint224
FN:103,toUint216
FN:120,toUint208
FN:137,toUint200
FN:154,toUint192
FN:171,toUint184
FN:188,toUint176
FN:205,toUint168
FN:222,toUint160
FN:239,toUint152
FN:256,toUint144
FN:273,toUint136
FN:290,toUint128
FN:307,toUint120
FN:324,toUint112
FN:341,toUint104
FN:358,toUint96
FN:375,toUint88
FN:392,toUint80
FN:409,toUint72
FN:426,toUint64
FN:443,toUint56
FN:460,toUint48
FN:477,toUint40
FN:494,toUint32
FN:511,toUint24
FN:528,toUint16
FN:545,toUint8
FN:559,toUint256
FN:577,toInt248
FN:595,toInt240
FN:613,toInt232
FN:631,toInt224
FN:649,toInt216
FN:667,toInt208
FN:685,toInt200
FN:703,toInt192
FN:721,toInt184
FN:739,toInt176
FN:757,toInt168
FN:775,toInt160
FN:793,toInt152
FN:811,toInt144
FN:829,toInt136
FN:847,toInt128
FN:865,toInt120
FN:883,toInt112
FN:901,toInt104
FN:919,toInt96
FN:937,toInt88
FN:955,toInt80
FN:973,toInt72
FN:991,toInt64
FN:1009,toInt56
FN:1027,toInt48
FN:1045,toInt40
FN:1063,toInt32
FN:1081,toInt24
FN:1099,toInt16
FN:1117,toInt8
FN:1131,toInt256
FNF:64
FNH:0
FNDA:0,toUint248
FNDA:0,toUint240
FNDA:0,toUint232
FNDA:0,toUint224
FNDA:0,toUint216
FNDA:0,toUint208
FNDA:0,toUint200
FNDA:0,toUint192
FNDA:0,toUint184
FNDA:0,toUint176
FNDA:0,toUint168
FNDA:0,toUint160
FNDA:0,toUint152
FNDA:0,toUint144
FNDA:0,toUint136
FNDA:0,toUint128
FNDA:0,toUint120
FNDA:0,toUint112
FNDA:0,toUint104
FNDA:0,toUint96
FNDA:0,toUint88
FNDA:0,toUint80
FNDA:0,toUint72
FNDA:0,toUint64
FNDA:0,toUint56
FNDA:0,toUint48
FNDA:0,toUint40
FNDA:0,toUint32
FNDA:0,toUint24
FNDA:0,toUint16
FNDA:0,toUint8
FNDA:0,toUint256
FNDA:0,toInt248
FNDA:0,toInt240
FNDA:0,toInt232
FNDA:0,toInt224
FNDA:0,toInt216
FNDA:0,toInt208
FNDA:0,toInt200
FNDA:0,toInt192
FNDA:0,toInt184
FNDA:0,toInt176
FNDA:0,toInt168
FNDA:0,toInt160
FNDA:0,toInt152
FNDA:0,toInt144
FNDA:0,toInt136
FNDA:0,toInt128
FNDA:0,toInt120
FNDA:0,toInt112
FNDA:0,toInt104
FNDA:0,toInt96
FNDA:0,toInt88
FNDA:0,toInt80
FNDA:0,toInt72
FNDA:0,toInt64
FNDA:0,toInt56
FNDA:0,toInt48
FNDA:0,toInt40
FNDA:0,toInt32
FNDA:0,toInt24
FNDA:0,toInt16
FNDA:0,toInt8
FNDA:0,toInt256
DA:36,0
DA:37,0
DA:53,0
DA:54,0
DA:70,0
DA:71,0
DA:87,0
DA:88,0
DA:104,0
DA:105,0
DA:121,0
DA:122,0
DA:138,0
DA:139,0
DA:155,0
DA:156,0
DA:172,0
DA:173,0
DA:189,0
DA:190,0
DA:206,0
DA:207,0
DA:223,0
DA:224,0
DA:240,0
DA:241,0
DA:257,0
DA:258,0
DA:274,0
DA:275,0
DA:291,0
DA:292,0
DA:308,0
DA:309,0
DA:325,0
DA:326,0
DA:342,0
DA:343,0
DA:359,0
DA:360,0
DA:376,0
DA:377,0
DA:393,0
DA:394,0
DA:410,0
DA:411,0
DA:427,0
DA:428,0
DA:444,0
DA:445,0
DA:461,0
DA:462,0
DA:478,0
DA:479,0
DA:495,0
DA:496,0
DA:512,0
DA:513,0
DA:529,0
DA:530,0
DA:546,0
DA:547,0
DA:560,0
DA:561,0
DA:578,0
DA:579,0
DA:596,0
DA:597,0
DA:614,0
DA:615,0
DA:632,0
DA:633,0
DA:650,0
DA:651,0
DA:668,0
DA:669,0
DA:686,0
DA:687,0
DA:704,0
DA:705,0
DA:722,0
DA:723,0
DA:740,0
DA:741,0
DA:758,0
DA:759,0
DA:776,0
DA:777,0
DA:794,0
DA:795,0
DA:812,0
DA:813,0
DA:830,0
DA:831,0
DA:848,0
DA:849,0
DA:866,0
DA:867,0
DA:884,0
DA:885,0
DA:902,0
DA:903,0
DA:920,0
DA:921,0
DA:938,0
DA:939,0
DA:956,0
DA:957,0
DA:974,0
DA:975,0
DA:992,0
DA:993,0
DA:1010,0
DA:1011,0
DA:1028,0
DA:1029,0
DA:1046,0
DA:1047,0
DA:1064,0
DA:1065,0
DA:1082,0
DA:1083,0
DA:1100,0
DA:1101,0
DA:1118,0
DA:1119,0
DA:1133,0
DA:1134,0
LF:128
LH:0
BRDA:36,1,0,0
BRDA:36,1,1,0
BRDA:53,2,0,0
BRDA:53,2,1,0
BRDA:70,3,0,0
BRDA:70,3,1,0
BRDA:87,4,0,0
BRDA:87,4,1,0
BRDA:104,5,0,0
BRDA:104,5,1,0
BRDA:121,6,0,0
BRDA:121,6,1,0
BRDA:138,7,0,0
BRDA:138,7,1,0
BRDA:155,8,0,0
BRDA:155,8,1,0
BRDA:172,9,0,0
BRDA:172,9,1,0
BRDA:189,10,0,0
BRDA:189,10,1,0
BRDA:206,11,0,0
BRDA:206,11,1,0
BRDA:223,12,0,0
BRDA:223,12,1,0
BRDA:240,13,0,0
BRDA:240,13,1,0
BRDA:257,14,0,0
BRDA:257,14,1,0
BRDA:274,15,0,0
BRDA:274,15,1,0
BRDA:291,16,0,0
BRDA:291,16,1,0
BRDA:308,17,0,0
BRDA:308,17,1,0
BRDA:325,18,0,0
BRDA:325,18,1,0
BRDA:342,19,0,0
BRDA:342,19,1,0
BRDA:359,20,0,0
BRDA:359,20,1,0
BRDA:376,21,0,0
BRDA:376,21,1,0
BRDA:393,22,0,0
BRDA:393,22,1,0
BRDA:410,23,0,0
BRDA:410,23,1,0
BRDA:427,24,0,0
BRDA:427,24,1,0
BRDA:444,25,0,0
BRDA:444,25,1,0
BRDA:461,26,0,0
BRDA:461,26,1,0
BRDA:478,27,0,0
BRDA:478,27,1,0
BRDA:495,28,0,0
BRDA:495,28,1,0
BRDA:512,29,0,0
BRDA:512,29,1,0
BRDA:529,30,0,0
BRDA:529,30,1,0
BRDA:546,31,0,0
BRDA:546,31,1,0
BRDA:560,32,0,0
BRDA:560,32,1,0
BRDA:579,33,0,0
BRDA:579,33,1,0
BRDA:597,34,0,0
BRDA:597,34,1,0
BRDA:615,35,0,0
BRDA:615,35,1,0
BRDA:633,36,0,0
BRDA:633,36,1,0
BRDA:651,37,0,0
BRDA:651,37,1,0
BRDA:669,38,0,0
BRDA:669,38,1,0
BRDA:687,39,0,0
BRDA:687,39,1,0
BRDA:705,40,0,0
BRDA:705,40,1,0
BRDA:723,41,0,0
BRDA:723,41,1,0
BRDA:741,42,0,0
BRDA:741,42,1,0
BRDA:759,43,0,0
BRDA:759,43,1,0
BRDA:777,44,0,0
BRDA:777,44,1,0
BRDA:795,45,0,0
BRDA:795,45,1,0
BRDA:813,46,0,0
BRDA:813,46,1,0
BRDA:831,47,0,0
BRDA:831,47,1,0
BRDA:849,48,0,0
BRDA:849,48,1,0
BRDA:867,49,0,0
BRDA:867,49,1,0
BRDA:885,50,0,0
BRDA:885,50,1,0
BRDA:903,51,0,0
BRDA:903,51,1,0
BRDA:921,52,0,0
BRDA:921,52,1,0
BRDA:939,53,0,0
BRDA:939,53,1,0
BRDA:957,54,0,0
BRDA:957,54,1,0
BRDA:975,55,0,0
BRDA:975,55,1,0
BRDA:993,56,0,0
BRDA:993,56,1,0
BRDA:1011,57,0,0
BRDA:1011,57,1,0
BRDA:1029,58,0,0
BRDA:1029,58,1,0
BRDA:1047,59,0,0
BRDA:1047,59,1,0
BRDA:1065,60,0,0
BRDA:1065,60,1,0
BRDA:1083,61,0,0
BRDA:1083,61,1,0
BRDA:1101,62,0,0
BRDA:1101,62,1,0
BRDA:1119,63,0,0
BRDA:1119,63,1,0
BRDA:1133,64,0,0
BRDA:1133,64,1,0
BRF:128
BRH:0
end_of_record
TN:
SF:C:\Users\Rakhi\EthStageOptimized\contracts\mockcontracts\contracts\Interfaces\SafeERC20.sol
FN:22,safeTransfer
FN:30,safeTransferFrom
FN:46,safeApprove
FN:61,safeIncreaseAllowance
FN:70,safeDecreaseAllowance
FN:83,safePermit
FN:105,_callOptionalReturn
FNF:7
FNH:0
FNDA:0,safeTransfer
FNDA:0,safeTransferFrom
FNDA:0,safeApprove
FNDA:0,safeIncreaseAllowance
FNDA:0,safeDecreaseAllowance
FNDA:0,safePermit
FNDA:0,_callOptionalReturn
DA:27,0
DA:36,0
DA:54,0
DA:58,0
DA:66,0
DA:67,0
DA:75,0
DA:76,0
DA:77,0
DA:78,0
DA:79,0
DA:93,0
DA:94,0
DA:95,0
DA:96,0
DA:110,0
DA:111,0
DA:113,0
LF:18
LH:0
BRDA:54,1,0,0
BRDA:54,1,1,0
BRDA:55,2,0,0
BRDA:55,2,1,0
BRDA:77,3,0,0
BRDA:77,3,1,0
BRDA:96,4,0,0
BRDA:96,4,1,0
BRDA:111,5,0,0
BRDA:111,5,1,0
BRDA:113,6,0,0
BRDA:113,6,1,0
BRF:12
BRH:0
end_of_record
TN:
SF:C:\Users\Rakhi\EthStageOptimized\contracts\mockcontracts\contracts\Interfaces\SafeMath.sol
FN:22,tryAdd
FN:35,trySub
FN:47,tryMul
FN:64,tryDiv
FN:76,tryMod
FN:93,add
FN:107,sub
FN:121,mul
FN:135,div
FN:151,mod
FN:168,sub
FN:191,div
FN:217,mod
FNF:13
FNH:0
FNDA:0,tryAdd
FNDA:0,trySub
FNDA:0,tryMul
FNDA:0,tryDiv
FNDA:0,tryMod
FNDA:0,add
FNDA:0,sub
FNDA:0,mul
FNDA:0,div
FNDA:0,mod
FNDA:0,sub
FNDA:0,div
FNDA:0,mod
DA:23,0
DA:24,0
DA:25,0
DA:26,0
DA:36,0
DA:37,0
DA:38,0
DA:48,0
DA:52,0
DA:53,0
DA:54,0
DA:55,0
DA:65,0
DA:66,0
DA:67,0
DA:77,0
DA:78,0
DA:79,0
DA:94,0
DA:108,0
DA:122,0
DA:136,0
DA:152,0
DA:173,0
DA:174,0
DA:175,0
DA:196,0
DA:197,0
DA:198,0
DA:222,0
DA:223,0
DA:224,0
LF:32
LH:0
BRDA:25,1,0,0
BRDA:25,1,1,0
BRDA:37,2,0,0
BRDA:37,2,1,0
BRDA:52,3,0,0
BRDA:52,3,1,0
BRDA:54,4,0,0
BRDA:54,4,1,0
BRDA:66,5,0,0
BRDA:66,5,1,0
BRDA:78,6,0,0
BRDA:78,6,1,0
BRDA:174,7,0,0
BRDA:174,7,1,0
BRDA:197,8,0,0
BRDA:197,8,1,0
BRDA:223,9,0,0
BRDA:223,9,1,0
BRF:18
BRH:0
end_of_record
TN:
SF:C:\Users\Rakhi\EthStageOptimized\contracts\mockcontracts\contracts\Interfaces\TimeDelayModule.sol
FN:17,constructor
FN:26,onlyAdmin
FN:31,onlyRescindController
FN:36,onlyRescindChangeController
FN:47,queueTransaction
FN:62,cancelTransaction
[...]
FN:720,updateSwapPeriod
FN:729,getLastSwapTime
FN:738,setcsFeeUpperLimit
FN:742,getFeeDetails
FN:751,setcsFee
FN:762,estimateAmountOut
FN:776,estimateAmountOutMin
FN:786,getAmountOutMin
FN:834,increaseObservation
FN:848,updateSecAgo
FN:852,getSecAgo
FN:865,updateGlobalFees
FN:877,intializeStalePriceDelay
FN:901,setStalePriceDelay
FN:905,setSPDelay
FN:910,setstalepriceWindowLimit
FN:914,getstalepriceWindowLimit
FN:923,getStalePriceDelay
FN:933,getPriceAndDecimals
FN:954,getPriceOracleRebal
FN:963,getPriceInUSDC
FN:986,updateRebalContract
FN:991,getUniPool
FN:995,getMinimumAmountOut
FN:1038,estimateAmounts
FN:1057,updateProfitShare
FN:1064,teamProfitshares
FN:1088,unstakingProfitDistribution
FN:1133,getAFiContracts
FN:1137,addressEqual
FN:1145,pauseUnpauseQueue
FNF:64
FNH:0
FNDA:0,constructor
FNDA:0,getMidToken
FNDA:0,addressZero
FNDA:0,updateAFiManager
FNDA:0,getTotalProfit
FNDA:0,getDaoProfit
FNDA:0,updateMidToken
FNDA:0,contractUnpaused
FNDA:0,contractPaused
FNDA:0,checkStatus
FNDA:0,greaterComparison
FNDA:0,pause
FNDA:0,unPause
FNDA:0,setAFiStorage
FNDA:0,updateVaultControllers
FNDA:0,getControllers
FNDA:0,cumulativeSwap
FNDA:0,claimCompV3Rewards
FNDA:0,performTokenSwaps
FNDA:0,swapIntoUnderlying
FNDA:0,redeemTxFee
FNDA:0,queueWithdraw
FNDA:0,updateLockedTokensInVault
FNDA:0,getUserQueuedShares
FNDA:0,getUserQueuedNAV
FNDA:0,getTotalShares
FNDA:0,unqueueWithdraw
FNDA:0,deleteUserOTokenLiability
FNDA:0,unstakeForQueuedWithdrawals
FNDA:0,swapAndTransfer
FNDA:0,doSwap
FNDA:0,redeem
FNDA:0,getSwapPeriod
FNDA:0,updateSwapPeriod
FNDA:0,getLastSwapTime
FNDA:0,setcsFeeUpperLimit
FNDA:0,getFeeDetails
FNDA:0,setcsFee
FNDA:0,estimateAmountOut
FNDA:0,estimateAmountOutMin
FNDA:0,getAmountOutMin
FNDA:0,increaseObservation
FNDA:0,updateSecAgo
FNDA:0,getSecAgo
FNDA:0,updateGlobalFees
FNDA:0,intializeStalePriceDelay
FNDA:0,setStalePriceDelay
FNDA:0,setSPDelay
FNDA:0,setstalepriceWindowLimit
FNDA:0,getstalepriceWindowLimit
FNDA:0,getStalePriceDelay
FNDA:0,getPriceAndDecimals
FNDA:0,getPriceOracleRebal
FNDA:0,getPriceInUSDC
FNDA:0,updateRebalContract
FNDA:0,getUniPool
FNDA:0,getMinimumAmountOut
FNDA:0,estimateAmounts
FNDA:0,updateProfitShare
FNDA:0,teamProfitshares
FNDA:0,unstakingProfitDistribution
FNDA:0,getAFiContracts
FNDA:0,addressEqual
FNDA:0,pauseUnpauseQueue
DA:110,0
DA:111,0
DA:124,0
DA:128,0
DA:132,0
DA:133,0
DA:137,0
DA:141,0
DA:145,0
DA:151,0
DA:152,0
DA:153,0
DA:154,0
DA:159,0
DA:160,0
DA:164,0
DA:165,0
DA:169,0
DA:173,0
DA:181,0
DA:182,0
DA:190,0
DA:191,0
DA:195,0
DA:196,0
DA:211,0
DA:212,0
DA:218,0
DA:226,0
DA:231,0
DA:237,0
DA:238,0
DA:240,0
DA:241,0
DA:242,0
DA:243,0
DA:244,0
DA:246,0
DA:247,0
DA:256,0
DA:259,0
DA:262,0
DA:264,0
DA:270,0
DA:271,0
DA:272,0
DA:283,0
DA:284,0
DA:285,0
DA:286,0
DA:287,0
DA:289,0
DA:290,0
DA:291,0
DA:292,0
DA:310,0
DA:311,0
DA:312,0
DA:317,0
DA:318,0
DA:330,0
DA:335,0
DA:343,0
DA:344,0
DA:347,0
DA:350,0
DA:351,0
DA:352,0
DA:353,0
DA:357,0
DA:358,0
DA:360,0
DA:361,0
DA:387,0
DA:388,0
DA:389,0
DA:390,0
DA:391,0
DA:410,0
DA:412,0
DA:414,0
DA:417,0
DA:419,0
DA:423,0
DA:425,0
DA:428,0
DA:429,0
DA:431,0
DA:432,0
DA:443,0
DA:466,0
DA:475,0
DA:483,0
DA:492,0
DA:494,0
DA:498,0
DA:500,0
DA:501,0
DA:502,0
DA:504,0
DA:505,0
DA:506,0
DA:508,0
DA:512,0
DA:513,0
DA:521,0
DA:541,0
DA:542,0
DA:543,0
DA:545,0
DA:549,0
DA:551,0
DA:552,0
DA:553,0
DA:556,0
DA:557,0
DA:558,0
DA:561,0
DA:571,0
DA:572,0
DA:573,0
DA:583,0
DA:584,0
DA:585,0
DA:586,0
DA:590,0
DA:596,0
DA:597,0
DA:598,0
DA:608,0
DA:609,0
DA:615,0
DA:621,0
DA:622,0
DA:626,0
DA:627,0
DA:632,0
DA:635,0
DA:649,0
DA:663,0
DA:664,0
DA:665,0
DA:666,0
DA:667,0
DA:668,0
DA:669,0
DA:672,0
DA:673,0
DA:674,0
DA:678,0
DA:679,0
DA:680,0
DA:684,0
DA:685,0
DA:688,0
DA:692,0
DA:697,0
DA:708,0
DA:721,0
DA:730,0
DA:739,0
DA:743,0
DA:752,0
DA:753,0
DA:767,0
DA:772,0
DA:773,0
DA:782,0
DA:783,0
DA:792,0
DA:793,0
DA:794,0
DA:798,0
DA:802,0
DA:806,0
DA:819,0
DA:822,0
DA:825,0
DA:838,0
DA:849,0
DA:853,0
DA:866,0
DA:867,0
DA:881,0
DA:886,0
DA:887,0
DA:888,0
DA:902,0
DA:906,0
DA:907,0
DA:911,0
DA:915,0
DA:924,0
DA:937,0
DA:940,0
DA:942,0
DA:944,0
DA:946,0
DA:948,0
DA:949,0
DA:950,0
DA:951,0
DA:955,0
DA:964,0
DA:965,0
DA:967,0
DA:968,0
DA:969,0
DA:970,0
DA:971,0
DA:972,0
DA:975,0
DA:976,0
DA:977,0
DA:980,0
DA:981,0
DA:983,0
DA:987,0
DA:988,0
DA:992,0
DA:1001,0
DA:1003,0
DA:1004,0
DA:1009,0
DA:1010,0
DA:1011,0
DA:1013,0
DA:1020,0
DA:1021,0
DA:1023,0
DA:1029,0
DA:1044,0
DA:1045,0
DA:1058,0
DA:1059,0
DA:1060,0
DA:1061,0
DA:1069,0
DA:1070,0
DA:1071,0
DA:1090,0
DA:1093,0
DA:1094,0
DA:1096,0
DA:1097,0
DA:1098,0
DA:1099,0
DA:1100,0
DA:1101,0
DA:1102,0
DA:1103,0
DA:1104,0
DA:1108,0
DA:1109,0
DA:1114,0
DA:1115,0
DA:1117,0
DA:1120,0
DA:1122,0
DA:1124,0
DA:1129,0
DA:1134,0
DA:1138,0
DA:1146,0
DA:1147,0
LF:265
LH:0
BRDA:128,1,0,0
BRDA:128,1,1,0
BRDA:131,2,0,0
BRDA:131,2,1,0
BRDA:145,3,0,0
BRDA:145,3,1,0
BRDA:146,4,0,0
BRDA:146,4,1,0
BRDA:146,5,0,0
BRDA:146,5,1,0
BRDA:169,6,0,0
BRDA:169,6,1,0
BRDA:173,7,0,0
BRDA:173,7,1,0
BRDA:180,8,0,0
BRDA:180,8,1,0
BRDA:180,9,0,0
BRDA:180,9,1,0
BRDA:189,10,0,0
BRDA:189,10,1,0
BRDA:189,11,0,0
BRDA:189,11,1,0
BRDA:194,12,0,0
BRDA:194,12,1,0
BRDA:210,13,0,0
BRDA:210,13,1,0
BRDA:226,14,0,0
BRDA:226,14,1,0
BRDA:227,15,0,0
BRDA:227,15,1,0
BRDA:231,16,0,0
BRDA:231,16,1,0
BRDA:244,17,0,0
BRDA:244,17,1,0
BRDA:246,18,0,0
BRDA:246,18,1,0
BRDA:290,19,0,0
BRDA:290,19,1,0
BRDA:317,20,0,0
BRDA:317,20,1,0
BRDA:330,21,0,0
BRDA:330,21,1,0
BRDA:347,22,0,0
BRDA:347,22,1,0
BRDA:360,23,0,0
BRDA:360,23,1,0
BRDA:387,24,0,0
BRDA:387,24,1,0
BRDA:409,25,0,0
BRDA:409,25,1,0
BRDA:491,26,0,0
BRDA:491,26,1,0
BRDA:498,27,0,0
BRDA:498,27,1,0
BRDA:545,28,0,0
BRDA:545,28,1,0
BRDA:557,29,0,0
BRDA:557,29,1,0
BRDA:586,30,0,0
BRDA:586,30,1,0
BRDA:596,31,0,0
BRDA:596,31,1,0
BRDA:608,32,0,0
BRDA:608,32,1,0
BRDA:622,33,0,0
BRDA:622,33,1,0
BRDA:663,34,0,0
BRDA:663,34,1,0
BRDA:673,35,0,0
BRDA:673,35,1,0
BRDA:684,36,0,0
BRDA:684,36,1,0
BRDA:720,37,0,0
BRDA:720,37,1,0
BRDA:738,38,0,0
BRDA:738,38,1,0
BRDA:751,39,0,0
BRDA:751,39,1,0
BRDA:752,40,0,0
BRDA:752,40,1,0
BRDA:819,41,0,0
BRDA:819,41,1,0
BRDA:848,42,0,0
BRDA:848,42,1,0
BRDA:865,43,0,0
BRDA:865,43,1,0
BRDA:881,44,0,0
BRDA:881,44,1,0
BRDA:882,45,0,0
BRDA:882,45,1,0
BRDA:886,46,0,0
BRDA:886,46,1,0
BRDA:901,47,0,0
BRDA:901,47,1,0
BRDA:906,48,0,0
BRDA:906,48,1,0
BRDA:910,49,0,0
BRDA:910,49,1,0
BRDA:946,50,0,0
BRDA:946,50,1,0
BRDA:946,51,0,0
BRDA:946,51,1,0
BRDA:967,52,0,0
BRDA:967,52,1,0
BRDA:969,53,0,0
BRDA:969,53,1,0
BRDA:986,54,0,0
BRDA:986,54,1,0
BRDA:1003,55,0,0
BRDA:1003,55,1,0
BRDA:1003,56,0,0
BRDA:1003,56,1,0
BRDA:1005,57,0,0
BRDA:1005,57,1,0
BRDA:1006,58,0,0
BRDA:1006,58,1,0
BRDA:1010,59,0,0
BRDA:1010,59,1,0
BRDA:1057,60,0,0
BRDA:1057,60,1,0
BRDA:1057,61,0,0
BRDA:1057,61,1,0
BRDA:1058,62,0,0
BRDA:1058,62,1,0
BRDA:1070,63,0,0
BRDA:1070,63,1,0
BRDA:1088,64,0,0
BRDA:1088,64,1,0
BRDA:1098,65,0,0
BRDA:1098,65,1,0
BRDA:1108,66,0,0
BRDA:1108,66,1,0
BRDA:1109,67,0,0
BRDA:1109,67,1,0
BRDA:1138,68,0,0
BRDA:1138,68,1,0
BRF:136
BRH:0
end_of_record
TN:
SF:C:\Users\Rakhi\EthStageOptimized\contracts\mockcontracts\contracts\ParentAFiPassiveRebalanceStrategies.sol
FN:79,contractUnpaused
FN:84,contractPaused
FN:89,onlySpecificAddress
FN:98,pause
FN:107,unPause
FN:129,applyRebalForProportions
FN:146,getPauseStatus
FN:155,getRebalStrategyNumber
FN:168,updateRebalStrategyNumberByOwner
FN:178,setStorage
FN:188,setManager
FN:199,getPool
FN:204,swapData
FN:210,swapDataMultiHop
FN:224,uniswapV3Oracle
FN:288,initUniStructure
FN:330,updateUniTok
FN:334,encodePoolData
FN:345,setPriceOracle
FN:367,getPriceOracle
FN:371,removeToken
FN:388,updateOracleData
FNF:22
FNH:0
FNDA:0,contractUnpaused
FNDA:0,contractPaused
FNDA:0,onlySpecificAddress
FNDA:0,pause
FNDA:0,unPause
FNDA:0,applyRebalForProportions
FNDA:0,getPauseStatus
FNDA:0,getRebalStrategyNumber
FNDA:0,updateRebalStrategyNumberByOwner
FNDA:0,setStorage
FNDA:0,setManager
FNDA:0,getPool
FNDA:0,swapData
FNDA:0,swapDataMultiHop
FNDA:0,uniswapV3Oracle
FNDA:0,initUniStructure
FNDA:0,updateUniTok
FNDA:0,encodePoolData
FNDA:0,setPriceOracle
FNDA:0,getPriceOracle
FNDA:0,removeToken
FNDA:0,updateOracleData
DA:80,0
DA:81,0
DA:85,0
DA:86,0
DA:90,0
DA:91,0
DA:99,0
DA:100,0
DA:108,0
DA:109,0
DA:132,0
DA:133,0
DA:134,0
DA:139,0
DA:147,0
DA:156,0
DA:169,0
DA:170,0
DA:179,0
DA:180,0
DA:189,0
DA:190,0
DA:200,0
DA:207,0
DA:213,0
DA:225,0
DA:226,0
DA:227,0
DA:228,0
DA:230,0
DA:232,0
DA:247,0
DA:249,0
DA:250,0
DA:252,0
DA:254,0
DA:269,0
DA:271,0
DA:284,0
DA:292,0
DA:298,0
DA:299,0
DA:300,0
DA:302,0
DA:303,0
DA:304,0
DA:309,0
DA:316,0
DA:317,0
DA:318,0
DA:319,0
DA:325,0
DA:331,0
DA:337,0
DA:346,0
DA:347,0
DA:348,0
DA:351,0
DA:352,0
DA:353,0
DA:354,0
DA:355,0
DA:357,0
DA:359,0
DA:360,0
DA:362,0
DA:368,0
DA:375,0
DA:376,0
DA:377,0
DA:379,0
DA:389,0
DA:390,0
LF:73
LH:0
BRDA:80,1,0,0
BRDA:80,1,1,0
BRDA:85,2,0,0
BRDA:85,2,1,0
BRDA:90,3,0,0
BRDA:90,3,1,0
BRDA:98,4,0,0
BRDA:98,4,1,0
BRDA:98,5,0,0
BRDA:98,5,1,0
BRDA:107,6,0,0
BRDA:107,6,1,0
BRDA:107,7,0,0
BRDA:107,7,1,0
BRDA:128,8,0,0
BRDA:128,8,1,0
BRDA:129,9,0,0
BRDA:129,9,1,0
BRDA:133,10,0,0
BRDA:133,10,1,0
BRDA:168,11,0,0
BRDA:168,11,1,0
BRDA:168,12,0,0
BRDA:168,12,1,0
BRDA:178,13,0,0
BRDA:178,13,1,0
BRDA:179,14,0,0
BRDA:179,14,1,0
BRDA:188,15,0,0
BRDA:188,15,1,0
BRDA:189,16,0,0
BRDA:189,16,1,0
BRDA:224,17,0,0
BRDA:224,17,1,0
BRDA:226,18,0,0
BRDA:226,18,1,0
BRDA:226,19,0,0
BRDA:226,19,1,0
BRDA:227,20,0,0
BRDA:227,20,1,0
BRDA:248,21,0,0
BRDA:248,21,1,0
BRDA:248,22,0,0
BRDA:248,22,1,0
BRDA:249,23,0,0
BRDA:249,23,1,0
BRDA:292,24,0,0
BRDA:292,24,1,0
BRDA:293,25,0,0
BRDA:293,25,1,0
BRDA:293,26,0,0
BRDA:293,26,1,0
BRDA:345,27,0,0
BRDA:345,27,1,0
BRDA:349,28,0,0
BRDA:349,28,1,0
BRDA:353,29,0,0
BRDA:353,29,1,0
BRDA:354,30,0,0
BRDA:354,30,1,0
BRDA:359,31,0,0
BRDA:359,31,1,0
BRDA:376,32,0,0
BRDA:376,32,1,0
BRDA:389,33,0,0
BRDA:389,33,1,0
BRDA:389,34,0,0
BRDA:389,34,1,0
BRF:68
BRH:0
end_of_record
TN:
SF:C:\Users\Rakhi\EthStageOptimized\contracts\mockcontracts\contracts\ParentAFiStorage.sol
FN:89,constructor
FN:104,validateAddress
FN:108,aFiVaultCaller
FN:127,addTeamWallet
FN:154,deactivateTeamWallet
FN:174,reActivateTeamWallet
FN:187,getTotalActiveWallets
FN:201,setTeamWallets
FN:234,setActiveRebalancedStatus
FN:250,getTeamWalletDetails
FN:265,getTeamWalletsOfAFi
FN:271,isAFiActiveRebalanced
FN:283,setAFiActive
FN:299,afiSync
FN:312,balanceCompound
FN:319,balanceCompoundInToken
FN:339,balanceAave
FN:349,balance
FN:359,balanceCompV3
FN:373,setAFiManager
FN:385,calcPoolValue
FN:398,tvlRead
FN:415,calculateBalanceOfUnderlying
FN:428,balanceOfUnderlyingInPoolsAndContract
FN:452,calcPoolValueSomeRead
FN:471,calculatePoolInUsd
FN:512,validateAndGetDecimals
FN:523,validateCaller
FN:531,validateFlag
FN:540,validateGreaterEqual
FN:549,rearrange
FN:613,getStakedStatus
FN:620,calculateShares
FN:656,handleRedemption
FN:715,swapForOtherProduct
FN:740,calculateRedemptionFromContract
FN:790,withdrawFromPools
FN:827,internalSwap
FN:856,_withdrawSome
FN:907,getPriceInUSDC
FN:919,checkIfTokenPresent
FN:964,swapInternal
FN:1037,_withdrawAll
FN:1073,getAFiOracle
FN:1077,checkUnderlyingToken
FN:1131,_distributeProfitShare
FN:1149,profitDistribution
FN:1199,setStablesWithdrawalLimit
FN:1205,setMaxSwapFee
FN:1218,checkiToken
FN:1286,convertInUSDAndTok
FN:1300,setPreDepositedInputToken
FN:1315,setPreDepositedInputTokenInRebalance
FN:1325,deletePreDepositedInputToken
FN:1339,getPreSwapDepositsTokens
FN:1347,doSwapForThewhiteListRemoval
FN:1375,pauseSwapMethods
FN:1391,isSwapMethodPaused
FNF:58
FNH:0
FNDA:0,constructor
FNDA:0,validateAddress
FNDA:0,aFiVaultCaller
FNDA:0,addTeamWallet
FNDA:0,deactivateTeamWallet
FNDA:0,reActivateTeamWallet
FNDA:0,getTotalActiveWallets
FNDA:0,setTeamWallets
FNDA:0,setActiveRebalancedStatus
FNDA:0,getTeamWalletDetails
FNDA:0,getTeamWalletsOfAFi
FNDA:0,isAFiActiveRebalanced
FNDA:0,setAFiActive
FNDA:0,afiSync
FNDA:0,balanceCompound
FNDA:0,balanceCompoundInToken
FNDA:0,balanceAave
FNDA:0,balance
FNDA:0,balanceCompV3
FNDA:0,setAFiManager
FNDA:0,calcPoolValue
FNDA:0,tvlRead
FNDA:0,calculateBalanceOfUnderlying
FNDA:0,balanceOfUnderlyingInPoolsAndContract
FNDA:0,calcPoolValueSomeRead
FNDA:0,calculatePoolInUsd
FNDA:0,validateAndGetDecimals
FNDA:0,validateCaller
FNDA:0,validateFlag
FNDA:0,validateGreaterEqual
FNDA:0,rearrange
FNDA:0,getStakedStatus
FNDA:0,calculateShares
FNDA:0,handleRedemption
FNDA:0,swapForOtherProduct
FNDA:0,calculateRedemptionFromContract
FNDA:0,withdrawFromPools
FNDA:0,internalSwap
FNDA:0,_withdrawSome
FNDA:0,getPriceInUSDC
FNDA:0,checkIfTokenPresent
FNDA:0,swapInternal
FNDA:0,_withdrawAll
FNDA:0,getAFiOracle
FNDA:0,checkUnderlyingToken
FNDA:0,_distributeProfitShare
FNDA:0,profitDistribution
FNDA:0,setStablesWithdrawalLimit
FNDA:0,setMaxSwapFee
FNDA:0,checkiToken
FNDA:0,convertInUSDAndTok
FNDA:0,setPreDepositedInputToken
FNDA:0,setPreDepositedInputTokenInRebalance
FNDA:0,deletePreDepositedInputToken
FNDA:0,getPreSwapDepositsTokens
FNDA:0,doSwapForThewhiteListRemoval
FNDA:0,pauseSwapMethods
FNDA:0,isSwapMethodPaused
DA:95,0
DA:96,0
DA:97,0
DA:98,0
DA:99,0
DA:100,0
DA:101,0
DA:105,0
DA:109,0
DA:128,0
DA:129,0
DA:130,0
DA:131,0
DA:132,0
DA:133,0
DA:134,0
DA:137,0
DA:138,0
DA:139,0
DA:141,0
DA:143,0
DA:157,0
DA:158,0
DA:159,0
DA:162,0
DA:163,0
DA:177,0
DA:178,0
DA:179,0
DA:180,0
DA:183,0
DA:184,0
DA:190,0
DA:202,0
DA:203,0
DA:204,0
DA:207,0
DA:209,0
DA:211,0
DA:212,0
DA:214,0
DA:216,0
DA:217,0
DA:218,0
DA:219,0
DA:220,0
DA:223,0
DA:225,0
DA:228,0
DA:231,0
DA:238,0
DA:239,0
DA:240,0
DA:254,0
DA:268,0
DA:274,0
DA:284,0
DA:286,0
DA:287,0
DA:288,0
DA:306,0
DA:307,0
DA:308,0
DA:309,0
DA:316,0
DA:324,0
DA:325,0
DA:326,0
DA:330,0
DA:340,0
DA:350,0
DA:363,0
DA:364,0
DA:374,0
DA:375,0
DA:376,0
DA:389,0
DA:390,0
DA:391,0
DA:392,0
DA:393,0
DA:395,0
DA:402,0
DA:403,0
DA:404,0
DA:405,0
DA:406,0
DA:419,0
DA:432,0
DA:435,0
DA:437,0
DA:440,0
DA:442,0
DA:446,0
DA:448,0
DA:458,0
DA:459,0
DA:460,0
DA:461,0
DA:463,0
DA:474,0
DA:475,0
DA:476,0
DA:477,0
DA:478,0
DA:479,0
DA:480,0
DA:481,0
DA:482,0
DA:483,0
DA:484,0
DA:486,0
DA:491,0
DA:493,0
DA:494,0
DA:499,0
DA:501,0
DA:504,0
DA:513,0
DA:514,0
DA:515,0
DA:524,0
DA:532,0
DA:541,0
DA:554,0
DA:555,0
DA:556,0
DA:557,0
DA:558,0
DA:559,0
DA:560,0
DA:563,0
DA:564,0
DA:565,0
DA:568,0
DA:571,0
DA:573,0
DA:574,0
DA:575,0
DA:582,0
DA:583,0
DA:585,0
DA:592,0
DA:593,0
DA:594,0
DA:602,0
DA:617,0
DA:629,0
DA:630,0
DA:631,0
DA:632,0
DA:633,0
DA:635,0
DA:636,0
DA:638,0
DA:639,0
DA:642,0
DA:643,0
DA:644,0
DA:646,0
DA:649,0
DA:650,0
DA:661,0
DA:662,0
DA:663,0
DA:664,0
DA:674,0
DA:683,0
DA:693,0
DA:694,0
DA:695,0
DA:704,0
DA:723,0
DA:724,0
DA:725,0
DA:726,0
DA:727,0
DA:729,0
DA:734,0
DA:735,0
DA:737,0
DA:756,0
DA:757,0
DA:758,0
DA:759,0
DA:762,0
DA:763,0
DA:764,0
DA:765,0
DA:766,0
DA:768,0
DA:771,0
DA:772,0
DA:801,0
DA:802,0
DA:803,0
DA:809,0
DA:810,0
DA:814,0
DA:816,0
DA:836,0
DA:837,0
DA:838,0
DA:848,0
DA:861,0
DA:864,0
DA:865,0
DA:866,0
DA:868,0
DA:871,0
DA:874,0
DA:877,0
DA:878,0
DA:879,0
DA:881,0
DA:884,0
DA:887,0
DA:891,0
DA:892,0
DA:893,0
DA:895,0
DA:898,0
DA:908,0
DA:927,0
DA:928,0
DA:929,0
DA:930,0
DA:931,0
DA:932,0
DA:933,0
DA:934,0
DA:935,0
DA:942,0
DA:943,0
DA:945,0
DA:946,0
DA:947,0
DA:971,0
DA:972,0
DA:973,0
DA:974,0
DA:975,0
DA:976,0
DA:977,0
DA:978,0
DA:979,0
DA:987,0
DA:988,0
DA:989,0
DA:991,0
DA:992,0
DA:1001,0
DA:1011,0
DA:1013,0
DA:1014,0
DA:1015,0
DA:1041,0
DA:1042,0
DA:1043,0
DA:1046,0
DA:1047,0
DA:1053,0
DA:1056,0
DA:1057,0
DA:1058,0
DA:1061,0
DA:1065,0
DA:1066,0
DA:1067,0
DA:1070,0
DA:1074,0
DA:1086,0
DA:1087,0
DA:1088,0
DA:1094,0
DA:1095,0
DA:1101,0
DA:1104,0
DA:1105,0
DA:1114,0
DA:1116,0
DA:1138,0
DA:1139,0
DA:1141,0
DA:1142,0
DA:1145,0
DA:1155,0
DA:1156,0
DA:1157,0
DA:1158,0
DA:1161,0
DA:1162,0
DA:1163,0
DA:1168,0
DA:1169,0
DA:1171,0
DA:1172,0
DA:1177,0
DA:1178,0
DA:1180,0
DA:1183,0
DA:1185,0
DA:1191,0
DA:1200,0
DA:1202,0
DA:1206,0
DA:1207,0
DA:1226,0
DA:1227,0
DA:1229,0
DA:1230,0
DA:1231,0
DA:1233,0
DA:1234,0
DA:1235,0
DA:1236,0
DA:1237,0
DA:1241,0
DA:1242,0
DA:1243,0
DA:1251,0
DA:1256,0
DA:1258,0
DA:1266,0
DA:1267,0
DA:1268,0
DA:1273,0
DA:1274,0
DA:1275,0
DA:1280,0
DA:1282,0
DA:1291,0
DA:1292,0
DA:1293,0
DA:1294,0
DA:1296,0
DA:1305,0
DA:1321,0
DA:1322,0
DA:1330,0
DA:1331,0
DA:1344,0
DA:1354,0
DA:1355,0
DA:1356,0
DA:1364,0
DA:1365,0
DA:1366,0
DA:1380,0
DA:1381,0
DA:1382,0
DA:1395,0
LF:352
LH:0
BRDA:105,1,0,0
BRDA:105,1,1,0
BRDA:109,2,0,0
BRDA:109,2,1,0
BRDA:110,3,0,0
BRDA:110,3,1,0
BRDA:127,4,0,0
BRDA:127,4,1,0
BRDA:131,5,0,0
BRDA:131,5,1,0
BRDA:132,6,0,0
BRDA:132,6,1,0
BRDA:137,7,0,0
BRDA:137,7,1,0
BRDA:154,8,0,0
BRDA:154,8,1,0
BRDA:154,9,0,0
BRDA:154,9,1,0
BRDA:174,10,0,0
BRDA:174,10,1,0
BRDA:174,11,0,0
BRDA:174,11,1,0
BRDA:201,12,0,0
BRDA:201,12,1,0
BRDA:207,13,0,0
BRDA:207,13,1,0
BRDA:216,14,0,0
BRDA:216,14,1,0
BRDA:284,15,0,0
BRDA:284,15,1,0
BRDA:284,16,0,0
BRDA:284,16,1,0
BRDA:286,17,0,0
BRDA:286,17,1,0
BRDA:325,18,0,0
BRDA:325,18,1,0
BRDA:363,19,0,0
BRDA:363,19,1,0
BRDA:373,20,0,0
BRDA:373,20,1,0
BRDA:391,21,0,0
BRDA:391,21,1,0
BRDA:432,22,0,0
BRDA:432,22,1,0
BRDA:437,23,0,0
BRDA:437,23,1,0
BRDA:442,24,0,0
BRDA:442,24,1,0
BRDA:459,25,0,0
BRDA:459,25,1,0
BRDA:478,26,0,0
BRDA:478,26,1,0
BRDA:482,27,0,0
BRDA:482,27,1,0
BRDA:483,28,0,0
BRDA:483,28,1,0
BRDA:493,29,0,0
BRDA:493,29,1,0
BRDA:524,30,0,0
BRDA:524,30,1,0
BRDA:532,31,0,0
BRDA:532,31,1,0
BRDA:541,32,0,0
BRDA:541,32,1,0
BRDA:555,33,0,0
BRDA:555,33,1,0
BRDA:557,34,0,0
BRDA:557,34,1,0
BRDA:563,35,0,0
BRDA:563,35,1,0
BRDA:568,36,0,0
BRDA:568,36,1,0
BRDA:571,37,0,0
BRDA:571,37,1,0
BRDA:573,38,0,0
BRDA:573,38,1,0
BRDA:580,39,0,0
BRDA:580,39,1,0
BRDA:582,40,0,0
BRDA:582,40,1,0
BRDA:590,41,0,0
BRDA:590,41,1,0
BRDA:592,42,0,0
BRDA:592,42,1,0
BRDA:635,43,0,0
BRDA:635,43,1,0
BRDA:638,44,0,0
BRDA:638,44,1,0
BRDA:642,45,0,0
BRDA:642,45,1,0
BRDA:643,46,0,0
BRDA:643,46,1,0
BRDA:663,47,0,0
BRDA:663,47,1,0
BRDA:673,48,0,0
BRDA:673,48,1,0
BRDA:694,49,0,0
BRDA:694,49,1,0
BRDA:762,50,0,0
BRDA:762,50,1,0
BRDA:836,51,0,0
BRDA:836,51,1,0
BRDA:837,52,0,0
BRDA:837,52,1,0
BRDA:861,53,0,0
BRDA:861,53,1,0
BRDA:864,54,0,0
BRDA:864,54,1,0
BRDA:865,55,0,0
BRDA:865,55,1,0
BRDA:874,56,0,0
BRDA:874,56,1,0
BRDA:877,57,0,0
BRDA:877,57,1,0
BRDA:878,58,0,0
BRDA:878,58,1,0
BRDA:887,59,0,0
BRDA:887,59,1,0
BRDA:891,60,0,0
BRDA:891,60,1,0
BRDA:892,61,0,0
BRDA:892,61,1,0
BRDA:934,62,0,0
BRDA:934,62,1,0
BRDA:942,63,0,0
BRDA:942,63,1,0
BRDA:945,64,0,0
BRDA:945,64,1,0
BRDA:946,65,0,0
BRDA:946,65,1,0
BRDA:987,66,0,0
BRDA:987,66,1,0
BRDA:988,67,0,0
BRDA:988,67,1,0
BRDA:991,68,0,0
BRDA:991,68,1,0
BRDA:1013,69,0,0
BRDA:1013,69,1,0
BRDA:1014,70,0,0
BRDA:1014,70,1,0
BRDA:1041,71,0,0
BRDA:1041,71,1,0
BRDA:1041,72,0,0
BRDA:1041,72,1,0
BRDA:1043,73,0,0
BRDA:1043,73,1,0
BRDA:1046,74,0,0
BRDA:1046,74,1,0
BRDA:1053,75,0,0
BRDA:1053,75,1,0
BRDA:1057,76,0,0
BRDA:1057,76,1,0
BRDA:1061,77,0,0
BRDA:1061,77,1,0
BRDA:1066,78,0,0
BRDA:1066,78,1,0
BRDA:1104,79,0,0
BRDA:1104,79,1,0
BRDA:1113,80,0,0
BRDA:1113,80,1,0
BRDA:1141,81,0,0
BRDA:1141,81,1,0
BRDA:1162,82,0,0
BRDA:1162,82,1,0
BRDA:1171,83,0,0
BRDA:1171,83,1,0
BRDA:1172,84,0,0
BRDA:1172,84,1,0
BRDA:1199,85,0,0
BRDA:1199,85,1,0
BRDA:1200,86,0,0
BRDA:1200,86,1,0
BRDA:1205,87,0,0
BRDA:1205,87,1,0
BRDA:1206,88,0,0
BRDA:1206,88,1,0
BRDA:1229,89,0,0
BRDA:1229,89,1,0
BRDA:1237,90,0,0
BRDA:1237,90,1,0
BRDA:1242,91,0,0
BRDA:1242,91,1,0
BRDA:1275,92,0,0
BRDA:1275,92,1,0
BRDA:1276,93,0,0
BRDA:1276,93,1,0
BRDA:1293,94,0,0
BRDA:1293,94,1,0
BRDA:1380,95,0,0
BRDA:1380,95,1,0
BRF:190
BRH:0
end_of_record
TN:
SF:C:\Users\Rakhi\EthStageOptimized\contracts\mockcontracts\OneInch.sol
FN:34,constructor
FN:38,swapTokensOneInchV6
FN:71,
FNF:3
FNH:0
FNDA:0,constructor
FNDA:0,swapTokensOneInchV6
FNDA:0,
DA:35,0
DA:36,0
DA:43,0
DA:45,0
DA:46,0
DA:48,0
DA:49,0
DA:52,0
DA:54,0
DA:55,0
DA:61,0
DA:62,0
DA:65,0
DA:66,0
DA:68,0
LF:15
LH:0
BRDA:35,1,0,0
BRDA:35,1,1,0
BRDA:43,2,0,0
BRDA:43,2,1,0
BRDA:45,3,0,0
BRDA:45,3,1,0
BRDA:54,4,0,0
BRDA:54,4,1,0
BRDA:61,5,0,0
BRDA:61,5,1,0
BRDA:65,6,0,0
BRDA:65,6,1,0
BRF:12
BRH:0
end_of_record
TN:
SF:C:\Users\Rakhi\EthStageOptimized\contracts\mockcontracts\TestToken.sol
FN:9,constructor
FN:12,mint
FNF:2
FNH:2
FNDA:1,constructor
FNDA:1,mint
DA:13,1
LF:1
LH:1
BRF:0
BRH:0
end_of_record
